[0.275s] DEBUG:colcon:Command line arguments: ['/usr/bin/colcon', 'build', '--symlink-install']
[0.275s] DEBUG:colcon:Parsed command line arguments: Namespace(log_base=None, log_level=None, verb_name='build', build_base='build', install_base='install', merge_install=False, symlink_install=True, test_result_base=None, continue_on_error=False, executor='parallel', parallel_workers=6, event_handlers=None, ignore_user_meta=False, metas=['./colcon.meta'], base_paths=['.'], packages_ignore=None, packages_ignore_regex=None, paths=None, packages_up_to=None, packages_up_to_regex=None, packages_above=None, packages_above_and_dependencies=None, packages_above_depth=None, packages_select_by_dep=None, packages_skip_by_dep=None, packages_skip_up_to=None, packages_select_build_failed=False, packages_skip_build_finished=False, packages_select_test_failures=False, packages_skip_test_passed=False, packages_select=None, packages_skip=None, packages_select_regex=None, packages_skip_regex=None, packages_start=None, packages_end=None, allow_overriding=[], cmake_args=None, cmake_target=None, cmake_target_skip_unavailable=False, cmake_clean_cache=False, cmake_clean_first=False, cmake_force_configure=False, ament_cmake_args=None, catkin_cmake_args=None, catkin_skip_building_tests=False, mixin_files=None, mixin=None, verb_parser=<colcon_mixin.mixin.mixin_argument.MixinArgumentDecorator object at 0x757393d66530>, verb_extension=<colcon_core.verb.build.BuildVerb object at 0x757393d65b10>, main=<bound method BuildVerb.main of <colcon_core.verb.build.BuildVerb object at 0x757393d65b10>>, mixin_verb=('build',))
[0.668s] Level 1:colcon.colcon_core.package_discovery:discover_packages(colcon_meta) check parameters
[0.668s] Level 1:colcon.colcon_core.package_discovery:discover_packages(recursive) check parameters
[0.668s] Level 1:colcon.colcon_core.package_discovery:discover_packages(ignore) check parameters
[0.668s] Level 1:colcon.colcon_core.package_discovery:discover_packages(path) check parameters
[0.668s] Level 1:colcon.colcon_core.package_discovery:discover_packages(colcon_meta) discover
[0.668s] Level 1:colcon.colcon_core.package_discovery:discover_packages(recursive) discover
[0.668s] INFO:colcon.colcon_core.package_discovery:Crawling recursively for packages in '/home/yehosua/Zayolin-kuekuechti/ros2_ws'
[0.668s] Level 1:colcon.colcon_core.package_identification:_identify(.) by extensions ['ignore', 'ignore_ament_install']
[0.668s] Level 1:colcon.colcon_core.package_identification:_identify(.) by extension 'ignore'
[0.668s] Level 1:colcon.colcon_core.package_identification:_identify(.) by extension 'ignore_ament_install'
[0.668s] Level 1:colcon.colcon_core.package_identification:_identify(.) by extensions ['colcon_pkg']
[0.668s] Level 1:colcon.colcon_core.package_identification:_identify(.) by extension 'colcon_pkg'
[0.668s] Level 1:colcon.colcon_core.package_identification:_identify(.) by extensions ['colcon_meta']
[0.668s] Level 1:colcon.colcon_core.package_identification:_identify(.) by extension 'colcon_meta'
[0.668s] Level 1:colcon.colcon_core.package_identification:_identify(.) by extensions ['ros']
[0.668s] Level 1:colcon.colcon_core.package_identification:_identify(.) by extension 'ros'
[0.702s] Level 1:colcon.colcon_core.package_identification:_identify(.) by extensions ['cmake', 'python']
[0.703s] Level 1:colcon.colcon_core.package_identification:_identify(.) by extension 'cmake'
[0.703s] Level 1:colcon.colcon_core.package_identification:_identify(.) by extension 'python'
[0.703s] Level 1:colcon.colcon_core.package_identification:_identify(.) by extensions ['python_setup_py']
[0.703s] Level 1:colcon.colcon_core.package_identification:_identify(.) by extension 'python_setup_py'
[0.703s] Level 1:colcon.colcon_core.package_identification:_identify(build) by extensions ['ignore', 'ignore_ament_install']
[0.703s] Level 1:colcon.colcon_core.package_identification:_identify(build) by extension 'ignore'
[0.703s] Level 1:colcon.colcon_core.package_identification:_identify(build) ignored
[0.703s] Level 1:colcon.colcon_core.package_identification:_identify(cache) by extensions ['ignore', 'ignore_ament_install']
[0.703s] Level 1:colcon.colcon_core.package_identification:_identify(cache) by extension 'ignore'
[0.703s] Level 1:colcon.colcon_core.package_identification:_identify(cache) by extension 'ignore_ament_install'
[0.703s] Level 1:colcon.colcon_core.package_identification:_identify(cache) by extensions ['colcon_pkg']
[0.703s] Level 1:colcon.colcon_core.package_identification:_identify(cache) by extension 'colcon_pkg'
[0.703s] Level 1:colcon.colcon_core.package_identification:_identify(cache) by extensions ['colcon_meta']
[0.703s] Level 1:colcon.colcon_core.package_identification:_identify(cache) by extension 'colcon_meta'
[0.703s] Level 1:colcon.colcon_core.package_identification:_identify(cache) by extensions ['ros']
[0.703s] Level 1:colcon.colcon_core.package_identification:_identify(cache) by extension 'ros'
[0.703s] Level 1:colcon.colcon_core.package_identification:_identify(cache) by extensions ['cmake', 'python']
[0.703s] Level 1:colcon.colcon_core.package_identification:_identify(cache) by extension 'cmake'
[0.704s] Level 1:colcon.colcon_core.package_identification:_identify(cache) by extension 'python'
[0.704s] Level 1:colcon.colcon_core.package_identification:_identify(cache) by extensions ['python_setup_py']
[0.704s] Level 1:colcon.colcon_core.package_identification:_identify(cache) by extension 'python_setup_py'
[0.704s] Level 1:colcon.colcon_core.package_identification:_identify(install) by extensions ['ignore', 'ignore_ament_install']
[0.704s] Level 1:colcon.colcon_core.package_identification:_identify(install) by extension 'ignore'
[0.704s] Level 1:colcon.colcon_core.package_identification:_identify(install) ignored
[0.704s] Level 1:colcon.colcon_core.package_identification:_identify(log) by extensions ['ignore', 'ignore_ament_install']
[0.704s] Level 1:colcon.colcon_core.package_identification:_identify(log) by extension 'ignore'
[0.704s] Level 1:colcon.colcon_core.package_identification:_identify(log) ignored
[0.704s] Level 1:colcon.colcon_core.package_identification:_identify(src) by extensions ['ignore', 'ignore_ament_install']
[0.704s] Level 1:colcon.colcon_core.package_identification:_identify(src) by extension 'ignore'
[0.704s] Level 1:colcon.colcon_core.package_identification:_identify(src) by extension 'ignore_ament_install'
[0.704s] Level 1:colcon.colcon_core.package_identification:_identify(src) by extensions ['colcon_pkg']
[0.704s] Level 1:colcon.colcon_core.package_identification:_identify(src) by extension 'colcon_pkg'
[0.704s] Level 1:colcon.colcon_core.package_identification:_identify(src) by extensions ['colcon_meta']
[0.704s] Level 1:colcon.colcon_core.package_identification:_identify(src) by extension 'colcon_meta'
[0.704s] Level 1:colcon.colcon_core.package_identification:_identify(src) by extensions ['ros']
[0.704s] Level 1:colcon.colcon_core.package_identification:_identify(src) by extension 'ros'
[0.704s] Level 1:colcon.colcon_core.package_identification:_identify(src) by extensions ['cmake', 'python']
[0.705s] Level 1:colcon.colcon_core.package_identification:_identify(src) by extension 'cmake'
[0.705s] Level 1:colcon.colcon_core.package_identification:_identify(src) by extension 'python'
[0.705s] Level 1:colcon.colcon_core.package_identification:_identify(src) by extensions ['python_setup_py']
[0.705s] Level 1:colcon.colcon_core.package_identification:_identify(src) by extension 'python_setup_py'
[0.705s] Level 1:colcon.colcon_core.package_identification:_identify(src/flie) by extensions ['ignore', 'ignore_ament_install']
[0.705s] Level 1:colcon.colcon_core.package_identification:_identify(src/flie) by extension 'ignore'
[0.705s] Level 1:colcon.colcon_core.package_identification:_identify(src/flie) by extension 'ignore_ament_install'
[0.705s] Level 1:colcon.colcon_core.package_identification:_identify(src/flie) by extensions ['colcon_pkg']
[0.705s] Level 1:colcon.colcon_core.package_identification:_identify(src/flie) by extension 'colcon_pkg'
[0.705s] Level 1:colcon.colcon_core.package_identification:_identify(src/flie) by extensions ['colcon_meta']
[0.705s] Level 1:colcon.colcon_core.package_identification:_identify(src/flie) by extension 'colcon_meta'
[0.705s] Level 1:colcon.colcon_core.package_identification:_identify(src/flie) by extensions ['ros']
[0.705s] Level 1:colcon.colcon_core.package_identification:_identify(src/flie) by extension 'ros'
[0.712s] DEBUG:colcon.colcon_core.package_identification:Package 'src/flie' with type 'ros.ament_python' and name 'flie'
[0.713s] Level 1:colcon.colcon_core.package_identification:_identify(src/vision) by extensions ['ignore', 'ignore_ament_install']
[0.713s] Level 1:colcon.colcon_core.package_identification:_identify(src/vision) by extension 'ignore'
[0.713s] Level 1:colcon.colcon_core.package_identification:_identify(src/vision) by extension 'ignore_ament_install'
[0.713s] Level 1:colcon.colcon_core.package_identification:_identify(src/vision) by extensions ['colcon_pkg']
[0.713s] Level 1:colcon.colcon_core.package_identification:_identify(src/vision) by extension 'colcon_pkg'
[0.713s] Level 1:colcon.colcon_core.package_identification:_identify(src/vision) by extensions ['colcon_meta']
[0.713s] Level 1:colcon.colcon_core.package_identification:_identify(src/vision) by extension 'colcon_meta'
[0.713s] Level 1:colcon.colcon_core.package_identification:_identify(src/vision) by extensions ['ros']
[0.713s] Level 1:colcon.colcon_core.package_identification:_identify(src/vision) by extension 'ros'
[0.714s] DEBUG:colcon.colcon_core.package_identification:Package 'src/vision' with type 'ros.ament_python' and name 'vision'
[0.714s] Level 1:colcon.colcon_core.package_identification:_identify(weights) by extensions ['ignore', 'ignore_ament_install']
[0.714s] Level 1:colcon.colcon_core.package_identification:_identify(weights) by extension 'ignore'
[0.714s] Level 1:colcon.colcon_core.package_identification:_identify(weights) by extension 'ignore_ament_install'
[0.714s] Level 1:colcon.colcon_core.package_identification:_identify(weights) by extensions ['colcon_pkg']
[0.714s] Level 1:colcon.colcon_core.package_identification:_identify(weights) by extension 'colcon_pkg'
[0.714s] Level 1:colcon.colcon_core.package_identification:_identify(weights) by extensions ['colcon_meta']
[0.714s] Level 1:colcon.colcon_core.package_identification:_identify(weights) by extension 'colcon_meta'
[0.714s] Level 1:colcon.colcon_core.package_identification:_identify(weights) by extensions ['ros']
[0.714s] Level 1:colcon.colcon_core.package_identification:_identify(weights) by extension 'ros'
[0.715s] Level 1:colcon.colcon_core.package_identification:_identify(weights) by extensions ['cmake', 'python']
[0.715s] Level 1:colcon.colcon_core.package_identification:_identify(weights) by extension 'cmake'
[0.715s] Level 1:colcon.colcon_core.package_identification:_identify(weights) by extension 'python'
[0.715s] Level 1:colcon.colcon_core.package_identification:_identify(weights) by extensions ['python_setup_py']
[0.715s] Level 1:colcon.colcon_core.package_identification:_identify(weights) by extension 'python_setup_py'
[0.715s] Level 1:colcon.colcon_core.package_identification:_identify(weights/Landing_Train) by extensions ['ignore', 'ignore_ament_install']
[0.715s] Level 1:colcon.colcon_core.package_identification:_identify(weights/Landing_Train) by extension 'ignore'
[0.715s] Level 1:colcon.colcon_core.package_identification:_identify(weights/Landing_Train) by extension 'ignore_ament_install'
[0.715s] Level 1:colcon.colcon_core.package_identification:_identify(weights/Landing_Train) by extensions ['colcon_pkg']
[0.715s] Level 1:colcon.colcon_core.package_identification:_identify(weights/Landing_Train) by extension 'colcon_pkg'
[0.715s] Level 1:colcon.colcon_core.package_identification:_identify(weights/Landing_Train) by extensions ['colcon_meta']
[0.715s] Level 1:colcon.colcon_core.package_identification:_identify(weights/Landing_Train) by extension 'colcon_meta'
[0.715s] Level 1:colcon.colcon_core.package_identification:_identify(weights/Landing_Train) by extensions ['ros']
[0.715s] Level 1:colcon.colcon_core.package_identification:_identify(weights/Landing_Train) by extension 'ros'
[0.715s] Level 1:colcon.colcon_core.package_identification:_identify(weights/Landing_Train) by extensions ['cmake', 'python']
[0.715s] Level 1:colcon.colcon_core.package_identification:_identify(weights/Landing_Train) by extension 'cmake'
[0.715s] Level 1:colcon.colcon_core.package_identification:_identify(weights/Landing_Train) by extension 'python'
[0.715s] Level 1:colcon.colcon_core.package_identification:_identify(weights/Landing_Train) by extensions ['python_setup_py']
[0.715s] Level 1:colcon.colcon_core.package_identification:_identify(weights/Landing_Train) by extension 'python_setup_py'
[0.715s] Level 1:colcon.colcon_core.package_identification:_identify(weights/red_Train) by extensions ['ignore', 'ignore_ament_install']
[0.715s] Level 1:colcon.colcon_core.package_identification:_identify(weights/red_Train) by extension 'ignore'
[0.715s] Level 1:colcon.colcon_core.package_identification:_identify(weights/red_Train) by extension 'ignore_ament_install'
[0.716s] Level 1:colcon.colcon_core.package_identification:_identify(weights/red_Train) by extensions ['colcon_pkg']
[0.716s] Level 1:colcon.colcon_core.package_identification:_identify(weights/red_Train) by extension 'colcon_pkg'
[0.716s] Level 1:colcon.colcon_core.package_identification:_identify(weights/red_Train) by extensions ['colcon_meta']
[0.716s] Level 1:colcon.colcon_core.package_identification:_identify(weights/red_Train) by extension 'colcon_meta'
[0.716s] Level 1:colcon.colcon_core.package_identification:_identify(weights/red_Train) by extensions ['ros']
[0.716s] Level 1:colcon.colcon_core.package_identification:_identify(weights/red_Train) by extension 'ros'
[0.716s] Level 1:colcon.colcon_core.package_identification:_identify(weights/red_Train) by extensions ['cmake', 'python']
[0.716s] Level 1:colcon.colcon_core.package_identification:_identify(weights/red_Train) by extension 'cmake'
[0.716s] Level 1:colcon.colcon_core.package_identification:_identify(weights/red_Train) by extension 'python'
[0.716s] Level 1:colcon.colcon_core.package_identification:_identify(weights/red_Train) by extensions ['python_setup_py']
[0.716s] Level 1:colcon.colcon_core.package_identification:_identify(weights/red_Train) by extension 'python_setup_py'
[0.716s] Level 1:colcon.colcon_core.package_discovery:discover_packages(recursive) using defaults
[0.716s] Level 1:colcon.colcon_core.package_discovery:discover_packages(ignore) discover
[0.716s] Level 1:colcon.colcon_core.package_discovery:discover_packages(ignore) using defaults
[0.716s] Level 1:colcon.colcon_core.package_discovery:discover_packages(path) discover
[0.716s] Level 1:colcon.colcon_core.package_discovery:discover_packages(path) using defaults
[0.746s] Level 1:colcon.colcon_core.package_discovery:discover_packages(prefix_path) check parameters
[0.746s] Level 1:colcon.colcon_core.package_discovery:discover_packages(prefix_path) discover
[0.752s] DEBUG:colcon.colcon_installed_package_information.package_discovery:Found 276 installed packages in /opt/ros/humble
[0.753s] Level 1:colcon.colcon_core.package_discovery:discover_packages(prefix_path) using defaults
[0.788s] Level 5:colcon.colcon_core.verb:set package 'flie' build argument 'cmake_args' from command line to 'None'
[0.788s] Level 5:colcon.colcon_core.verb:set package 'flie' build argument 'cmake_target' from command line to 'None'
[0.788s] Level 5:colcon.colcon_core.verb:set package 'flie' build argument 'cmake_target_skip_unavailable' from command line to 'False'
[0.788s] Level 5:colcon.colcon_core.verb:set package 'flie' build argument 'cmake_clean_cache' from command line to 'False'
[0.788s] Level 5:colcon.colcon_core.verb:set package 'flie' build argument 'cmake_clean_first' from command line to 'False'
[0.788s] Level 5:colcon.colcon_core.verb:set package 'flie' build argument 'cmake_force_configure' from command line to 'False'
[0.788s] Level 5:colcon.colcon_core.verb:set package 'flie' build argument 'ament_cmake_args' from command line to 'None'
[0.788s] Level 5:colcon.colcon_core.verb:set package 'flie' build argument 'catkin_cmake_args' from command line to 'None'
[0.788s] Level 5:colcon.colcon_core.verb:set package 'flie' build argument 'catkin_skip_building_tests' from command line to 'False'
[0.788s] DEBUG:colcon.colcon_core.verb:Building package 'flie' with the following arguments: {'ament_cmake_args': None, 'build_base': '/home/yehosua/Zayolin-kuekuechti/ros2_ws/build/flie', 'catkin_cmake_args': None, 'catkin_skip_building_tests': False, 'cmake_args': None, 'cmake_clean_cache': False, 'cmake_clean_first': False, 'cmake_force_configure': False, 'cmake_target': None, 'cmake_target_skip_unavailable': False, 'install_base': '/home/yehosua/Zayolin-kuekuechti/ros2_ws/install/flie', 'merge_install': False, 'path': '/home/yehosua/Zayolin-kuekuechti/ros2_ws/src/flie', 'symlink_install': True, 'test_result_base': None}
[0.788s] Level 5:colcon.colcon_core.verb:set package 'vision' build argument 'cmake_args' from command line to 'None'
[0.788s] Level 5:colcon.colcon_core.verb:set package 'vision' build argument 'cmake_target' from command line to 'None'
[0.788s] Level 5:colcon.colcon_core.verb:set package 'vision' build argument 'cmake_target_skip_unavailable' from command line to 'False'
[0.788s] Level 5:colcon.colcon_core.verb:set package 'vision' build argument 'cmake_clean_cache' from command line to 'False'
[0.788s] Level 5:colcon.colcon_core.verb:set package 'vision' build argument 'cmake_clean_first' from command line to 'False'
[0.788s] Level 5:colcon.colcon_core.verb:set package 'vision' build argument 'cmake_force_configure' from command line to 'False'
[0.788s] Level 5:colcon.colcon_core.verb:set package 'vision' build argument 'ament_cmake_args' from command line to 'None'
[0.788s] Level 5:colcon.colcon_core.verb:set package 'vision' build argument 'catkin_cmake_args' from command line to 'None'
[0.788s] Level 5:colcon.colcon_core.verb:set package 'vision' build argument 'catkin_skip_building_tests' from command line to 'False'
[0.788s] DEBUG:colcon.colcon_core.verb:Building package 'vision' with the following arguments: {'ament_cmake_args': None, 'build_base': '/home/yehosua/Zayolin-kuekuechti/ros2_ws/build/vision', 'catkin_cmake_args': None, 'catkin_skip_building_tests': False, 'cmake_args': None, 'cmake_clean_cache': False, 'cmake_clean_first': False, 'cmake_force_configure': False, 'cmake_target': None, 'cmake_target_skip_unavailable': False, 'install_base': '/home/yehosua/Zayolin-kuekuechti/ros2_ws/install/vision', 'merge_install': False, 'path': '/home/yehosua/Zayolin-kuekuechti/ros2_ws/src/vision', 'symlink_install': True, 'test_result_base': None}
[0.788s] INFO:colcon.colcon_core.executor:Executing jobs using 'parallel' executor
[0.789s] DEBUG:colcon.colcon_parallel_executor.executor.parallel:run_until_complete
[0.789s] INFO:colcon.colcon_ros.task.ament_python.build:Building ROS package in '/home/yehosua/Zayolin-kuekuechti/ros2_ws/src/flie' with build type 'ament_python'
[0.790s] Level 1:colcon.colcon_core.shell:create_environment_hook('flie', 'ament_prefix_path')
[0.802s] INFO:colcon.colcon_core.plugin_system:Skipping extension 'colcon_core.shell.bat': Not used on non-Windows systems
[0.803s] INFO:colcon.colcon_core.shell:Creating environment hook '/home/yehosua/Zayolin-kuekuechti/ros2_ws/install/flie/share/flie/hook/ament_prefix_path.ps1'
[0.807s] INFO:colcon.colcon_core.shell:Creating environment descriptor '/home/yehosua/Zayolin-kuekuechti/ros2_ws/install/flie/share/flie/hook/ament_prefix_path.dsv'
[0.808s] INFO:colcon.colcon_core.shell:Creating environment hook '/home/yehosua/Zayolin-kuekuechti/ros2_ws/install/flie/share/flie/hook/ament_prefix_path.sh'
[0.809s] INFO:colcon.colcon_core.shell:Skip shell extension 'powershell' for command environment: Not usable outside of PowerShell
[0.809s] DEBUG:colcon.colcon_core.shell:Skip shell extension 'dsv' for command environment
[0.813s] INFO:colcon.colcon_ros.task.ament_python.build:Building ROS package in '/home/yehosua/Zayolin-kuekuechti/ros2_ws/src/vision' with build type 'ament_python'
[0.813s] Level 1:colcon.colcon_core.shell:create_environment_hook('vision', 'ament_prefix_path')
[0.813s] INFO:colcon.colcon_core.shell:Creating environment hook '/home/yehosua/Zayolin-kuekuechti/ros2_ws/install/vision/share/vision/hook/ament_prefix_path.ps1'
[0.816s] INFO:colcon.colcon_core.shell:Creating environment descriptor '/home/yehosua/Zayolin-kuekuechti/ros2_ws/install/vision/share/vision/hook/ament_prefix_path.dsv'
[0.816s] INFO:colcon.colcon_core.shell:Creating environment hook '/home/yehosua/Zayolin-kuekuechti/ros2_ws/install/vision/share/vision/hook/ament_prefix_path.sh'
[0.817s] INFO:colcon.colcon_core.shell:Skip shell extension 'powershell' for command environment: Not usable outside of PowerShell
[0.817s] DEBUG:colcon.colcon_core.shell:Skip shell extension 'dsv' for command environment
[1.070s] INFO:colcon.colcon_core.task.python.build:Building Python package in '/home/yehosua/Zayolin-kuekuechti/ros2_ws/src/flie'
[1.070s] INFO:colcon.colcon_core.shell:Skip shell extension 'powershell' for command environment: Not usable outside of PowerShell
[1.070s] DEBUG:colcon.colcon_core.shell:Skip shell extension 'dsv' for command environment
[1.310s] INFO:colcon.colcon_core.task.python.build:Building Python package in '/home/yehosua/Zayolin-kuekuechti/ros2_ws/src/vision'
[1.310s] INFO:colcon.colcon_core.shell:Skip shell extension 'powershell' for command environment: Not usable outside of PowerShell
[1.310s] DEBUG:colcon.colcon_core.shell:Skip shell extension 'dsv' for command environment
[1.761s] DEBUG:colcon.colcon_core.event_handler.log_command:Invoking command in '/home/yehosua/Zayolin-kuekuechti/ros2_ws/build/flie': PYTHONPATH=/home/yehosua/Zayolin-kuekuechti/ros2_ws/build/flie/prefix_override:/usr/lib/python3/dist-packages/colcon_core/task/python/colcon_distutils_commands:/home/yehosua/Zayolin-kuekuechti/ros2_ws/install/flie/lib/python3.10/site-packages:${PYTHONPATH} /usr/bin/python3 -W ignore:setup.py install is deprecated -W ignore:easy_install command is deprecated setup.py develop --editable --build-directory /home/yehosua/Zayolin-kuekuechti/ros2_ws/build/flie/build --no-deps symlink_data
[1.767s] DEBUG:colcon.colcon_core.event_handler.log_command:Invoking command in '/home/yehosua/Zayolin-kuekuechti/ros2_ws/build/vision': PYTHONPATH=/home/yehosua/Zayolin-kuekuechti/ros2_ws/build/vision/prefix_override:/usr/lib/python3/dist-packages/colcon_core/task/python/colcon_distutils_commands:/home/yehosua/Zayolin-kuekuechti/ros2_ws/install/vision/lib/python3.10/site-packages:${PYTHONPATH} /usr/bin/python3 -W ignore:setup.py install is deprecated -W ignore:easy_install command is deprecated setup.py develop --editable --build-directory /home/yehosua/Zayolin-kuekuechti/ros2_ws/build/vision/build --no-deps symlink_data
[2.229s] Level 1:colcon.colcon_core.shell:create_environment_hook('vision', 'pythonpath_develop')
[2.229s] INFO:colcon.colcon_core.shell:Creating environment hook '/home/yehosua/Zayolin-kuekuechti/ros2_ws/build/vision/share/vision/hook/pythonpath_develop.ps1'
[2.230s] DEBUG:colcon.colcon_core.event_handler.log_command:Invoked command in '/home/yehosua/Zayolin-kuekuechti/ros2_ws/build/vision' returned '0': PYTHONPATH=/home/yehosua/Zayolin-kuekuechti/ros2_ws/build/vision/prefix_override:/usr/lib/python3/dist-packages/colcon_core/task/python/colcon_distutils_commands:/home/yehosua/Zayolin-kuekuechti/ros2_ws/install/vision/lib/python3.10/site-packages:${PYTHONPATH} /usr/bin/python3 -W ignore:setup.py install is deprecated -W ignore:easy_install command is deprecated setup.py develop --editable --build-directory /home/yehosua/Zayolin-kuekuechti/ros2_ws/build/vision/build --no-deps symlink_data
[2.231s] INFO:colcon.colcon_core.shell:Creating environment descriptor '/home/yehosua/Zayolin-kuekuechti/ros2_ws/build/vision/share/vision/hook/pythonpath_develop.dsv'
[2.232s] INFO:colcon.colcon_core.shell:Creating environment hook '/home/yehosua/Zayolin-kuekuechti/ros2_ws/build/vision/share/vision/hook/pythonpath_develop.sh'
[2.243s] Level 1:colcon.colcon_core.environment:checking '/home/yehosua/Zayolin-kuekuechti/ros2_ws/install/vision' for CMake module files
[2.243s] Level 1:colcon.colcon_core.environment:checking '/home/yehosua/Zayolin-kuekuechti/ros2_ws/install/vision' for CMake config files
[2.246s] Level 1:colcon.colcon_core.environment:checking '/home/yehosua/Zayolin-kuekuechti/ros2_ws/install/vision/lib'
[2.246s] Level 1:colcon.colcon_core.environment:checking '/home/yehosua/Zayolin-kuekuechti/ros2_ws/install/vision/bin'
[2.246s] Level 1:colcon.colcon_core.environment:checking '/home/yehosua/Zayolin-kuekuechti/ros2_ws/install/vision/lib/pkgconfig/vision.pc'
[2.246s] Level 1:colcon.colcon_core.environment:checking '/home/yehosua/Zayolin-kuekuechti/ros2_ws/install/vision/lib/python3.10/site-packages'
[2.246s] Level 1:colcon.colcon_core.shell:create_environment_hook('vision', 'pythonpath')
[2.246s] INFO:colcon.colcon_core.shell:Creating environment hook '/home/yehosua/Zayolin-kuekuechti/ros2_ws/install/vision/share/vision/hook/pythonpath.ps1'
[2.247s] INFO:colcon.colcon_core.shell:Creating environment descriptor '/home/yehosua/Zayolin-kuekuechti/ros2_ws/install/vision/share/vision/hook/pythonpath.dsv'
[2.247s] INFO:colcon.colcon_core.shell:Creating environment hook '/home/yehosua/Zayolin-kuekuechti/ros2_ws/install/vision/share/vision/hook/pythonpath.sh'
[2.248s] Level 1:colcon.colcon_core.environment:checking '/home/yehosua/Zayolin-kuekuechti/ros2_ws/install/vision/bin'
[2.248s] Level 1:colcon.colcon_core.environment:create_environment_scripts_only(vision)
[2.248s] INFO:colcon.colcon_core.shell:Creating package script '/home/yehosua/Zayolin-kuekuechti/ros2_ws/install/vision/share/vision/package.ps1'
[2.250s] INFO:colcon.colcon_core.shell:Creating package descriptor '/home/yehosua/Zayolin-kuekuechti/ros2_ws/install/vision/share/vision/package.dsv'
[2.250s] INFO:colcon.colcon_core.shell:Creating package script '/home/yehosua/Zayolin-kuekuechti/ros2_ws/install/vision/share/vision/package.sh'
[2.251s] INFO:colcon.colcon_core.shell:Creating package script '/home/yehosua/Zayolin-kuekuechti/ros2_ws/install/vision/share/vision/package.bash'
[2.253s] INFO:colcon.colcon_core.shell:Creating package script '/home/yehosua/Zayolin-kuekuechti/ros2_ws/install/vision/share/vision/package.zsh'
[2.255s] Level 1:colcon.colcon_core.environment:create_file_with_runtime_dependencies(/home/yehosua/Zayolin-kuekuechti/ros2_ws/install/vision/share/colcon-core/packages/vision)
[2.255s] Level 1:colcon.colcon_core.shell:create_environment_hook('flie', 'pythonpath_develop')
[2.255s] INFO:colcon.colcon_core.shell:Creating environment hook '/home/yehosua/Zayolin-kuekuechti/ros2_ws/build/flie/share/flie/hook/pythonpath_develop.ps1'
[2.256s] DEBUG:colcon.colcon_core.event_handler.log_command:Invoked command in '/home/yehosua/Zayolin-kuekuechti/ros2_ws/build/flie' returned '0': PYTHONPATH=/home/yehosua/Zayolin-kuekuechti/ros2_ws/build/flie/prefix_override:/usr/lib/python3/dist-packages/colcon_core/task/python/colcon_distutils_commands:/home/yehosua/Zayolin-kuekuechti/ros2_ws/install/flie/lib/python3.10/site-packages:${PYTHONPATH} /usr/bin/python3 -W ignore:setup.py install is deprecated -W ignore:easy_install command is deprecated setup.py develop --editable --build-directory /home/yehosua/Zayolin-kuekuechti/ros2_ws/build/flie/build --no-deps symlink_data
[2.257s] INFO:colcon.colcon_core.shell:Creating environment descriptor '/home/yehosua/Zayolin-kuekuechti/ros2_ws/build/flie/share/flie/hook/pythonpath_develop.dsv'
[2.257s] INFO:colcon.colcon_core.shell:Creating environment hook '/home/yehosua/Zayolin-kuekuechti/ros2_ws/build/flie/share/flie/hook/pythonpath_develop.sh'
[2.258s] Level 1:colcon.colcon_core.environment:checking '/home/yehosua/Zayolin-kuekuechti/ros2_ws/install/flie' for CMake module files
[2.258s] Level 1:colcon.colcon_core.environment:checking '/home/yehosua/Zayolin-kuekuechti/ros2_ws/install/flie' for CMake config files
[2.262s] Level 1:colcon.colcon_core.environment:checking '/home/yehosua/Zayolin-kuekuechti/ros2_ws/install/flie/lib'
[2.262s] Level 1:colcon.colcon_core.environment:checking '/home/yehosua/Zayolin-kuekuechti/ros2_ws/install/flie/bin'
[2.262s] Level 1:colcon.colcon_core.environment:checking '/home/yehosua/Zayolin-kuekuechti/ros2_ws/install/flie/lib/pkgconfig/flie.pc'
[2.262s] Level 1:colcon.colcon_core.environment:checking '/home/yehosua/Zayolin-kuekuechti/ros2_ws/install/flie/lib/python3.10/site-packages'
[2.262s] Level 1:colcon.colcon_core.shell:create_environment_hook('flie', 'pythonpath')
[2.262s] INFO:colcon.colcon_core.shell:Creating environment hook '/home/yehosua/Zayolin-kuekuechti/ros2_ws/install/flie/share/flie/hook/pythonpath.ps1'
[2.263s] INFO:colcon.colcon_core.shell:Creating environment descriptor '/home/yehosua/Zayolin-kuekuechti/ros2_ws/install/flie/share/flie/hook/pythonpath.dsv'
[2.263s] INFO:colcon.colcon_core.shell:Creating environment hook '/home/yehosua/Zayolin-kuekuechti/ros2_ws/install/flie/share/flie/hook/pythonpath.sh'
[2.264s] Level 1:colcon.colcon_core.environment:checking '/home/yehosua/Zayolin-kuekuechti/ros2_ws/install/flie/bin'
[2.264s] Level 1:colcon.colcon_core.environment:create_environment_scripts_only(flie)
[2.264s] INFO:colcon.colcon_core.shell:Creating package script '/home/yehosua/Zayolin-kuekuechti/ros2_ws/install/flie/share/flie/package.ps1'
[2.265s] INFO:colcon.colcon_core.shell:Creating package descriptor '/home/yehosua/Zayolin-kuekuechti/ros2_ws/install/flie/share/flie/package.dsv'
[2.265s] INFO:colcon.colcon_core.shell:Creating package script '/home/yehosua/Zayolin-kuekuechti/ros2_ws/install/flie/share/flie/package.sh'
[2.265s] INFO:colcon.colcon_core.shell:Creating package script '/home/yehosua/Zayolin-kuekuechti/ros2_ws/install/flie/share/flie/package.bash'
[2.266s] INFO:colcon.colcon_core.shell:Creating package script '/home/yehosua/Zayolin-kuekuechti/ros2_ws/install/flie/share/flie/package.zsh'
[2.266s] Level 1:colcon.colcon_core.environment:create_file_with_runtime_dependencies(/home/yehosua/Zayolin-kuekuechti/ros2_ws/install/flie/share/colcon-core/packages/flie)
[2.266s] DEBUG:colcon.colcon_parallel_executor.executor.parallel:closing loop
[2.266s] DEBUG:colcon.colcon_parallel_executor.executor.parallel:loop closed
[2.266s] DEBUG:colcon.colcon_parallel_executor.executor.parallel:run_until_complete finished with '0'
[2.266s] DEBUG:colcon.colcon_core.event_reactor:joining thread
[2.288s] INFO:colcon.colcon_core.plugin_system:Skipping extension 'colcon_notification.desktop_notification.terminal_notifier': Not used on non-Darwin systems
[2.289s] INFO:colcon.colcon_core.plugin_system:Skipping extension 'colcon_notification.desktop_notification.win32': Not used on non-Windows systems
[2.289s] INFO:colcon.colcon_notification.desktop_notification:Sending desktop notification using 'notify2'
[2.300s] DEBUG:colcon.colcon_core.event_reactor:joined thread
[2.301s] INFO:colcon.colcon_core.shell:Creating prefix script '/home/yehosua/Zayolin-kuekuechti/ros2_ws/install/local_setup.ps1'
[2.302s] INFO:colcon.colcon_core.shell:Creating prefix util module '/home/yehosua/Zayolin-kuekuechti/ros2_ws/install/_local_setup_util_ps1.py'
[2.304s] INFO:colcon.colcon_core.shell:Creating prefix chain script '/home/yehosua/Zayolin-kuekuechti/ros2_ws/install/setup.ps1'
[2.306s] INFO:colcon.colcon_core.shell:Creating prefix script '/home/yehosua/Zayolin-kuekuechti/ros2_ws/install/local_setup.sh'
[2.307s] INFO:colcon.colcon_core.shell:Creating prefix util module '/home/yehosua/Zayolin-kuekuechti/ros2_ws/install/_local_setup_util_sh.py'
[2.307s] INFO:colcon.colcon_core.shell:Creating prefix chain script '/home/yehosua/Zayolin-kuekuechti/ros2_ws/install/setup.sh'
[2.309s] INFO:colcon.colcon_core.shell:Creating prefix script '/home/yehosua/Zayolin-kuekuechti/ros2_ws/install/local_setup.bash'
[2.311s] INFO:colcon.colcon_core.shell:Creating prefix chain script '/home/yehosua/Zayolin-kuekuechti/ros2_ws/install/setup.bash'
[2.312s] INFO:colcon.colcon_core.shell:Creating prefix script '/home/yehosua/Zayolin-kuekuechti/ros2_ws/install/local_setup.zsh'
[2.313s] INFO:colcon.colcon_core.shell:Creating prefix chain script '/home/yehosua/Zayolin-kuekuechti/ros2_ws/install/setup.zsh'
