[1.438s] Invoking command in '/home/yehousa/Zayolin-kuekuechti/ros2_ws/src/vision': PYTHONPATH=/home/yehousa/Zayolin-kuekuechti/ros2_ws/build/vision/prefix_override:/usr/lib/python3/dist-packages/colcon_core/task/python/colcon_distutils_commands:/home/yehousa/Zayolin-kuekuechti/ros2_ws/install/vision/lib/python3.10/site-packages:${PYTHONPATH} /usr/bin/python3 -W ignore:setup.py install is deprecated -W ignore:easy_install command is deprecated setup.py egg_info --egg-base ../../build/vision build --build-base /home/yehousa/Zayolin-kuekuechti/ros2_ws/build/vision/build install --record /home/yehousa/Zayolin-kuekuechti/ros2_ws/build/vision/install.log --single-version-externally-managed install_data
[1.812s] running egg_info
[1.813s] writing ../../build/vision/vision.egg-info/PKG-INFO
[1.814s] writing dependency_links to ../../build/vision/vision.egg-info/dependency_links.txt
[1.814s] writing entry points to ../../build/vision/vision.egg-info/entry_points.txt
[1.814s] writing requirements to ../../build/vision/vision.egg-info/requires.txt
[1.814s] writing top-level names to ../../build/vision/vision.egg-info/top_level.txt
[1.816s] reading manifest file '../../build/vision/vision.egg-info/SOURCES.txt'
[1.817s] writing manifest file '../../build/vision/vision.egg-info/SOURCES.txt'
[1.817s] running build
[1.818s] running build_py
[1.818s] copying vision/object_detector.py -> /home/yehousa/Zayolin-kuekuechti/ros2_ws/build/vision/build/lib/vision
[1.818s] running install
[1.818s] running install_lib
[1.820s] copying /home/yehousa/Zayolin-kuekuechti/ros2_ws/build/vision/build/lib/vision/object_detector.py -> /home/yehousa/Zayolin-kuekuechti/ros2_ws/install/vision/lib/python3.10/site-packages/vision
[1.820s] byte-compiling /home/yehousa/Zayolin-kuekuechti/ros2_ws/install/vision/lib/python3.10/site-packages/vision/object_detector.py to object_detector.cpython-310.pyc
[1.822s] running install_data
[1.822s] running install_egg_info
[1.825s] removing '/home/yehousa/Zayolin-kuekuechti/ros2_ws/install/vision/lib/python3.10/site-packages/vision-0.0.0-py3.10.egg-info' (and everything under it)
[1.826s] Copying ../../build/vision/vision.egg-info to /home/yehousa/Zayolin-kuekuechti/ros2_ws/install/vision/lib/python3.10/site-packages/vision-0.0.0-py3.10.egg-info
[1.827s] running install_scripts
[1.859s] Installing object_detector script to /home/yehousa/Zayolin-kuekuechti/ros2_ws/install/vision/lib/vision
[1.859s] writing list of installed files to '/home/yehousa/Zayolin-kuekuechti/ros2_ws/build/vision/install.log'
[1.896s] Invoked command in '/home/yehousa/Zayolin-kuekuechti/ros2_ws/src/vision' returned '0': PYTHONPATH=/home/yehousa/Zayolin-kuekuechti/ros2_ws/build/vision/prefix_override:/usr/lib/python3/dist-packages/colcon_core/task/python/colcon_distutils_commands:/home/yehousa/Zayolin-kuekuechti/ros2_ws/install/vision/lib/python3.10/site-packages:${PYTHONPATH} /usr/bin/python3 -W ignore:setup.py install is deprecated -W ignore:easy_install command is deprecated setup.py egg_info --egg-base ../../build/vision build --build-base /home/yehousa/Zayolin-kuekuechti/ros2_ws/build/vision/build install --record /home/yehousa/Zayolin-kuekuechti/ros2_ws/build/vision/install.log --single-version-externally-managed install_data
