[0.091s] DEBUG:colcon:Command line arguments: ['/usr/bin/colcon', 'build']
[0.092s] DEBUG:colcon:Parsed command line arguments: Namespace(log_base=None, log_level=None, verb_name='build', build_base='build', install_base='install', merge_install=False, symlink_install=False, test_result_base=None, continue_on_error=False, executor='parallel', parallel_workers=12, event_handlers=None, ignore_user_meta=False, metas=['./colcon.meta'], base_paths=['.'], packages_ignore=None, packages_ignore_regex=None, paths=None, packages_up_to=None, packages_up_to_regex=None, packages_above=None, packages_above_and_dependencies=None, packages_above_depth=None, packages_select_by_dep=None, packages_skip_by_dep=None, packages_skip_up_to=None, packages_select_build_failed=False, packages_skip_build_finished=False, packages_select_test_failures=False, packages_skip_test_passed=False, packages_select=None, packages_skip=None, packages_select_regex=None, packages_skip_regex=None, packages_start=None, packages_end=None, allow_overriding=[], cmake_args=None, cmake_target=None, cmake_target_skip_unavailable=False, cmake_clean_cache=False, cmake_clean_first=False, cmake_force_configure=False, ament_cmake_args=None, catkin_cmake_args=None, catkin_skip_building_tests=False, mixin_files=None, mixin=None, verb_parser=<colcon_mixin.mixin.mixin_argument.MixinArgumentDecorator object at 0x73d57858aa40>, verb_extension=<colcon_core.verb.build.BuildVerb object at 0x73d57858a590>, main=<bound method BuildVerb.main of <colcon_core.verb.build.BuildVerb object at 0x73d57858a590>>, mixin_verb=('build',))
[0.207s] Level 1:colcon.colcon_core.package_discovery:discover_packages(colcon_meta) check parameters
[0.207s] Level 1:colcon.colcon_core.package_discovery:discover_packages(recursive) check parameters
[0.207s] Level 1:colcon.colcon_core.package_discovery:discover_packages(ignore) check parameters
[0.207s] Level 1:colcon.colcon_core.package_discovery:discover_packages(path) check parameters
[0.207s] Level 1:colcon.colcon_core.package_discovery:discover_packages(colcon_meta) discover
[0.207s] Level 1:colcon.colcon_core.package_discovery:discover_packages(recursive) discover
[0.207s] INFO:colcon.colcon_core.package_discovery:Crawling recursively for packages in '/home/yehousa/Zayolin-kuekuechti/ros2_ws'
[0.207s] Level 1:colcon.colcon_core.package_identification:_identify(.) by extensions ['ignore', 'ignore_ament_install']
[0.207s] Level 1:colcon.colcon_core.package_identification:_identify(.) by extension 'ignore'
[0.207s] Level 1:colcon.colcon_core.package_identification:_identify(.) by extension 'ignore_ament_install'
[0.207s] Level 1:colcon.colcon_core.package_identification:_identify(.) by extensions ['colcon_pkg']
[0.207s] Level 1:colcon.colcon_core.package_identification:_identify(.) by extension 'colcon_pkg'
[0.207s] Level 1:colcon.colcon_core.package_identification:_identify(.) by extensions ['colcon_meta']
[0.207s] Level 1:colcon.colcon_core.package_identification:_identify(.) by extension 'colcon_meta'
[0.207s] Level 1:colcon.colcon_core.package_identification:_identify(.) by extensions ['ros']
[0.207s] Level 1:colcon.colcon_core.package_identification:_identify(.) by extension 'ros'
[0.233s] Level 1:colcon.colcon_core.package_identification:_identify(.) by extensions ['cmake', 'python']
[0.233s] Level 1:colcon.colcon_core.package_identification:_identify(.) by extension 'cmake'
[0.233s] Level 1:colcon.colcon_core.package_identification:_identify(.) by extension 'python'
[0.233s] Level 1:colcon.colcon_core.package_identification:_identify(.) by extensions ['python_setup_py']
[0.233s] Level 1:colcon.colcon_core.package_identification:_identify(.) by extension 'python_setup_py'
[0.233s] Level 1:colcon.colcon_core.package_identification:_identify(build) by extensions ['ignore', 'ignore_ament_install']
[0.233s] Level 1:colcon.colcon_core.package_identification:_identify(build) by extension 'ignore'
[0.233s] Level 1:colcon.colcon_core.package_identification:_identify(build) ignored
[0.233s] Level 1:colcon.colcon_core.package_identification:_identify(cache) by extensions ['ignore', 'ignore_ament_install']
[0.233s] Level 1:colcon.colcon_core.package_identification:_identify(cache) by extension 'ignore'
[0.233s] Level 1:colcon.colcon_core.package_identification:_identify(cache) by extension 'ignore_ament_install'
[0.233s] Level 1:colcon.colcon_core.package_identification:_identify(cache) by extensions ['colcon_pkg']
[0.233s] Level 1:colcon.colcon_core.package_identification:_identify(cache) by extension 'colcon_pkg'
[0.234s] Level 1:colcon.colcon_core.package_identification:_identify(cache) by extensions ['colcon_meta']
[0.234s] Level 1:colcon.colcon_core.package_identification:_identify(cache) by extension 'colcon_meta'
[0.234s] Level 1:colcon.colcon_core.package_identification:_identify(cache) by extensions ['ros']
[0.234s] Level 1:colcon.colcon_core.package_identification:_identify(cache) by extension 'ros'
[0.234s] Level 1:colcon.colcon_core.package_identification:_identify(cache) by extensions ['cmake', 'python']
[0.234s] Level 1:colcon.colcon_core.package_identification:_identify(cache) by extension 'cmake'
[0.234s] Level 1:colcon.colcon_core.package_identification:_identify(cache) by extension 'python'
[0.234s] Level 1:colcon.colcon_core.package_identification:_identify(cache) by extensions ['python_setup_py']
[0.234s] Level 1:colcon.colcon_core.package_identification:_identify(cache) by extension 'python_setup_py'
[0.234s] Level 1:colcon.colcon_core.package_identification:_identify(install) by extensions ['ignore', 'ignore_ament_install']
[0.234s] Level 1:colcon.colcon_core.package_identification:_identify(install) by extension 'ignore'
[0.234s] Level 1:colcon.colcon_core.package_identification:_identify(install) ignored
[0.234s] Level 1:colcon.colcon_core.package_identification:_identify(log) by extensions ['ignore', 'ignore_ament_install']
[0.234s] Level 1:colcon.colcon_core.package_identification:_identify(log) by extension 'ignore'
[0.234s] Level 1:colcon.colcon_core.package_identification:_identify(log) ignored
[0.234s] Level 1:colcon.colcon_core.package_identification:_identify(src) by extensions ['ignore', 'ignore_ament_install']
[0.234s] Level 1:colcon.colcon_core.package_identification:_identify(src) by extension 'ignore'
[0.234s] Level 1:colcon.colcon_core.package_identification:_identify(src) by extension 'ignore_ament_install'
[0.234s] Level 1:colcon.colcon_core.package_identification:_identify(src) by extensions ['colcon_pkg']
[0.234s] Level 1:colcon.colcon_core.package_identification:_identify(src) by extension 'colcon_pkg'
[0.234s] Level 1:colcon.colcon_core.package_identification:_identify(src) by extensions ['colcon_meta']
[0.234s] Level 1:colcon.colcon_core.package_identification:_identify(src) by extension 'colcon_meta'
[0.234s] Level 1:colcon.colcon_core.package_identification:_identify(src) by extensions ['ros']
[0.234s] Level 1:colcon.colcon_core.package_identification:_identify(src) by extension 'ros'
[0.234s] Level 1:colcon.colcon_core.package_identification:_identify(src) by extensions ['cmake', 'python']
[0.234s] Level 1:colcon.colcon_core.package_identification:_identify(src) by extension 'cmake'
[0.234s] Level 1:colcon.colcon_core.package_identification:_identify(src) by extension 'python'
[0.234s] Level 1:colcon.colcon_core.package_identification:_identify(src) by extensions ['python_setup_py']
[0.234s] Level 1:colcon.colcon_core.package_identification:_identify(src) by extension 'python_setup_py'
[0.234s] Level 1:colcon.colcon_core.package_identification:_identify(src/flie) by extensions ['ignore', 'ignore_ament_install']
[0.234s] Level 1:colcon.colcon_core.package_identification:_identify(src/flie) by extension 'ignore'
[0.234s] Level 1:colcon.colcon_core.package_identification:_identify(src/flie) by extension 'ignore_ament_install'
[0.234s] Level 1:colcon.colcon_core.package_identification:_identify(src/flie) by extensions ['colcon_pkg']
[0.234s] Level 1:colcon.colcon_core.package_identification:_identify(src/flie) by extension 'colcon_pkg'
[0.234s] Level 1:colcon.colcon_core.package_identification:_identify(src/flie) by extensions ['colcon_meta']
[0.234s] Level 1:colcon.colcon_core.package_identification:_identify(src/flie) by extension 'colcon_meta'
[0.234s] Level 1:colcon.colcon_core.package_identification:_identify(src/flie) by extensions ['ros']
[0.234s] Level 1:colcon.colcon_core.package_identification:_identify(src/flie) by extension 'ros'
[0.236s] DEBUG:colcon.colcon_core.package_identification:Package 'src/flie' with type 'ros.ament_python' and name 'flie'
[0.236s] Level 1:colcon.colcon_core.package_identification:_identify(src/vision) by extensions ['ignore', 'ignore_ament_install']
[0.236s] Level 1:colcon.colcon_core.package_identification:_identify(src/vision) by extension 'ignore'
[0.236s] Level 1:colcon.colcon_core.package_identification:_identify(src/vision) by extension 'ignore_ament_install'
[0.236s] Level 1:colcon.colcon_core.package_identification:_identify(src/vision) by extensions ['colcon_pkg']
[0.236s] Level 1:colcon.colcon_core.package_identification:_identify(src/vision) by extension 'colcon_pkg'
[0.236s] Level 1:colcon.colcon_core.package_identification:_identify(src/vision) by extensions ['colcon_meta']
[0.236s] Level 1:colcon.colcon_core.package_identification:_identify(src/vision) by extension 'colcon_meta'
[0.236s] Level 1:colcon.colcon_core.package_identification:_identify(src/vision) by extensions ['ros']
[0.236s] Level 1:colcon.colcon_core.package_identification:_identify(src/vision) by extension 'ros'
[0.237s] DEBUG:colcon.colcon_core.package_identification:Package 'src/vision' with type 'ros.ament_python' and name 'vision'
[0.237s] Level 1:colcon.colcon_core.package_identification:_identify(weights) by extensions ['ignore', 'ignore_ament_install']
[0.237s] Level 1:colcon.colcon_core.package_identification:_identify(weights) by extension 'ignore'
[0.237s] Level 1:colcon.colcon_core.package_identification:_identify(weights) by extension 'ignore_ament_install'
[0.237s] Level 1:colcon.colcon_core.package_identification:_identify(weights) by extensions ['colcon_pkg']
[0.237s] Level 1:colcon.colcon_core.package_identification:_identify(weights) by extension 'colcon_pkg'
[0.237s] Level 1:colcon.colcon_core.package_identification:_identify(weights) by extensions ['colcon_meta']
[0.237s] Level 1:colcon.colcon_core.package_identification:_identify(weights) by extension 'colcon_meta'
[0.237s] Level 1:colcon.colcon_core.package_identification:_identify(weights) by extensions ['ros']
[0.237s] Level 1:colcon.colcon_core.package_identification:_identify(weights) by extension 'ros'
[0.237s] Level 1:colcon.colcon_core.package_identification:_identify(weights) by extensions ['cmake', 'python']
[0.237s] Level 1:colcon.colcon_core.package_identification:_identify(weights) by extension 'cmake'
[0.237s] Level 1:colcon.colcon_core.package_identification:_identify(weights) by extension 'python'
[0.237s] Level 1:colcon.colcon_core.package_identification:_identify(weights) by extensions ['python_setup_py']
[0.237s] Level 1:colcon.colcon_core.package_identification:_identify(weights) by extension 'python_setup_py'
[0.237s] Level 1:colcon.colcon_core.package_identification:_identify(weights/Landing_Train) by extensions ['ignore', 'ignore_ament_install']
[0.237s] Level 1:colcon.colcon_core.package_identification:_identify(weights/Landing_Train) by extension 'ignore'
[0.237s] Level 1:colcon.colcon_core.package_identification:_identify(weights/Landing_Train) by extension 'ignore_ament_install'
[0.237s] Level 1:colcon.colcon_core.package_identification:_identify(weights/Landing_Train) by extensions ['colcon_pkg']
[0.237s] Level 1:colcon.colcon_core.package_identification:_identify(weights/Landing_Train) by extension 'colcon_pkg'
[0.237s] Level 1:colcon.colcon_core.package_identification:_identify(weights/Landing_Train) by extensions ['colcon_meta']
[0.237s] Level 1:colcon.colcon_core.package_identification:_identify(weights/Landing_Train) by extension 'colcon_meta'
[0.237s] Level 1:colcon.colcon_core.package_identification:_identify(weights/Landing_Train) by extensions ['ros']
[0.237s] Level 1:colcon.colcon_core.package_identification:_identify(weights/Landing_Train) by extension 'ros'
[0.237s] Level 1:colcon.colcon_core.package_identification:_identify(weights/Landing_Train) by extensions ['cmake', 'python']
[0.237s] Level 1:colcon.colcon_core.package_identification:_identify(weights/Landing_Train) by extension 'cmake'
[0.237s] Level 1:colcon.colcon_core.package_identification:_identify(weights/Landing_Train) by extension 'python'
[0.237s] Level 1:colcon.colcon_core.package_identification:_identify(weights/Landing_Train) by extensions ['python_setup_py']
[0.237s] Level 1:colcon.colcon_core.package_identification:_identify(weights/Landing_Train) by extension 'python_setup_py'
[0.237s] Level 1:colcon.colcon_core.package_discovery:discover_packages(recursive) using defaults
[0.237s] Level 1:colcon.colcon_core.package_discovery:discover_packages(ignore) discover
[0.237s] Level 1:colcon.colcon_core.package_discovery:discover_packages(ignore) using defaults
[0.237s] Level 1:colcon.colcon_core.package_discovery:discover_packages(path) discover
[0.237s] Level 1:colcon.colcon_core.package_discovery:discover_packages(path) using defaults
[0.251s] Level 1:colcon.colcon_core.package_discovery:discover_packages(prefix_path) check parameters
[0.251s] Level 1:colcon.colcon_core.package_discovery:discover_packages(prefix_path) discover
[0.252s] DEBUG:colcon.colcon_installed_package_information.package_discovery:Found 2 installed packages in /home/yehousa/Zayolin-kuekuechti/ros2_ws/install
[0.252s] DEBUG:colcon.colcon_installed_package_information.package_discovery:Found 2 installed packages in /home/yehousa/uavros2_ws/install
[0.253s] DEBUG:colcon.colcon_installed_package_information.package_discovery:Found 29 installed packages in /home/yehousa/ros2_ws/install
[0.254s] DEBUG:colcon.colcon_installed_package_information.package_discovery:Found 430 installed packages in /opt/ros/humble
[0.256s] Level 1:colcon.colcon_core.package_discovery:discover_packages(prefix_path) using defaults
[0.288s] Level 5:colcon.colcon_core.verb:set package 'flie' build argument 'cmake_args' from command line to 'None'
[0.288s] Level 5:colcon.colcon_core.verb:set package 'flie' build argument 'cmake_target' from command line to 'None'
[0.288s] Level 5:colcon.colcon_core.verb:set package 'flie' build argument 'cmake_target_skip_unavailable' from command line to 'False'
[0.288s] Level 5:colcon.colcon_core.verb:set package 'flie' build argument 'cmake_clean_cache' from command line to 'False'
[0.288s] Level 5:colcon.colcon_core.verb:set package 'flie' build argument 'cmake_clean_first' from command line to 'False'
[0.288s] Level 5:colcon.colcon_core.verb:set package 'flie' build argument 'cmake_force_configure' from command line to 'False'
[0.288s] Level 5:colcon.colcon_core.verb:set package 'flie' build argument 'ament_cmake_args' from command line to 'None'
[0.288s] Level 5:colcon.colcon_core.verb:set package 'flie' build argument 'catkin_cmake_args' from command line to 'None'
[0.288s] Level 5:colcon.colcon_core.verb:set package 'flie' build argument 'catkin_skip_building_tests' from command line to 'False'
[0.288s] DEBUG:colcon.colcon_core.verb:Building package 'flie' with the following arguments: {'ament_cmake_args': None, 'build_base': '/home/yehousa/Zayolin-kuekuechti/ros2_ws/build/flie', 'catkin_cmake_args': None, 'catkin_skip_building_tests': False, 'cmake_args': None, 'cmake_clean_cache': False, 'cmake_clean_first': False, 'cmake_force_configure': False, 'cmake_target': None, 'cmake_target_skip_unavailable': False, 'install_base': '/home/yehousa/Zayolin-kuekuechti/ros2_ws/install/flie', 'merge_install': False, 'path': '/home/yehousa/Zayolin-kuekuechti/ros2_ws/src/flie', 'symlink_install': False, 'test_result_base': None}
[0.288s] Level 5:colcon.colcon_core.verb:set package 'vision' build argument 'cmake_args' from command line to 'None'
[0.288s] Level 5:colcon.colcon_core.verb:set package 'vision' build argument 'cmake_target' from command line to 'None'
[0.288s] Level 5:colcon.colcon_core.verb:set package 'vision' build argument 'cmake_target_skip_unavailable' from command line to 'False'
[0.288s] Level 5:colcon.colcon_core.verb:set package 'vision' build argument 'cmake_clean_cache' from command line to 'False'
[0.288s] Level 5:colcon.colcon_core.verb:set package 'vision' build argument 'cmake_clean_first' from command line to 'False'
[0.288s] Level 5:colcon.colcon_core.verb:set package 'vision' build argument 'cmake_force_configure' from command line to 'False'
[0.288s] Level 5:colcon.colcon_core.verb:set package 'vision' build argument 'ament_cmake_args' from command line to 'None'
[0.288s] Level 5:colcon.colcon_core.verb:set package 'vision' build argument 'catkin_cmake_args' from command line to 'None'
[0.288s] Level 5:colcon.colcon_core.verb:set package 'vision' build argument 'catkin_skip_building_tests' from command line to 'False'
[0.288s] DEBUG:colcon.colcon_core.verb:Building package 'vision' with the following arguments: {'ament_cmake_args': None, 'build_base': '/home/yehousa/Zayolin-kuekuechti/ros2_ws/build/vision', 'catkin_cmake_args': None, 'catkin_skip_building_tests': False, 'cmake_args': None, 'cmake_clean_cache': False, 'cmake_clean_first': False, 'cmake_force_configure': False, 'cmake_target': None, 'cmake_target_skip_unavailable': False, 'install_base': '/home/yehousa/Zayolin-kuekuechti/ros2_ws/install/vision', 'merge_install': False, 'path': '/home/yehousa/Zayolin-kuekuechti/ros2_ws/src/vision', 'symlink_install': False, 'test_result_base': None}
[0.288s] INFO:colcon.colcon_core.executor:Executing jobs using 'parallel' executor
[0.289s] DEBUG:colcon.colcon_parallel_executor.executor.parallel:run_until_complete
[0.289s] INFO:colcon.colcon_ros.task.ament_python.build:Building ROS package in '/home/yehousa/Zayolin-kuekuechti/ros2_ws/src/flie' with build type 'ament_python'
[0.289s] Level 1:colcon.colcon_core.shell:create_environment_hook('flie', 'ament_prefix_path')
[0.291s] INFO:colcon.colcon_core.plugin_system:Skipping extension 'colcon_core.shell.bat': Not used on non-Windows systems
[0.291s] INFO:colcon.colcon_core.shell:Creating environment hook '/home/yehousa/Zayolin-kuekuechti/ros2_ws/install/flie/share/flie/hook/ament_prefix_path.ps1'
[0.291s] INFO:colcon.colcon_core.shell:Creating environment descriptor '/home/yehousa/Zayolin-kuekuechti/ros2_ws/install/flie/share/flie/hook/ament_prefix_path.dsv'
[0.292s] INFO:colcon.colcon_core.shell:Creating environment hook '/home/yehousa/Zayolin-kuekuechti/ros2_ws/install/flie/share/flie/hook/ament_prefix_path.sh'
[0.292s] INFO:colcon.colcon_core.shell:Skip shell extension 'powershell' for command environment: Not usable outside of PowerShell
[0.292s] DEBUG:colcon.colcon_core.shell:Skip shell extension 'dsv' for command environment
[0.296s] INFO:colcon.colcon_ros.task.ament_python.build:Building ROS package in '/home/yehousa/Zayolin-kuekuechti/ros2_ws/src/vision' with build type 'ament_python'
[0.296s] Level 1:colcon.colcon_core.shell:create_environment_hook('vision', 'ament_prefix_path')
[0.296s] INFO:colcon.colcon_core.shell:Creating environment hook '/home/yehousa/Zayolin-kuekuechti/ros2_ws/install/vision/share/vision/hook/ament_prefix_path.ps1'
[0.296s] INFO:colcon.colcon_core.shell:Creating environment descriptor '/home/yehousa/Zayolin-kuekuechti/ros2_ws/install/vision/share/vision/hook/ament_prefix_path.dsv'
[0.297s] INFO:colcon.colcon_core.shell:Creating environment hook '/home/yehousa/Zayolin-kuekuechti/ros2_ws/install/vision/share/vision/hook/ament_prefix_path.sh'
[0.297s] INFO:colcon.colcon_core.shell:Skip shell extension 'powershell' for command environment: Not usable outside of PowerShell
[0.297s] DEBUG:colcon.colcon_core.shell:Skip shell extension 'dsv' for command environment
[0.484s] INFO:colcon.colcon_core.task.python.build:Building Python package in '/home/yehousa/Zayolin-kuekuechti/ros2_ws/src/flie'
[0.484s] INFO:colcon.colcon_core.shell:Skip shell extension 'powershell' for command environment: Not usable outside of PowerShell
[0.484s] DEBUG:colcon.colcon_core.shell:Skip shell extension 'dsv' for command environment
[0.671s] INFO:colcon.colcon_core.task.python.build:Building Python package in '/home/yehousa/Zayolin-kuekuechti/ros2_ws/src/vision'
[0.671s] INFO:colcon.colcon_core.shell:Skip shell extension 'powershell' for command environment: Not usable outside of PowerShell
[0.671s] DEBUG:colcon.colcon_core.shell:Skip shell extension 'dsv' for command environment
[0.942s] DEBUG:colcon.colcon_core.event_handler.log_command:Invoking command in '/home/yehousa/Zayolin-kuekuechti/ros2_ws/src/vision': PYTHONPATH=/home/yehousa/Zayolin-kuekuechti/ros2_ws/build/vision/prefix_override:/usr/lib/python3/dist-packages/colcon_core/task/python/colcon_distutils_commands:/home/yehousa/Zayolin-kuekuechti/ros2_ws/install/vision/lib/python3.10/site-packages:${PYTHONPATH} /usr/bin/python3 -W ignore:setup.py install is deprecated -W ignore:easy_install command is deprecated setup.py egg_info --egg-base ../../build/vision build --build-base /home/yehousa/Zayolin-kuekuechti/ros2_ws/build/vision/build install --record /home/yehousa/Zayolin-kuekuechti/ros2_ws/build/vision/install.log --single-version-externally-managed install_data
[0.945s] DEBUG:colcon.colcon_core.event_handler.log_command:Invoking command in '/home/yehousa/Zayolin-kuekuechti/ros2_ws/src/flie': PYTHONPATH=/home/yehousa/Zayolin-kuekuechti/ros2_ws/build/flie/prefix_override:/usr/lib/python3/dist-packages/colcon_core/task/python/colcon_distutils_commands:/home/yehousa/Zayolin-kuekuechti/ros2_ws/install/flie/lib/python3.10/site-packages:${PYTHONPATH} /usr/bin/python3 -W ignore:setup.py install is deprecated -W ignore:easy_install command is deprecated setup.py egg_info --egg-base ../../build/flie build --build-base /home/yehousa/Zayolin-kuekuechti/ros2_ws/build/flie/build install --record /home/yehousa/Zayolin-kuekuechti/ros2_ws/build/flie/install.log --single-version-externally-managed install_data
[1.161s] DEBUG:colcon.colcon_core.event_handler.log_command:Invoked command in '/home/yehousa/Zayolin-kuekuechti/ros2_ws/src/flie' returned '0': PYTHONPATH=/home/yehousa/Zayolin-kuekuechti/ros2_ws/build/flie/prefix_override:/usr/lib/python3/dist-packages/colcon_core/task/python/colcon_distutils_commands:/home/yehousa/Zayolin-kuekuechti/ros2_ws/install/flie/lib/python3.10/site-packages:${PYTHONPATH} /usr/bin/python3 -W ignore:setup.py install is deprecated -W ignore:easy_install command is deprecated setup.py egg_info --egg-base ../../build/flie build --build-base /home/yehousa/Zayolin-kuekuechti/ros2_ws/build/flie/build install --record /home/yehousa/Zayolin-kuekuechti/ros2_ws/build/flie/install.log --single-version-externally-managed install_data
[1.163s] Level 1:colcon.colcon_core.environment:checking '/home/yehousa/Zayolin-kuekuechti/ros2_ws/install/flie' for CMake module files
[1.163s] Level 1:colcon.colcon_core.environment:checking '/home/yehousa/Zayolin-kuekuechti/ros2_ws/install/flie' for CMake config files
[1.164s] Level 1:colcon.colcon_core.environment:checking '/home/yehousa/Zayolin-kuekuechti/ros2_ws/install/flie/lib'
[1.164s] Level 1:colcon.colcon_core.environment:checking '/home/yehousa/Zayolin-kuekuechti/ros2_ws/install/flie/bin'
[1.164s] Level 1:colcon.colcon_core.environment:checking '/home/yehousa/Zayolin-kuekuechti/ros2_ws/install/flie/lib/pkgconfig/flie.pc'
[1.165s] Level 1:colcon.colcon_core.environment:checking '/home/yehousa/Zayolin-kuekuechti/ros2_ws/install/flie/lib/python3.10/site-packages'
[1.165s] Level 1:colcon.colcon_core.shell:create_environment_hook('flie', 'pythonpath')
[1.165s] INFO:colcon.colcon_core.shell:Creating environment hook '/home/yehousa/Zayolin-kuekuechti/ros2_ws/install/flie/share/flie/hook/pythonpath.ps1'
[1.165s] INFO:colcon.colcon_core.shell:Creating environment descriptor '/home/yehousa/Zayolin-kuekuechti/ros2_ws/install/flie/share/flie/hook/pythonpath.dsv'
[1.166s] INFO:colcon.colcon_core.shell:Creating environment hook '/home/yehousa/Zayolin-kuekuechti/ros2_ws/install/flie/share/flie/hook/pythonpath.sh'
[1.166s] Level 1:colcon.colcon_core.environment:checking '/home/yehousa/Zayolin-kuekuechti/ros2_ws/install/flie/bin'
[1.166s] Level 1:colcon.colcon_core.environment:create_environment_scripts_only(flie)
[1.166s] INFO:colcon.colcon_core.shell:Creating package script '/home/yehousa/Zayolin-kuekuechti/ros2_ws/install/flie/share/flie/package.ps1'
[1.167s] INFO:colcon.colcon_core.shell:Creating package descriptor '/home/yehousa/Zayolin-kuekuechti/ros2_ws/install/flie/share/flie/package.dsv'
[1.167s] INFO:colcon.colcon_core.shell:Creating package script '/home/yehousa/Zayolin-kuekuechti/ros2_ws/install/flie/share/flie/package.sh'
[1.168s] INFO:colcon.colcon_core.shell:Creating package script '/home/yehousa/Zayolin-kuekuechti/ros2_ws/install/flie/share/flie/package.bash'
[1.168s] INFO:colcon.colcon_core.shell:Creating package script '/home/yehousa/Zayolin-kuekuechti/ros2_ws/install/flie/share/flie/package.zsh'
[1.168s] Level 1:colcon.colcon_core.environment:create_file_with_runtime_dependencies(/home/yehousa/Zayolin-kuekuechti/ros2_ws/install/flie/share/colcon-core/packages/flie)
[1.169s] Level 1:colcon.colcon_core.environment:checking '/home/yehousa/Zayolin-kuekuechti/ros2_ws/install/vision' for CMake module files
[1.170s] DEBUG:colcon.colcon_core.event_handler.log_command:Invoked command in '/home/yehousa/Zayolin-kuekuechti/ros2_ws/src/vision' returned '0': PYTHONPATH=/home/yehousa/Zayolin-kuekuechti/ros2_ws/build/vision/prefix_override:/usr/lib/python3/dist-packages/colcon_core/task/python/colcon_distutils_commands:/home/yehousa/Zayolin-kuekuechti/ros2_ws/install/vision/lib/python3.10/site-packages:${PYTHONPATH} /usr/bin/python3 -W ignore:setup.py install is deprecated -W ignore:easy_install command is deprecated setup.py egg_info --egg-base ../../build/vision build --build-base /home/yehousa/Zayolin-kuekuechti/ros2_ws/build/vision/build install --record /home/yehousa/Zayolin-kuekuechti/ros2_ws/build/vision/install.log --single-version-externally-managed install_data
[1.170s] Level 1:colcon.colcon_core.environment:checking '/home/yehousa/Zayolin-kuekuechti/ros2_ws/install/vision' for CMake config files
[1.170s] Level 1:colcon.colcon_core.environment:checking '/home/yehousa/Zayolin-kuekuechti/ros2_ws/install/vision/lib'
[1.170s] Level 1:colcon.colcon_core.environment:checking '/home/yehousa/Zayolin-kuekuechti/ros2_ws/install/vision/bin'
[1.170s] Level 1:colcon.colcon_core.environment:checking '/home/yehousa/Zayolin-kuekuechti/ros2_ws/install/vision/lib/pkgconfig/vision.pc'
[1.170s] Level 1:colcon.colcon_core.environment:checking '/home/yehousa/Zayolin-kuekuechti/ros2_ws/install/vision/lib/python3.10/site-packages'
[1.170s] Level 1:colcon.colcon_core.shell:create_environment_hook('vision', 'pythonpath')
[1.170s] INFO:colcon.colcon_core.shell:Creating environment hook '/home/yehousa/Zayolin-kuekuechti/ros2_ws/install/vision/share/vision/hook/pythonpath.ps1'
[1.171s] INFO:colcon.colcon_core.shell:Creating environment descriptor '/home/yehousa/Zayolin-kuekuechti/ros2_ws/install/vision/share/vision/hook/pythonpath.dsv'
[1.171s] INFO:colcon.colcon_core.shell:Creating environment hook '/home/yehousa/Zayolin-kuekuechti/ros2_ws/install/vision/share/vision/hook/pythonpath.sh'
[1.171s] Level 1:colcon.colcon_core.environment:checking '/home/yehousa/Zayolin-kuekuechti/ros2_ws/install/vision/bin'
[1.171s] Level 1:colcon.colcon_core.environment:create_environment_scripts_only(vision)
[1.172s] INFO:colcon.colcon_core.shell:Creating package script '/home/yehousa/Zayolin-kuekuechti/ros2_ws/install/vision/share/vision/package.ps1'
[1.172s] INFO:colcon.colcon_core.shell:Creating package descriptor '/home/yehousa/Zayolin-kuekuechti/ros2_ws/install/vision/share/vision/package.dsv'
[1.172s] INFO:colcon.colcon_core.shell:Creating package script '/home/yehousa/Zayolin-kuekuechti/ros2_ws/install/vision/share/vision/package.sh'
[1.172s] INFO:colcon.colcon_core.shell:Creating package script '/home/yehousa/Zayolin-kuekuechti/ros2_ws/install/vision/share/vision/package.bash'
[1.173s] INFO:colcon.colcon_core.shell:Creating package script '/home/yehousa/Zayolin-kuekuechti/ros2_ws/install/vision/share/vision/package.zsh'
[1.173s] Level 1:colcon.colcon_core.environment:create_file_with_runtime_dependencies(/home/yehousa/Zayolin-kuekuechti/ros2_ws/install/vision/share/colcon-core/packages/vision)
[1.173s] DEBUG:colcon.colcon_parallel_executor.executor.parallel:closing loop
[1.173s] DEBUG:colcon.colcon_parallel_executor.executor.parallel:loop closed
[1.173s] DEBUG:colcon.colcon_parallel_executor.executor.parallel:run_until_complete finished with '0'
[1.173s] DEBUG:colcon.colcon_core.event_reactor:joining thread
[1.178s] INFO:colcon.colcon_core.plugin_system:Skipping extension 'colcon_notification.desktop_notification.terminal_notifier': Not used on non-Darwin systems
[1.178s] INFO:colcon.colcon_core.plugin_system:Skipping extension 'colcon_notification.desktop_notification.win32': Not used on non-Windows systems
[1.178s] INFO:colcon.colcon_notification.desktop_notification:Sending desktop notification using 'notify2'
[1.187s] DEBUG:colcon.colcon_core.event_reactor:joined thread
[1.188s] INFO:colcon.colcon_core.shell:Creating prefix script '/home/yehousa/Zayolin-kuekuechti/ros2_ws/install/local_setup.ps1'
[1.189s] INFO:colcon.colcon_core.shell:Creating prefix util module '/home/yehousa/Zayolin-kuekuechti/ros2_ws/install/_local_setup_util_ps1.py'
[1.189s] INFO:colcon.colcon_core.shell:Creating prefix chain script '/home/yehousa/Zayolin-kuekuechti/ros2_ws/install/setup.ps1'
[1.191s] INFO:colcon.colcon_core.shell:Creating prefix script '/home/yehousa/Zayolin-kuekuechti/ros2_ws/install/local_setup.sh'
[1.191s] INFO:colcon.colcon_core.shell:Creating prefix util module '/home/yehousa/Zayolin-kuekuechti/ros2_ws/install/_local_setup_util_sh.py'
[1.192s] INFO:colcon.colcon_core.shell:Creating prefix chain script '/home/yehousa/Zayolin-kuekuechti/ros2_ws/install/setup.sh'
[1.193s] INFO:colcon.colcon_core.shell:Creating prefix script '/home/yehousa/Zayolin-kuekuechti/ros2_ws/install/local_setup.bash'
[1.193s] INFO:colcon.colcon_core.shell:Creating prefix chain script '/home/yehousa/Zayolin-kuekuechti/ros2_ws/install/setup.bash'
[1.194s] INFO:colcon.colcon_core.shell:Creating prefix script '/home/yehousa/Zayolin-kuekuechti/ros2_ws/install/local_setup.zsh'
[1.194s] INFO:colcon.colcon_core.shell:Creating prefix chain script '/home/yehousa/Zayolin-kuekuechti/ros2_ws/install/setup.zsh'
