[0.998s] Invoking command in '/home/yehosua/Zayolin-kuekuechti/ros2_ws/build/flie': PYTHONPATH=/home/yehosua/Zayolin-kuekuechti/ros2_ws/build/flie/prefix_override:/usr/lib/python3/dist-packages/colcon_core/task/python/colcon_distutils_commands:/home/yehosua/Zayolin-kuekuechti/ros2_ws/install/flie/lib/python3.10/site-packages:${PYTHONPATH} /usr/bin/python3 -W ignore:setup.py install is deprecated -W ignore:easy_install command is deprecated setup.py develop --editable --build-directory /home/yehosua/Zayolin-kuekuechti/ros2_ws/build/flie/build --no-deps symlink_data --force
[1.253s] running develop
[1.421s] running egg_info
[1.421s] writing flie.egg-info/PKG-INFO
[1.427s] writing dependency_links to flie.egg-info/dependency_links.txt
[1.427s] writing entry points to flie.egg-info/entry_points.txt
[1.427s] writing requirements to flie.egg-info/requires.txt
[1.427s] writing top-level names to flie.egg-info/top_level.txt
[1.429s] reading manifest file 'flie.egg-info/SOURCES.txt'
[1.430s] writing manifest file 'flie.egg-info/SOURCES.txt'
[1.431s] running build_ext
[1.431s] Creating /home/yehosua/Zayolin-kuekuechti/ros2_ws/install/flie/lib/python3.10/site-packages/flie.egg-link (link to .)
[1.432s] Installing gate_green script to /home/yehosua/Zayolin-kuekuechti/ros2_ws/install/flie/lib/flie
[1.432s] Installing prueba_avance script to /home/yehosua/Zayolin-kuekuechti/ros2_ws/install/flie/lib/flie
[1.433s] 
[1.433s] Installed /home/yehosua/Zayolin-kuekuechti/ros2_ws/build/flie
[1.433s] running symlink_data
[1.436s] symbolically linking /home/yehosua/Zayolin-kuekuechti/ros2_ws/build/flie/resource/flie -> /home/yehosua/Zayolin-kuekuechti/ros2_ws/install/flie/share/ament_index/resource_index/packages
[1.436s] symbolically linking /home/yehosua/Zayolin-kuekuechti/ros2_ws/build/flie/package.xml -> /home/yehosua/Zayolin-kuekuechti/ros2_ws/install/flie/share/flie
[1.493s] Invoked command in '/home/yehosua/Zayolin-kuekuechti/ros2_ws/build/flie' returned '0': PYTHONPATH=/home/yehosua/Zayolin-kuekuechti/ros2_ws/build/flie/prefix_override:/usr/lib/python3/dist-packages/colcon_core/task/python/colcon_distutils_commands:/home/yehosua/Zayolin-kuekuechti/ros2_ws/install/flie/lib/python3.10/site-packages:${PYTHONPATH} /usr/bin/python3 -W ignore:setup.py install is deprecated -W ignore:easy_install command is deprecated setup.py develop --editable --build-directory /home/yehosua/Zayolin-kuekuechti/ros2_ws/build/flie/build --no-deps symlink_data --force
