[1.399s] Invoking command in '/home/yehousa/Zayolin-kuekuechti/ros2_ws/src/vision': PYTHONPATH=/home/yehousa/Zayolin-kuekuechti/ros2_ws/build/vision/prefix_override:/usr/lib/python3/dist-packages/colcon_core/task/python/colcon_distutils_commands:/home/yehousa/Zayolin-kuekuechti/ros2_ws/install/vision/lib/python3.10/site-packages:${PYTHONPATH} /usr/bin/python3 -W ignore:setup.py install is deprecated -W ignore:easy_install command is deprecated setup.py egg_info --egg-base ../../build/vision build --build-base /home/yehousa/Zayolin-kuekuechti/ros2_ws/build/vision/build install --record /home/yehousa/Zayolin-kuekuechti/ros2_ws/build/vision/install.log --single-version-externally-managed install_data
[1.776s] running egg_info
[1.777s] writing ../../build/vision/vision.egg-info/PKG-INFO
[1.777s] writing dependency_links to ../../build/vision/vision.egg-info/dependency_links.txt
[1.778s] writing entry points to ../../build/vision/vision.egg-info/entry_points.txt
[1.778s] writing requirements to ../../build/vision/vision.egg-info/requires.txt
[1.778s] writing top-level names to ../../build/vision/vision.egg-info/top_level.txt
[1.780s] reading manifest file '../../build/vision/vision.egg-info/SOURCES.txt'
[1.781s] writing manifest file '../../build/vision/vision.egg-info/SOURCES.txt'
[1.781s] running build
[1.782s] running build_py
[1.782s] copying vision/object_detector.py -> /home/yehousa/Zayolin-kuekuechti/ros2_ws/build/vision/build/lib/vision
[1.782s] running install
[1.783s] running install_lib
[1.783s] copying /home/yehousa/Zayolin-kuekuechti/ros2_ws/build/vision/build/lib/vision/object_detector.py -> /home/yehousa/Zayolin-kuekuechti/ros2_ws/install/vision/lib/python3.10/site-packages/vision
[1.784s] byte-compiling /home/yehousa/Zayolin-kuekuechti/ros2_ws/install/vision/lib/python3.10/site-packages/vision/object_detector.py to object_detector.cpython-310.pyc
[1.786s] running install_data
[1.787s] running install_egg_info
[1.789s] removing '/home/yehousa/Zayolin-kuekuechti/ros2_ws/install/vision/lib/python3.10/site-packages/vision-0.0.0-py3.10.egg-info' (and everything under it)
[1.790s] Copying ../../build/vision/vision.egg-info to /home/yehousa/Zayolin-kuekuechti/ros2_ws/install/vision/lib/python3.10/site-packages/vision-0.0.0-py3.10.egg-info
[1.791s] running install_scripts
[1.823s] Installing object_detector script to /home/yehousa/Zayolin-kuekuechti/ros2_ws/install/vision/lib/vision
[1.823s] writing list of installed files to '/home/yehousa/Zayolin-kuekuechti/ros2_ws/build/vision/install.log'
[1.858s] Invoked command in '/home/yehousa/Zayolin-kuekuechti/ros2_ws/src/vision' returned '0': PYTHONPATH=/home/yehousa/Zayolin-kuekuechti/ros2_ws/build/vision/prefix_override:/usr/lib/python3/dist-packages/colcon_core/task/python/colcon_distutils_commands:/home/yehousa/Zayolin-kuekuechti/ros2_ws/install/vision/lib/python3.10/site-packages:${PYTHONPATH} /usr/bin/python3 -W ignore:setup.py install is deprecated -W ignore:easy_install command is deprecated setup.py egg_info --egg-base ../../build/vision build --build-base /home/yehousa/Zayolin-kuekuechti/ros2_ws/build/vision/build install --record /home/yehousa/Zayolin-kuekuechti/ros2_ws/build/vision/install.log --single-version-externally-managed install_data
