[0.986s] Invoking command in '/home/yehosua/Zayolin-kuekuechti/ros2_ws/build/vision': PYTHONPATH=/home/yehosua/Zayolin-kuekuechti/ros2_ws/build/vision/prefix_override:/usr/lib/python3/dist-packages/colcon_core/task/python/colcon_distutils_commands:/home/yehosua/Zayolin-kuekuechti/ros2_ws/install/vision/lib/python3.10/site-packages:${PYTHONPATH} /usr/bin/python3 -W ignore:setup.py install is deprecated -W ignore:easy_install command is deprecated setup.py develop --editable --build-directory /home/yehosua/Zayolin-kuekuechti/ros2_ws/build/vision/build --no-deps symlink_data --force
[1.236s] running develop
[1.408s] running egg_info
[1.409s] writing vision.egg-info/PKG-INFO
[1.410s] writing dependency_links to vision.egg-info/dependency_links.txt
[1.410s] writing entry points to vision.egg-info/entry_points.txt
[1.410s] writing requirements to vision.egg-info/requires.txt
[1.410s] writing top-level names to vision.egg-info/top_level.txt
[1.413s] reading manifest file 'vision.egg-info/SOURCES.txt'
[1.414s] writing manifest file 'vision.egg-info/SOURCES.txt'
[1.415s] running build_ext
[1.415s] Creating /home/yehosua/Zayolin-kuekuechti/ros2_ws/install/vision/lib/python3.10/site-packages/vision.egg-link (link to .)
[1.416s] Installing object_detector script to /home/yehosua/Zayolin-kuekuechti/ros2_ws/install/vision/lib/vision
[1.416s] 
[1.416s] Installed /home/yehosua/Zayolin-kuekuechti/ros2_ws/build/vision
[1.416s] running symlink_data
[1.419s] symbolically linking /home/yehosua/Zayolin-kuekuechti/ros2_ws/build/vision/resource/vision -> /home/yehosua/Zayolin-kuekuechti/ros2_ws/install/vision/share/ament_index/resource_index/packages
[1.419s] symbolically linking /home/yehosua/Zayolin-kuekuechti/ros2_ws/build/vision/package.xml -> /home/yehosua/Zayolin-kuekuechti/ros2_ws/install/vision/share/vision
[1.419s] symbolically linking /home/yehosua/Zayolin-kuekuechti/ros2_ws/build/vision/launch/vision.launch.py -> /home/yehosua/Zayolin-kuekuechti/ros2_ws/install/vision/share/vision/launch
[1.451s] Invoked command in '/home/yehosua/Zayolin-kuekuechti/ros2_ws/build/vision' returned '0': PYTHONPATH=/home/yehosua/Zayolin-kuekuechti/ros2_ws/build/vision/prefix_override:/usr/lib/python3/dist-packages/colcon_core/task/python/colcon_distutils_commands:/home/yehosua/Zayolin-kuekuechti/ros2_ws/install/vision/lib/python3.10/site-packages:${PYTHONPATH} /usr/bin/python3 -W ignore:setup.py install is deprecated -W ignore:easy_install command is deprecated setup.py develop --editable --build-directory /home/yehosua/Zayolin-kuekuechti/ros2_ws/build/vision/build --no-deps symlink_data --force
