running egg_info
writing ../../build/flie/flie.egg-info/PKG-INFO
writing dependency_links to ../../build/flie/flie.egg-info/dependency_links.txt
writing entry points to ../../build/flie/flie.egg-info/entry_points.txt
writing requirements to ../../build/flie/flie.egg-info/requires.txt
writing top-level names to ../../build/flie/flie.egg-info/top_level.txt
reading manifest file '../../build/flie/flie.egg-info/SOURCES.txt'
writing manifest file '../../build/flie/flie.egg-info/SOURCES.txt'
running build
running build_py
copying flie/gate_green.py -> /home/yehousa/Zayolin-kuekuechti/ros2_ws/build/flie/build/lib/flie
running install
running install_lib
copying /home/yehousa/Zayolin-kuekuechti/ros2_ws/build/flie/build/lib/flie/gate_green.py -> /home/yehousa/Zayolin-kuekuechti/ros2_ws/install/flie/lib/python3.10/site-packages/flie
byte-compiling /home/yehousa/Zayolin-kuekuechti/ros2_ws/install/flie/lib/python3.10/site-packages/flie/gate_green.py to gate_green.cpython-310.pyc
running install_data
running install_egg_info
removing '/home/yehousa/Zayolin-kuekuechti/ros2_ws/install/flie/lib/python3.10/site-packages/flie-0.0.0-py3.10.egg-info' (and everything under it)
Copying ../../build/flie/flie.egg-info to /home/yehousa/Zayolin-kuekuechti/ros2_ws/install/flie/lib/python3.10/site-packages/flie-0.0.0-py3.10.egg-info
running install_scripts
Installing gate_green script to /home/yehousa/Zayolin-kuekuechti/ros2_ws/install/flie/lib/flie
Installing prueba_avance script to /home/yehousa/Zayolin-kuekuechti/ros2_ws/install/flie/lib/flie
writing list of installed files to '/home/yehousa/Zayolin-kuekuechti/ros2_ws/build/flie/install.log'
