running develop
running egg_info
creating voice.egg-info
writing voice.egg-info/PKG-INFO
writing dependency_links to voice.egg-info/dependency_links.txt
writing entry points to voice.egg-info/entry_points.txt
writing requirements to voice.egg-info/requires.txt
writing top-level names to voice.egg-info/top_level.txt
writing manifest file 'voice.egg-info/SOURCES.txt'
reading manifest file 'voice.egg-info/SOURCES.txt'
writing manifest file 'voice.egg-info/SOURCES.txt'
running build_ext
Creating /home/yehosua/Zayolin-kuekuechti/ros2_ws/install/voice/lib/python3.10/site-packages/voice.egg-link (link to .)
Installing voice_node = voice.voice_node:mainmove_node script to /home/yehosua/Zayolin-kuekuechti/ros2_ws/install/voice/lib/voice

Installed /home/yehosua/Zayolin-kuekuechti/ros2_ws/build/voice
running symlink_data
creating /home/yehosua/Zayolin-kuekuechti/ros2_ws/install/voice/share/ament_index
creating /home/yehosua/Zayolin-kuekuechti/ros2_ws/install/voice/share/ament_index/resource_index
creating /home/yehosua/Zayolin-kuekuechti/ros2_ws/install/voice/share/ament_index/resource_index/packages
symbolically linking /home/yehosua/Zayolin-kuekuechti/ros2_ws/build/voice/resource/voice -> /home/yehosua/Zayolin-kuekuechti/ros2_ws/install/voice/share/ament_index/resource_index/packages
symbolically linking /home/yehosua/Zayolin-kuekuechti/ros2_ws/build/voice/package.xml -> /home/yehosua/Zayolin-kuekuechti/ros2_ws/install/voice/share/voice
