[1.215s] Invoking command in '/home/yehosua/Zayolin-kuekuechti/ros2_ws/build/voice': PYTHONPATH=/home/yehosua/Zayolin-kuekuechti/ros2_ws/build/voice/prefix_override:/usr/lib/python3/dist-packages/colcon_core/task/python/colcon_distutils_commands:/home/yehosua/Zayolin-kuekuechti/ros2_ws/install/voice/lib/python3.10/site-packages:${PYTHONPATH} /usr/bin/python3 -W ignore:setup.py install is deprecated -W ignore:easy_install command is deprecated setup.py develop --editable --build-directory /home/yehosua/Zayolin-kuekuechti/ros2_ws/build/voice/build --no-deps symlink_data
[1.466s] running develop
[1.637s] running egg_info
[1.637s] creating voice.egg-info
[1.637s] writing voice.egg-info/PKG-INFO
[1.637s] writing dependency_links to voice.egg-info/dependency_links.txt
[1.638s] writing entry points to voice.egg-info/entry_points.txt
[1.638s] writing requirements to voice.egg-info/requires.txt
[1.638s] writing top-level names to voice.egg-info/top_level.txt
[1.638s] writing manifest file 'voice.egg-info/SOURCES.txt'
[1.639s] reading manifest file 'voice.egg-info/SOURCES.txt'
[1.640s] writing manifest file 'voice.egg-info/SOURCES.txt'
[1.641s] running build_ext
[1.641s] Creating /home/yehosua/Zayolin-kuekuechti/ros2_ws/install/voice/lib/python3.10/site-packages/voice.egg-link (link to .)
[1.642s] Installing voice_node = voice.voice_node:mainmove_node script to /home/yehosua/Zayolin-kuekuechti/ros2_ws/install/voice/lib/voice
[1.642s] 
[1.642s] Installed /home/yehosua/Zayolin-kuekuechti/ros2_ws/build/voice
[1.642s] running symlink_data
[1.642s] creating /home/yehosua/Zayolin-kuekuechti/ros2_ws/install/voice/share/ament_index
[1.642s] creating /home/yehosua/Zayolin-kuekuechti/ros2_ws/install/voice/share/ament_index/resource_index
[1.642s] creating /home/yehosua/Zayolin-kuekuechti/ros2_ws/install/voice/share/ament_index/resource_index/packages
[1.643s] symbolically linking /home/yehosua/Zayolin-kuekuechti/ros2_ws/build/voice/resource/voice -> /home/yehosua/Zayolin-kuekuechti/ros2_ws/install/voice/share/ament_index/resource_index/packages
[1.643s] symbolically linking /home/yehosua/Zayolin-kuekuechti/ros2_ws/build/voice/package.xml -> /home/yehosua/Zayolin-kuekuechti/ros2_ws/install/voice/share/voice
[1.674s] Invoked command in '/home/yehosua/Zayolin-kuekuechti/ros2_ws/build/voice' returned '0': PYTHONPATH=/home/yehosua/Zayolin-kuekuechti/ros2_ws/build/voice/prefix_override:/usr/lib/python3/dist-packages/colcon_core/task/python/colcon_distutils_commands:/home/yehosua/Zayolin-kuekuechti/ros2_ws/install/voice/lib/python3.10/site-packages:${PYTHONPATH} /usr/bin/python3 -W ignore:setup.py install is deprecated -W ignore:easy_install command is deprecated setup.py develop --editable --build-directory /home/yehosua/Zayolin-kuekuechti/ros2_ws/build/voice/build --no-deps symlink_data
