running egg_info
creating ../../build/vision/vision.egg-info
writing ../../build/vision/vision.egg-info/PKG-INFO
writing dependency_links to ../../build/vision/vision.egg-info/dependency_links.txt
writing entry points to ../../build/vision/vision.egg-info/entry_points.txt
writing requirements to ../../build/vision/vision.egg-info/requires.txt
writing top-level names to ../../build/vision/vision.egg-info/top_level.txt
writing manifest file '../../build/vision/vision.egg-info/SOURCES.txt'
reading manifest file '../../build/vision/vision.egg-info/SOURCES.txt'
writing manifest file '../../build/vision/vision.egg-info/SOURCES.txt'
running build
running build_py
creating /home/yehousa/Zayolin-kuekuechti/ros2_ws/build/vision/build
creating /home/yehousa/Zayolin-kuekuechti/ros2_ws/build/vision/build/lib
creating /home/yehousa/Zayolin-kuekuechti/ros2_ws/build/vision/build/lib/vision
copying vision/object_detector.py -> /home/yehousa/Zayolin-kuekuechti/ros2_ws/build/vision/build/lib/vision
copying vision/__init__.py -> /home/yehousa/Zayolin-kuekuechti/ros2_ws/build/vision/build/lib/vision
running install
running install_lib
creating /home/yehousa/Zayolin-kuekuechti/ros2_ws/install/vision/lib/python3.10/site-packages/vision
copying /home/yehousa/Zayolin-kuekuechti/ros2_ws/build/vision/build/lib/vision/object_detector.py -> /home/yehousa/Zayolin-kuekuechti/ros2_ws/install/vision/lib/python3.10/site-packages/vision
copying /home/yehousa/Zayolin-kuekuechti/ros2_ws/build/vision/build/lib/vision/__init__.py -> /home/yehousa/Zayolin-kuekuechti/ros2_ws/install/vision/lib/python3.10/site-packages/vision
byte-compiling /home/yehousa/Zayolin-kuekuechti/ros2_ws/install/vision/lib/python3.10/site-packages/vision/object_detector.py to object_detector.cpython-310.pyc
byte-compiling /home/yehousa/Zayolin-kuekuechti/ros2_ws/install/vision/lib/python3.10/site-packages/vision/__init__.py to __init__.cpython-310.pyc
running install_data
creating /home/yehousa/Zayolin-kuekuechti/ros2_ws/install/vision/share/ament_index
creating /home/yehousa/Zayolin-kuekuechti/ros2_ws/install/vision/share/ament_index/resource_index
creating /home/yehousa/Zayolin-kuekuechti/ros2_ws/install/vision/share/ament_index/resource_index/packages
copying resource/vision -> /home/yehousa/Zayolin-kuekuechti/ros2_ws/install/vision/share/ament_index/resource_index/packages
copying package.xml -> /home/yehousa/Zayolin-kuekuechti/ros2_ws/install/vision/share/vision
creating /home/yehousa/Zayolin-kuekuechti/ros2_ws/install/vision/share/vision/launch
copying launch/vision.launch.py -> /home/yehousa/Zayolin-kuekuechti/ros2_ws/install/vision/share/vision/launch
running install_egg_info
Copying ../../build/vision/vision.egg-info to /home/yehousa/Zayolin-kuekuechti/ros2_ws/install/vision/lib/python3.10/site-packages/vision-0.0.0-py3.10.egg-info
running install_scripts
Installing object_detector script to /home/yehousa/Zayolin-kuekuechti/ros2_ws/install/vision/lib/vision
writing list of installed files to '/home/yehousa/Zayolin-kuekuechti/ros2_ws/build/vision/install.log'
