[0.640s] Invoking command in '/home/yehousa/Zayolin-kuekuechti/ros2_ws/src/vision': PYTHONPATH=/home/yehousa/Zayolin-kuekuechti/ros2_ws/build/vision/prefix_override:/usr/lib/python3/dist-packages/colcon_core/task/python/colcon_distutils_commands:/home/yehousa/Zayolin-kuekuechti/ros2_ws/install/vision/lib/python3.10/site-packages:${PYTHONPATH} /usr/bin/python3 -W ignore:setup.py install is deprecated -W ignore:easy_install command is deprecated setup.py egg_info --egg-base ../../build/vision build --build-base /home/yehousa/Zayolin-kuekuechti/ros2_ws/build/vision/build install --record /home/yehousa/Zayolin-kuekuechti/ros2_ws/build/vision/install.log --single-version-externally-managed install_data
[0.811s] running egg_info
[0.811s] writing ../../build/vision/vision.egg-info/PKG-INFO
[0.812s] writing dependency_links to ../../build/vision/vision.egg-info/dependency_links.txt
[0.812s] writing entry points to ../../build/vision/vision.egg-info/entry_points.txt
[0.812s] writing requirements to ../../build/vision/vision.egg-info/requires.txt
[0.812s] writing top-level names to ../../build/vision/vision.egg-info/top_level.txt
[0.813s] reading manifest file '../../build/vision/vision.egg-info/SOURCES.txt'
[0.813s] writing manifest file '../../build/vision/vision.egg-info/SOURCES.txt'
[0.813s] running build
[0.813s] running build_py
[0.814s] running install
[0.814s] running install_lib
[0.814s] running install_data
[0.814s] running install_egg_info
[0.816s] removing '/home/yehousa/Zayolin-kuekuechti/ros2_ws/install/vision/lib/python3.10/site-packages/vision-0.0.0-py3.10.egg-info' (and everything under it)
[0.816s] Copying ../../build/vision/vision.egg-info to /home/yehousa/Zayolin-kuekuechti/ros2_ws/install/vision/lib/python3.10/site-packages/vision-0.0.0-py3.10.egg-info
[0.816s] running install_scripts
[0.831s] Installing object_detector script to /home/yehousa/Zayolin-kuekuechti/ros2_ws/install/vision/lib/vision
[0.832s] writing list of installed files to '/home/yehousa/Zayolin-kuekuechti/ros2_ws/build/vision/install.log'
[0.861s] Invoked command in '/home/yehousa/Zayolin-kuekuechti/ros2_ws/src/vision' returned '0': PYTHONPATH=/home/yehousa/Zayolin-kuekuechti/ros2_ws/build/vision/prefix_override:/usr/lib/python3/dist-packages/colcon_core/task/python/colcon_distutils_commands:/home/yehousa/Zayolin-kuekuechti/ros2_ws/install/vision/lib/python3.10/site-packages:${PYTHONPATH} /usr/bin/python3 -W ignore:setup.py install is deprecated -W ignore:easy_install command is deprecated setup.py egg_info --egg-base ../../build/vision build --build-base /home/yehousa/Zayolin-kuekuechti/ros2_ws/build/vision/build install --record /home/yehousa/Zayolin-kuekuechti/ros2_ws/build/vision/install.log --single-version-externally-managed install_data
