[0.678s] Invoking command in '/home/yehousa/Zayolin-kuekuechti/ros2_ws/src/flie': PYTHONPATH=/home/yehousa/Zayolin-kuekuechti/ros2_ws/build/flie/prefix_override:/usr/lib/python3/dist-packages/colcon_core/task/python/colcon_distutils_commands:/home/yehousa/Zayolin-kuekuechti/ros2_ws/install/flie/lib/python3.10/site-packages:${PYTHONPATH} /usr/bin/python3 -W ignore:setup.py install is deprecated -W ignore:easy_install command is deprecated setup.py egg_info --egg-base ../../build/flie build --build-base /home/yehousa/Zayolin-kuekuechti/ros2_ws/build/flie/build install --record /home/yehousa/Zayolin-kuekuechti/ros2_ws/build/flie/install.log --single-version-externally-managed install_data
[0.849s] running egg_info
[0.849s] writing ../../build/flie/flie.egg-info/PKG-INFO
[0.849s] writing dependency_links to ../../build/flie/flie.egg-info/dependency_links.txt
[0.849s] writing entry points to ../../build/flie/flie.egg-info/entry_points.txt
[0.849s] writing requirements to ../../build/flie/flie.egg-info/requires.txt
[0.849s] writing top-level names to ../../build/flie/flie.egg-info/top_level.txt
[0.850s] reading manifest file '../../build/flie/flie.egg-info/SOURCES.txt'
[0.851s] writing manifest file '../../build/flie/flie.egg-info/SOURCES.txt'
[0.851s] running build
[0.851s] running build_py
[0.851s] copying flie/prueba_avance.py -> /home/yehousa/Zayolin-kuekuechti/ros2_ws/build/flie/build/lib/flie
[0.851s] running install
[0.851s] running install_lib
[0.852s] copying /home/yehousa/Zayolin-kuekuechti/ros2_ws/build/flie/build/lib/flie/prueba_avance.py -> /home/yehousa/Zayolin-kuekuechti/ros2_ws/install/flie/lib/python3.10/site-packages/flie
[0.852s] byte-compiling /home/yehousa/Zayolin-kuekuechti/ros2_ws/install/flie/lib/python3.10/site-packages/flie/prueba_avance.py to prueba_avance.cpython-310.pyc
[0.853s] running install_data
[0.853s] running install_egg_info
[0.854s] removing '/home/yehousa/Zayolin-kuekuechti/ros2_ws/install/flie/lib/python3.10/site-packages/flie-0.0.0-py3.10.egg-info' (and everything under it)
[0.854s] Copying ../../build/flie/flie.egg-info to /home/yehousa/Zayolin-kuekuechti/ros2_ws/install/flie/lib/python3.10/site-packages/flie-0.0.0-py3.10.egg-info
[0.855s] running install_scripts
[0.870s] Installing gate_green script to /home/yehousa/Zayolin-kuekuechti/ros2_ws/install/flie/lib/flie
[0.870s] Installing prueba_avance script to /home/yehousa/Zayolin-kuekuechti/ros2_ws/install/flie/lib/flie
[0.871s] writing list of installed files to '/home/yehousa/Zayolin-kuekuechti/ros2_ws/build/flie/install.log'
[0.891s] Invoked command in '/home/yehousa/Zayolin-kuekuechti/ros2_ws/src/flie' returned '0': PYTHONPATH=/home/yehousa/Zayolin-kuekuechti/ros2_ws/build/flie/prefix_override:/usr/lib/python3/dist-packages/colcon_core/task/python/colcon_distutils_commands:/home/yehousa/Zayolin-kuekuechti/ros2_ws/install/flie/lib/python3.10/site-packages:${PYTHONPATH} /usr/bin/python3 -W ignore:setup.py install is deprecated -W ignore:easy_install command is deprecated setup.py egg_info --egg-base ../../build/flie build --build-base /home/yehousa/Zayolin-kuekuechti/ros2_ws/build/flie/build install --record /home/yehousa/Zayolin-kuekuechti/ros2_ws/build/flie/install.log --single-version-externally-managed install_data
