[1.386s] Invoking command in '/home/yehousa/Zayolin-kuekuechti/ros2_ws/src/flie': PYTHONPATH=/home/yehousa/Zayolin-kuekuechti/ros2_ws/build/flie/prefix_override:/usr/lib/python3/dist-packages/colcon_core/task/python/colcon_distutils_commands:/home/yehousa/Zayolin-kuekuechti/ros2_ws/install/flie/lib/python3.10/site-packages:${PYTHONPATH} /usr/bin/python3 -W ignore:setup.py install is deprecated -W ignore:easy_install command is deprecated setup.py egg_info --egg-base ../../build/flie build --build-base /home/yehousa/Zayolin-kuekuechti/ros2_ws/build/flie/build install --record /home/yehousa/Zayolin-kuekuechti/ros2_ws/build/flie/install.log --single-version-externally-managed install_data
[1.554s] running egg_info
[1.555s] writing ../../build/flie/flie.egg-info/PKG-INFO
[1.555s] writing dependency_links to ../../build/flie/flie.egg-info/dependency_links.txt
[1.555s] writing entry points to ../../build/flie/flie.egg-info/entry_points.txt
[1.555s] writing requirements to ../../build/flie/flie.egg-info/requires.txt
[1.555s] writing top-level names to ../../build/flie/flie.egg-info/top_level.txt
[1.556s] reading manifest file '../../build/flie/flie.egg-info/SOURCES.txt'
[1.557s] writing manifest file '../../build/flie/flie.egg-info/SOURCES.txt'
[1.557s] running build
[1.557s] running build_py
[1.557s] running install
[1.557s] running install_lib
[1.558s] running install_data
[1.558s] running install_egg_info
[1.559s] removing '/home/yehousa/Zayolin-kuekuechti/ros2_ws/install/flie/lib/python3.10/site-packages/flie-0.0.0-py3.10.egg-info' (and everything under it)
[1.560s] Copying ../../build/flie/flie.egg-info to /home/yehousa/Zayolin-kuekuechti/ros2_ws/install/flie/lib/python3.10/site-packages/flie-0.0.0-py3.10.egg-info
[1.560s] running install_scripts
[1.575s] Installing gate_green script to /home/yehousa/Zayolin-kuekuechti/ros2_ws/install/flie/lib/flie
[1.575s] Installing prueba_avance script to /home/yehousa/Zayolin-kuekuechti/ros2_ws/install/flie/lib/flie
[1.575s] writing list of installed files to '/home/yehousa/Zayolin-kuekuechti/ros2_ws/build/flie/install.log'
[1.595s] Invoked command in '/home/yehousa/Zayolin-kuekuechti/ros2_ws/src/flie' returned '0': PYTHONPATH=/home/yehousa/Zayolin-kuekuechti/ros2_ws/build/flie/prefix_override:/usr/lib/python3/dist-packages/colcon_core/task/python/colcon_distutils_commands:/home/yehousa/Zayolin-kuekuechti/ros2_ws/install/flie/lib/python3.10/site-packages:${PYTHONPATH} /usr/bin/python3 -W ignore:setup.py install is deprecated -W ignore:easy_install command is deprecated setup.py egg_info --egg-base ../../build/flie build --build-base /home/yehousa/Zayolin-kuekuechti/ros2_ws/build/flie/build install --record /home/yehousa/Zayolin-kuekuechti/ros2_ws/build/flie/install.log --single-version-externally-managed install_data
