[0.649s] DEBUG:colcon:Command line arguments: ['/usr/bin/colcon', 'build', '--symlink-install']
[0.650s] DEBUG:colcon:Parsed command line arguments: Namespace(log_base=None, log_level=None, verb_name='build', build_base='build', install_base='install', merge_install=False, symlink_install=True, test_result_base=None, continue_on_error=False, executor='parallel', parallel_workers=6, event_handlers=None, ignore_user_meta=False, metas=['./colcon.meta'], base_paths=['.'], packages_ignore=None, packages_ignore_regex=None, paths=None, packages_up_to=None, packages_up_to_regex=None, packages_above=None, packages_above_and_dependencies=None, packages_above_depth=None, packages_select_by_dep=None, packages_skip_by_dep=None, packages_skip_up_to=None, packages_select_build_failed=False, packages_skip_build_finished=False, packages_select_test_failures=False, packages_skip_test_passed=False, packages_select=None, packages_skip=None, packages_select_regex=None, packages_skip_regex=None, packages_start=None, packages_end=None, allow_overriding=[], cmake_args=None, cmake_target=None, cmake_target_skip_unavailable=False, cmake_clean_cache=False, cmake_clean_first=False, cmake_force_configure=False, ament_cmake_args=None, catkin_cmake_args=None, catkin_skip_building_tests=False, mixin_files=None, mixin=None, verb_parser=<colcon_mixin.mixin.mixin_argument.MixinArgumentDecorator object at 0x74641cffe740>, verb_extension=<colcon_core.verb.build.BuildVerb object at 0x74641cffdd20>, main=<bound method BuildVerb.main of <colcon_core.verb.build.BuildVerb object at 0x74641cffdd20>>, mixin_verb=('build',))
[1.108s] Level 1:colcon.colcon_core.package_discovery:discover_packages(colcon_meta) check parameters
[1.109s] Level 1:colcon.colcon_core.package_discovery:discover_packages(recursive) check parameters
[1.109s] Level 1:colcon.colcon_core.package_discovery:discover_packages(ignore) check parameters
[1.109s] Level 1:colcon.colcon_core.package_discovery:discover_packages(path) check parameters
[1.109s] Level 1:colcon.colcon_core.package_discovery:discover_packages(colcon_meta) discover
[1.109s] Level 1:colcon.colcon_core.package_discovery:discover_packages(recursive) discover
[1.109s] INFO:colcon.colcon_core.package_discovery:Crawling recursively for packages in '/home/yehosua/Zayolin-kuekuechti/ros2_ws'
[1.109s] Level 1:colcon.colcon_core.package_identification:_identify(.) by extensions ['ignore', 'ignore_ament_install']
[1.109s] Level 1:colcon.colcon_core.package_identification:_identify(.) by extension 'ignore'
[1.109s] Level 1:colcon.colcon_core.package_identification:_identify(.) by extension 'ignore_ament_install'
[1.109s] Level 1:colcon.colcon_core.package_identification:_identify(.) by extensions ['colcon_pkg']
[1.109s] Level 1:colcon.colcon_core.package_identification:_identify(.) by extension 'colcon_pkg'
[1.109s] Level 1:colcon.colcon_core.package_identification:_identify(.) by extensions ['colcon_meta']
[1.109s] Level 1:colcon.colcon_core.package_identification:_identify(.) by extension 'colcon_meta'
[1.109s] Level 1:colcon.colcon_core.package_identification:_identify(.) by extensions ['ros']
[1.109s] Level 1:colcon.colcon_core.package_identification:_identify(.) by extension 'ros'
[1.164s] Level 1:colcon.colcon_core.package_identification:_identify(.) by extensions ['cmake', 'python']
[1.164s] Level 1:colcon.colcon_core.package_identification:_identify(.) by extension 'cmake'
[1.165s] Level 1:colcon.colcon_core.package_identification:_identify(.) by extension 'python'
[1.165s] Level 1:colcon.colcon_core.package_identification:_identify(.) by extensions ['python_setup_py']
[1.165s] Level 1:colcon.colcon_core.package_identification:_identify(.) by extension 'python_setup_py'
[1.165s] Level 1:colcon.colcon_core.package_identification:_identify(build) by extensions ['ignore', 'ignore_ament_install']
[1.165s] Level 1:colcon.colcon_core.package_identification:_identify(build) by extension 'ignore'
[1.165s] Level 1:colcon.colcon_core.package_identification:_identify(build) ignored
[1.165s] Level 1:colcon.colcon_core.package_identification:_identify(cache) by extensions ['ignore', 'ignore_ament_install']
[1.165s] Level 1:colcon.colcon_core.package_identification:_identify(cache) by extension 'ignore'
[1.165s] Level 1:colcon.colcon_core.package_identification:_identify(cache) by extension 'ignore_ament_install'
[1.165s] Level 1:colcon.colcon_core.package_identification:_identify(cache) by extensions ['colcon_pkg']
[1.165s] Level 1:colcon.colcon_core.package_identification:_identify(cache) by extension 'colcon_pkg'
[1.165s] Level 1:colcon.colcon_core.package_identification:_identify(cache) by extensions ['colcon_meta']
[1.165s] Level 1:colcon.colcon_core.package_identification:_identify(cache) by extension 'colcon_meta'
[1.165s] Level 1:colcon.colcon_core.package_identification:_identify(cache) by extensions ['ros']
[1.165s] Level 1:colcon.colcon_core.package_identification:_identify(cache) by extension 'ros'
[1.165s] Level 1:colcon.colcon_core.package_identification:_identify(cache) by extensions ['cmake', 'python']
[1.165s] Level 1:colcon.colcon_core.package_identification:_identify(cache) by extension 'cmake'
[1.165s] Level 1:colcon.colcon_core.package_identification:_identify(cache) by extension 'python'
[1.166s] Level 1:colcon.colcon_core.package_identification:_identify(cache) by extensions ['python_setup_py']
[1.166s] Level 1:colcon.colcon_core.package_identification:_identify(cache) by extension 'python_setup_py'
[1.166s] Level 1:colcon.colcon_core.package_identification:_identify(install) by extensions ['ignore', 'ignore_ament_install']
[1.166s] Level 1:colcon.colcon_core.package_identification:_identify(install) by extension 'ignore'
[1.166s] Level 1:colcon.colcon_core.package_identification:_identify(install) ignored
[1.166s] Level 1:colcon.colcon_core.package_identification:_identify(log) by extensions ['ignore', 'ignore_ament_install']
[1.166s] Level 1:colcon.colcon_core.package_identification:_identify(log) by extension 'ignore'
[1.166s] Level 1:colcon.colcon_core.package_identification:_identify(log) ignored
[1.166s] Level 1:colcon.colcon_core.package_identification:_identify(src) by extensions ['ignore', 'ignore_ament_install']
[1.166s] Level 1:colcon.colcon_core.package_identification:_identify(src) by extension 'ignore'
[1.166s] Level 1:colcon.colcon_core.package_identification:_identify(src) by extension 'ignore_ament_install'
[1.166s] Level 1:colcon.colcon_core.package_identification:_identify(src) by extensions ['colcon_pkg']
[1.166s] Level 1:colcon.colcon_core.package_identification:_identify(src) by extension 'colcon_pkg'
[1.166s] Level 1:colcon.colcon_core.package_identification:_identify(src) by extensions ['colcon_meta']
[1.166s] Level 1:colcon.colcon_core.package_identification:_identify(src) by extension 'colcon_meta'
[1.166s] Level 1:colcon.colcon_core.package_identification:_identify(src) by extensions ['ros']
[1.166s] Level 1:colcon.colcon_core.package_identification:_identify(src) by extension 'ros'
[1.166s] Level 1:colcon.colcon_core.package_identification:_identify(src) by extensions ['cmake', 'python']
[1.167s] Level 1:colcon.colcon_core.package_identification:_identify(src) by extension 'cmake'
[1.167s] Level 1:colcon.colcon_core.package_identification:_identify(src) by extension 'python'
[1.167s] Level 1:colcon.colcon_core.package_identification:_identify(src) by extensions ['python_setup_py']
[1.167s] Level 1:colcon.colcon_core.package_identification:_identify(src) by extension 'python_setup_py'
[1.167s] Level 1:colcon.colcon_core.package_identification:_identify(src/flie) by extensions ['ignore', 'ignore_ament_install']
[1.167s] Level 1:colcon.colcon_core.package_identification:_identify(src/flie) by extension 'ignore'
[1.167s] Level 1:colcon.colcon_core.package_identification:_identify(src/flie) by extension 'ignore_ament_install'
[1.167s] Level 1:colcon.colcon_core.package_identification:_identify(src/flie) by extensions ['colcon_pkg']
[1.167s] Level 1:colcon.colcon_core.package_identification:_identify(src/flie) by extension 'colcon_pkg'
[1.167s] Level 1:colcon.colcon_core.package_identification:_identify(src/flie) by extensions ['colcon_meta']
[1.167s] Level 1:colcon.colcon_core.package_identification:_identify(src/flie) by extension 'colcon_meta'
[1.167s] Level 1:colcon.colcon_core.package_identification:_identify(src/flie) by extensions ['ros']
[1.167s] Level 1:colcon.colcon_core.package_identification:_identify(src/flie) by extension 'ros'
[1.171s] DEBUG:colcon.colcon_core.package_identification:Package 'src/flie' with type 'ros.ament_python' and name 'flie'
[1.171s] Level 1:colcon.colcon_core.package_identification:_identify(src/vision) by extensions ['ignore', 'ignore_ament_install']
[1.172s] Level 1:colcon.colcon_core.package_identification:_identify(src/vision) by extension 'ignore'
[1.172s] Level 1:colcon.colcon_core.package_identification:_identify(src/vision) by extension 'ignore_ament_install'
[1.172s] Level 1:colcon.colcon_core.package_identification:_identify(src/vision) by extensions ['colcon_pkg']
[1.172s] Level 1:colcon.colcon_core.package_identification:_identify(src/vision) by extension 'colcon_pkg'
[1.172s] Level 1:colcon.colcon_core.package_identification:_identify(src/vision) by extensions ['colcon_meta']
[1.172s] Level 1:colcon.colcon_core.package_identification:_identify(src/vision) by extension 'colcon_meta'
[1.172s] Level 1:colcon.colcon_core.package_identification:_identify(src/vision) by extensions ['ros']
[1.172s] Level 1:colcon.colcon_core.package_identification:_identify(src/vision) by extension 'ros'
[1.173s] DEBUG:colcon.colcon_core.package_identification:Package 'src/vision' with type 'ros.ament_python' and name 'vision'
[1.173s] Level 1:colcon.colcon_core.package_identification:_identify(src/voice) by extensions ['ignore', 'ignore_ament_install']
[1.173s] Level 1:colcon.colcon_core.package_identification:_identify(src/voice) by extension 'ignore'
[1.173s] Level 1:colcon.colcon_core.package_identification:_identify(src/voice) by extension 'ignore_ament_install'
[1.173s] Level 1:colcon.colcon_core.package_identification:_identify(src/voice) by extensions ['colcon_pkg']
[1.173s] Level 1:colcon.colcon_core.package_identification:_identify(src/voice) by extension 'colcon_pkg'
[1.173s] Level 1:colcon.colcon_core.package_identification:_identify(src/voice) by extensions ['colcon_meta']
[1.173s] Level 1:colcon.colcon_core.package_identification:_identify(src/voice) by extension 'colcon_meta'
[1.173s] Level 1:colcon.colcon_core.package_identification:_identify(src/voice) by extensions ['ros']
[1.173s] Level 1:colcon.colcon_core.package_identification:_identify(src/voice) by extension 'ros'
[1.174s] DEBUG:colcon.colcon_core.package_identification:Package 'src/voice' with type 'ros.ament_python' and name 'voice'
[1.174s] Level 1:colcon.colcon_core.package_identification:_identify(weights) by extensions ['ignore', 'ignore_ament_install']
[1.175s] Level 1:colcon.colcon_core.package_identification:_identify(weights) by extension 'ignore'
[1.175s] Level 1:colcon.colcon_core.package_identification:_identify(weights) by extension 'ignore_ament_install'
[1.175s] Level 1:colcon.colcon_core.package_identification:_identify(weights) by extensions ['colcon_pkg']
[1.175s] Level 1:colcon.colcon_core.package_identification:_identify(weights) by extension 'colcon_pkg'
[1.175s] Level 1:colcon.colcon_core.package_identification:_identify(weights) by extensions ['colcon_meta']
[1.175s] Level 1:colcon.colcon_core.package_identification:_identify(weights) by extension 'colcon_meta'
[1.175s] Level 1:colcon.colcon_core.package_identification:_identify(weights) by extensions ['ros']
[1.175s] Level 1:colcon.colcon_core.package_identification:_identify(weights) by extension 'ros'
[1.175s] Level 1:colcon.colcon_core.package_identification:_identify(weights) by extensions ['cmake', 'python']
[1.175s] Level 1:colcon.colcon_core.package_identification:_identify(weights) by extension 'cmake'
[1.175s] Level 1:colcon.colcon_core.package_identification:_identify(weights) by extension 'python'
[1.175s] Level 1:colcon.colcon_core.package_identification:_identify(weights) by extensions ['python_setup_py']
[1.175s] Level 1:colcon.colcon_core.package_identification:_identify(weights) by extension 'python_setup_py'
[1.176s] Level 1:colcon.colcon_core.package_identification:_identify(weights/Landing_Train) by extensions ['ignore', 'ignore_ament_install']
[1.176s] Level 1:colcon.colcon_core.package_identification:_identify(weights/Landing_Train) by extension 'ignore'
[1.176s] Level 1:colcon.colcon_core.package_identification:_identify(weights/Landing_Train) by extension 'ignore_ament_install'
[1.176s] Level 1:colcon.colcon_core.package_identification:_identify(weights/Landing_Train) by extensions ['colcon_pkg']
[1.176s] Level 1:colcon.colcon_core.package_identification:_identify(weights/Landing_Train) by extension 'colcon_pkg'
[1.176s] Level 1:colcon.colcon_core.package_identification:_identify(weights/Landing_Train) by extensions ['colcon_meta']
[1.176s] Level 1:colcon.colcon_core.package_identification:_identify(weights/Landing_Train) by extension 'colcon_meta'
[1.176s] Level 1:colcon.colcon_core.package_identification:_identify(weights/Landing_Train) by extensions ['ros']
[1.176s] Level 1:colcon.colcon_core.package_identification:_identify(weights/Landing_Train) by extension 'ros'
[1.176s] Level 1:colcon.colcon_core.package_identification:_identify(weights/Landing_Train) by extensions ['cmake', 'python']
[1.176s] Level 1:colcon.colcon_core.package_identification:_identify(weights/Landing_Train) by extension 'cmake'
[1.176s] Level 1:colcon.colcon_core.package_identification:_identify(weights/Landing_Train) by extension 'python'
[1.176s] Level 1:colcon.colcon_core.package_identification:_identify(weights/Landing_Train) by extensions ['python_setup_py']
[1.176s] Level 1:colcon.colcon_core.package_identification:_identify(weights/Landing_Train) by extension 'python_setup_py'
[1.177s] Level 1:colcon.colcon_core.package_identification:_identify(weights/crazy_Train) by extensions ['ignore', 'ignore_ament_install']
[1.177s] Level 1:colcon.colcon_core.package_identification:_identify(weights/crazy_Train) by extension 'ignore'
[1.177s] Level 1:colcon.colcon_core.package_identification:_identify(weights/crazy_Train) by extension 'ignore_ament_install'
[1.177s] Level 1:colcon.colcon_core.package_identification:_identify(weights/crazy_Train) by extensions ['colcon_pkg']
[1.177s] Level 1:colcon.colcon_core.package_identification:_identify(weights/crazy_Train) by extension 'colcon_pkg'
[1.177s] Level 1:colcon.colcon_core.package_identification:_identify(weights/crazy_Train) by extensions ['colcon_meta']
[1.177s] Level 1:colcon.colcon_core.package_identification:_identify(weights/crazy_Train) by extension 'colcon_meta'
[1.177s] Level 1:colcon.colcon_core.package_identification:_identify(weights/crazy_Train) by extensions ['ros']
[1.177s] Level 1:colcon.colcon_core.package_identification:_identify(weights/crazy_Train) by extension 'ros'
[1.177s] Level 1:colcon.colcon_core.package_identification:_identify(weights/crazy_Train) by extensions ['cmake', 'python']
[1.177s] Level 1:colcon.colcon_core.package_identification:_identify(weights/crazy_Train) by extension 'cmake'
[1.177s] Level 1:colcon.colcon_core.package_identification:_identify(weights/crazy_Train) by extension 'python'
[1.177s] Level 1:colcon.colcon_core.package_identification:_identify(weights/crazy_Train) by extensions ['python_setup_py']
[1.177s] Level 1:colcon.colcon_core.package_identification:_identify(weights/crazy_Train) by extension 'python_setup_py'
[1.178s] Level 1:colcon.colcon_core.package_identification:_identify(weights/red_Train) by extensions ['ignore', 'ignore_ament_install']
[1.178s] Level 1:colcon.colcon_core.package_identification:_identify(weights/red_Train) by extension 'ignore'
[1.178s] Level 1:colcon.colcon_core.package_identification:_identify(weights/red_Train) by extension 'ignore_ament_install'
[1.178s] Level 1:colcon.colcon_core.package_identification:_identify(weights/red_Train) by extensions ['colcon_pkg']
[1.178s] Level 1:colcon.colcon_core.package_identification:_identify(weights/red_Train) by extension 'colcon_pkg'
[1.178s] Level 1:colcon.colcon_core.package_identification:_identify(weights/red_Train) by extensions ['colcon_meta']
[1.178s] Level 1:colcon.colcon_core.package_identification:_identify(weights/red_Train) by extension 'colcon_meta'
[1.179s] Level 1:colcon.colcon_core.package_identification:_identify(weights/red_Train) by extensions ['ros']
[1.179s] Level 1:colcon.colcon_core.package_identification:_identify(weights/red_Train) by extension 'ros'
[1.179s] Level 1:colcon.colcon_core.package_identification:_identify(weights/red_Train) by extensions ['cmake', 'python']
[1.179s] Level 1:colcon.colcon_core.package_identification:_identify(weights/red_Train) by extension 'cmake'
[1.179s] Level 1:colcon.colcon_core.package_identification:_identify(weights/red_Train) by extension 'python'
[1.179s] Level 1:colcon.colcon_core.package_identification:_identify(weights/red_Train) by extensions ['python_setup_py']
[1.179s] Level 1:colcon.colcon_core.package_identification:_identify(weights/red_Train) by extension 'python_setup_py'
[1.179s] Level 1:colcon.colcon_core.package_discovery:discover_packages(recursive) using defaults
[1.179s] Level 1:colcon.colcon_core.package_discovery:discover_packages(ignore) discover
[1.179s] Level 1:colcon.colcon_core.package_discovery:discover_packages(ignore) using defaults
[1.179s] Level 1:colcon.colcon_core.package_discovery:discover_packages(path) discover
[1.179s] Level 1:colcon.colcon_core.package_discovery:discover_packages(path) using defaults
[1.220s] Level 1:colcon.colcon_core.package_discovery:discover_packages(prefix_path) check parameters
[1.220s] Level 1:colcon.colcon_core.package_discovery:discover_packages(prefix_path) discover
[1.225s] DEBUG:colcon.colcon_installed_package_information.package_discovery:Found 276 installed packages in /opt/ros/humble
[1.226s] Level 1:colcon.colcon_core.package_discovery:discover_packages(prefix_path) using defaults
[1.262s] Level 5:colcon.colcon_core.verb:set package 'flie' build argument 'cmake_args' from command line to 'None'
[1.262s] Level 5:colcon.colcon_core.verb:set package 'flie' build argument 'cmake_target' from command line to 'None'
[1.262s] Level 5:colcon.colcon_core.verb:set package 'flie' build argument 'cmake_target_skip_unavailable' from command line to 'False'
[1.262s] Level 5:colcon.colcon_core.verb:set package 'flie' build argument 'cmake_clean_cache' from command line to 'False'
[1.262s] Level 5:colcon.colcon_core.verb:set package 'flie' build argument 'cmake_clean_first' from command line to 'False'
[1.262s] Level 5:colcon.colcon_core.verb:set package 'flie' build argument 'cmake_force_configure' from command line to 'False'
[1.262s] Level 5:colcon.colcon_core.verb:set package 'flie' build argument 'ament_cmake_args' from command line to 'None'
[1.262s] Level 5:colcon.colcon_core.verb:set package 'flie' build argument 'catkin_cmake_args' from command line to 'None'
[1.262s] Level 5:colcon.colcon_core.verb:set package 'flie' build argument 'catkin_skip_building_tests' from command line to 'False'
[1.262s] DEBUG:colcon.colcon_core.verb:Building package 'flie' with the following arguments: {'ament_cmake_args': None, 'build_base': '/home/yehosua/Zayolin-kuekuechti/ros2_ws/build/flie', 'catkin_cmake_args': None, 'catkin_skip_building_tests': False, 'cmake_args': None, 'cmake_clean_cache': False, 'cmake_clean_first': False, 'cmake_force_configure': False, 'cmake_target': None, 'cmake_target_skip_unavailable': False, 'install_base': '/home/yehosua/Zayolin-kuekuechti/ros2_ws/install/flie', 'merge_install': False, 'path': '/home/yehosua/Zayolin-kuekuechti/ros2_ws/src/flie', 'symlink_install': True, 'test_result_base': None}
[1.262s] Level 5:colcon.colcon_core.verb:set package 'vision' build argument 'cmake_args' from command line to 'None'
[1.262s] Level 5:colcon.colcon_core.verb:set package 'vision' build argument 'cmake_target' from command line to 'None'
[1.262s] Level 5:colcon.colcon_core.verb:set package 'vision' build argument 'cmake_target_skip_unavailable' from command line to 'False'
[1.262s] Level 5:colcon.colcon_core.verb:set package 'vision' build argument 'cmake_clean_cache' from command line to 'False'
[1.262s] Level 5:colcon.colcon_core.verb:set package 'vision' build argument 'cmake_clean_first' from command line to 'False'
[1.262s] Level 5:colcon.colcon_core.verb:set package 'vision' build argument 'cmake_force_configure' from command line to 'False'
[1.262s] Level 5:colcon.colcon_core.verb:set package 'vision' build argument 'ament_cmake_args' from command line to 'None'
[1.262s] Level 5:colcon.colcon_core.verb:set package 'vision' build argument 'catkin_cmake_args' from command line to 'None'
[1.263s] Level 5:colcon.colcon_core.verb:set package 'vision' build argument 'catkin_skip_building_tests' from command line to 'False'
[1.263s] DEBUG:colcon.colcon_core.verb:Building package 'vision' with the following arguments: {'ament_cmake_args': None, 'build_base': '/home/yehosua/Zayolin-kuekuechti/ros2_ws/build/vision', 'catkin_cmake_args': None, 'catkin_skip_building_tests': False, 'cmake_args': None, 'cmake_clean_cache': False, 'cmake_clean_first': False, 'cmake_force_configure': False, 'cmake_target': None, 'cmake_target_skip_unavailable': False, 'install_base': '/home/yehosua/Zayolin-kuekuechti/ros2_ws/install/vision', 'merge_install': False, 'path': '/home/yehosua/Zayolin-kuekuechti/ros2_ws/src/vision', 'symlink_install': True, 'test_result_base': None}
[1.263s] Level 5:colcon.colcon_core.verb:set package 'voice' build argument 'cmake_args' from command line to 'None'
[1.263s] Level 5:colcon.colcon_core.verb:set package 'voice' build argument 'cmake_target' from command line to 'None'
[1.263s] Level 5:colcon.colcon_core.verb:set package 'voice' build argument 'cmake_target_skip_unavailable' from command line to 'False'
[1.263s] Level 5:colcon.colcon_core.verb:set package 'voice' build argument 'cmake_clean_cache' from command line to 'False'
[1.263s] Level 5:colcon.colcon_core.verb:set package 'voice' build argument 'cmake_clean_first' from command line to 'False'
[1.263s] Level 5:colcon.colcon_core.verb:set package 'voice' build argument 'cmake_force_configure' from command line to 'False'
[1.263s] Level 5:colcon.colcon_core.verb:set package 'voice' build argument 'ament_cmake_args' from command line to 'None'
[1.263s] Level 5:colcon.colcon_core.verb:set package 'voice' build argument 'catkin_cmake_args' from command line to 'None'
[1.263s] Level 5:colcon.colcon_core.verb:set package 'voice' build argument 'catkin_skip_building_tests' from command line to 'False'
[1.263s] DEBUG:colcon.colcon_core.verb:Building package 'voice' with the following arguments: {'ament_cmake_args': None, 'build_base': '/home/yehosua/Zayolin-kuekuechti/ros2_ws/build/voice', 'catkin_cmake_args': None, 'catkin_skip_building_tests': False, 'cmake_args': None, 'cmake_clean_cache': False, 'cmake_clean_first': False, 'cmake_force_configure': False, 'cmake_target': None, 'cmake_target_skip_unavailable': False, 'install_base': '/home/yehosua/Zayolin-kuekuechti/ros2_ws/install/voice', 'merge_install': False, 'path': '/home/yehosua/Zayolin-kuekuechti/ros2_ws/src/voice', 'symlink_install': True, 'test_result_base': None}
[1.263s] INFO:colcon.colcon_core.executor:Executing jobs using 'parallel' executor
[1.264s] DEBUG:colcon.colcon_parallel_executor.executor.parallel:run_until_complete
[1.264s] INFO:colcon.colcon_ros.task.ament_python.build:Building ROS package in '/home/yehosua/Zayolin-kuekuechti/ros2_ws/src/flie' with build type 'ament_python'
[1.264s] Level 1:colcon.colcon_core.shell:create_environment_hook('flie', 'ament_prefix_path')
[1.272s] INFO:colcon.colcon_core.plugin_system:Skipping extension 'colcon_core.shell.bat': Not used on non-Windows systems
[1.272s] INFO:colcon.colcon_core.shell:Creating environment hook '/home/yehosua/Zayolin-kuekuechti/ros2_ws/install/flie/share/flie/hook/ament_prefix_path.ps1'
[1.275s] INFO:colcon.colcon_core.shell:Creating environment descriptor '/home/yehosua/Zayolin-kuekuechti/ros2_ws/install/flie/share/flie/hook/ament_prefix_path.dsv'
[1.276s] INFO:colcon.colcon_core.shell:Creating environment hook '/home/yehosua/Zayolin-kuekuechti/ros2_ws/install/flie/share/flie/hook/ament_prefix_path.sh'
[1.277s] INFO:colcon.colcon_core.shell:Skip shell extension 'powershell' for command environment: Not usable outside of PowerShell
[1.277s] DEBUG:colcon.colcon_core.shell:Skip shell extension 'dsv' for command environment
[1.280s] INFO:colcon.colcon_ros.task.ament_python.build:Building ROS package in '/home/yehosua/Zayolin-kuekuechti/ros2_ws/src/vision' with build type 'ament_python'
[1.281s] Level 1:colcon.colcon_core.shell:create_environment_hook('vision', 'ament_prefix_path')
[1.281s] INFO:colcon.colcon_core.shell:Creating environment hook '/home/yehosua/Zayolin-kuekuechti/ros2_ws/install/vision/share/vision/hook/ament_prefix_path.ps1'
[1.283s] INFO:colcon.colcon_core.shell:Creating environment descriptor '/home/yehosua/Zayolin-kuekuechti/ros2_ws/install/vision/share/vision/hook/ament_prefix_path.dsv'
[1.283s] INFO:colcon.colcon_core.shell:Creating environment hook '/home/yehosua/Zayolin-kuekuechti/ros2_ws/install/vision/share/vision/hook/ament_prefix_path.sh'
[1.284s] INFO:colcon.colcon_core.shell:Skip shell extension 'powershell' for command environment: Not usable outside of PowerShell
[1.284s] DEBUG:colcon.colcon_core.shell:Skip shell extension 'dsv' for command environment
[1.286s] INFO:colcon.colcon_ros.task.ament_python.build:Building ROS package in '/home/yehosua/Zayolin-kuekuechti/ros2_ws/src/voice' with build type 'ament_python'
[1.286s] Level 1:colcon.colcon_core.shell:create_environment_hook('voice', 'ament_prefix_path')
[1.287s] INFO:colcon.colcon_core.shell:Creating environment hook '/home/yehosua/Zayolin-kuekuechti/ros2_ws/install/voice/share/voice/hook/ament_prefix_path.ps1'
[1.289s] INFO:colcon.colcon_core.shell:Creating environment descriptor '/home/yehosua/Zayolin-kuekuechti/ros2_ws/install/voice/share/voice/hook/ament_prefix_path.dsv'
[1.289s] INFO:colcon.colcon_core.shell:Creating environment hook '/home/yehosua/Zayolin-kuekuechti/ros2_ws/install/voice/share/voice/hook/ament_prefix_path.sh'
[1.289s] INFO:colcon.colcon_core.shell:Skip shell extension 'powershell' for command environment: Not usable outside of PowerShell
[1.290s] DEBUG:colcon.colcon_core.shell:Skip shell extension 'dsv' for command environment
[1.542s] INFO:colcon.colcon_core.task.python.build:Building Python package in '/home/yehosua/Zayolin-kuekuechti/ros2_ws/src/flie'
[1.543s] INFO:colcon.colcon_core.shell:Skip shell extension 'powershell' for command environment: Not usable outside of PowerShell
[1.543s] DEBUG:colcon.colcon_core.shell:Skip shell extension 'dsv' for command environment
[1.785s] INFO:colcon.colcon_core.task.python.build:Building Python package in '/home/yehosua/Zayolin-kuekuechti/ros2_ws/src/vision'
[1.785s] INFO:colcon.colcon_core.shell:Skip shell extension 'powershell' for command environment: Not usable outside of PowerShell
[1.785s] DEBUG:colcon.colcon_core.shell:Skip shell extension 'dsv' for command environment
[2.025s] INFO:colcon.colcon_core.task.python.build:Building Python package in '/home/yehosua/Zayolin-kuekuechti/ros2_ws/src/voice'
[2.025s] INFO:colcon.colcon_core.shell:Skip shell extension 'powershell' for command environment: Not usable outside of PowerShell
[2.025s] DEBUG:colcon.colcon_core.shell:Skip shell extension 'dsv' for command environment
[2.484s] DEBUG:colcon.colcon_core.event_handler.log_command:Invoking command in '/home/yehosua/Zayolin-kuekuechti/ros2_ws/build/voice': PYTHONPATH=/home/yehosua/Zayolin-kuekuechti/ros2_ws/build/voice/prefix_override:/usr/lib/python3/dist-packages/colcon_core/task/python/colcon_distutils_commands:/home/yehosua/Zayolin-kuekuechti/ros2_ws/install/voice/lib/python3.10/site-packages:${PYTHONPATH} /usr/bin/python3 -W ignore:setup.py install is deprecated -W ignore:easy_install command is deprecated setup.py develop --editable --build-directory /home/yehosua/Zayolin-kuekuechti/ros2_ws/build/voice/build --no-deps symlink_data
[2.491s] DEBUG:colcon.colcon_core.event_handler.log_command:Invoking command in '/home/yehosua/Zayolin-kuekuechti/ros2_ws/build/vision': PYTHONPATH=/home/yehosua/Zayolin-kuekuechti/ros2_ws/build/vision/prefix_override:/usr/lib/python3/dist-packages/colcon_core/task/python/colcon_distutils_commands:/home/yehosua/Zayolin-kuekuechti/ros2_ws/install/vision/lib/python3.10/site-packages:${PYTHONPATH} /usr/bin/python3 -W ignore:setup.py install is deprecated -W ignore:easy_install command is deprecated setup.py develop --editable --build-directory /home/yehosua/Zayolin-kuekuechti/ros2_ws/build/vision/build --no-deps symlink_data
[2.496s] DEBUG:colcon.colcon_core.event_handler.log_command:Invoking command in '/home/yehosua/Zayolin-kuekuechti/ros2_ws/build/flie': PYTHONPATH=/home/yehosua/Zayolin-kuekuechti/ros2_ws/build/flie/prefix_override:/usr/lib/python3/dist-packages/colcon_core/task/python/colcon_distutils_commands:/home/yehosua/Zayolin-kuekuechti/ros2_ws/install/flie/lib/python3.10/site-packages:${PYTHONPATH} /usr/bin/python3 -W ignore:setup.py install is deprecated -W ignore:easy_install command is deprecated setup.py develop --editable --build-directory /home/yehosua/Zayolin-kuekuechti/ros2_ws/build/flie/build --no-deps symlink_data
[2.954s] Level 1:colcon.colcon_core.shell:create_environment_hook('voice', 'pythonpath_develop')
[2.954s] INFO:colcon.colcon_core.shell:Creating environment hook '/home/yehosua/Zayolin-kuekuechti/ros2_ws/build/voice/share/voice/hook/pythonpath_develop.ps1'
[2.955s] DEBUG:colcon.colcon_core.event_handler.log_command:Invoked command in '/home/yehosua/Zayolin-kuekuechti/ros2_ws/build/voice' returned '0': PYTHONPATH=/home/yehosua/Zayolin-kuekuechti/ros2_ws/build/voice/prefix_override:/usr/lib/python3/dist-packages/colcon_core/task/python/colcon_distutils_commands:/home/yehosua/Zayolin-kuekuechti/ros2_ws/install/voice/lib/python3.10/site-packages:${PYTHONPATH} /usr/bin/python3 -W ignore:setup.py install is deprecated -W ignore:easy_install command is deprecated setup.py develop --editable --build-directory /home/yehosua/Zayolin-kuekuechti/ros2_ws/build/voice/build --no-deps symlink_data
[2.956s] INFO:colcon.colcon_core.shell:Creating environment descriptor '/home/yehosua/Zayolin-kuekuechti/ros2_ws/build/voice/share/voice/hook/pythonpath_develop.dsv'
[2.956s] INFO:colcon.colcon_core.shell:Creating environment hook '/home/yehosua/Zayolin-kuekuechti/ros2_ws/build/voice/share/voice/hook/pythonpath_develop.sh'
[2.967s] Level 1:colcon.colcon_core.environment:checking '/home/yehosua/Zayolin-kuekuechti/ros2_ws/install/voice' for CMake module files
[2.968s] Level 1:colcon.colcon_core.environment:checking '/home/yehosua/Zayolin-kuekuechti/ros2_ws/install/voice' for CMake config files
[2.969s] Level 1:colcon.colcon_core.environment:checking '/home/yehosua/Zayolin-kuekuechti/ros2_ws/install/voice/lib'
[2.969s] Level 1:colcon.colcon_core.environment:checking '/home/yehosua/Zayolin-kuekuechti/ros2_ws/install/voice/bin'
[2.970s] Level 1:colcon.colcon_core.environment:checking '/home/yehosua/Zayolin-kuekuechti/ros2_ws/install/voice/lib/pkgconfig/voice.pc'
[2.970s] Level 1:colcon.colcon_core.environment:checking '/home/yehosua/Zayolin-kuekuechti/ros2_ws/install/voice/lib/python3.10/site-packages'
[2.970s] Level 1:colcon.colcon_core.shell:create_environment_hook('voice', 'pythonpath')
[2.970s] INFO:colcon.colcon_core.shell:Creating environment hook '/home/yehosua/Zayolin-kuekuechti/ros2_ws/install/voice/share/voice/hook/pythonpath.ps1'
[2.970s] INFO:colcon.colcon_core.shell:Creating environment descriptor '/home/yehosua/Zayolin-kuekuechti/ros2_ws/install/voice/share/voice/hook/pythonpath.dsv'
[2.971s] INFO:colcon.colcon_core.shell:Creating environment hook '/home/yehosua/Zayolin-kuekuechti/ros2_ws/install/voice/share/voice/hook/pythonpath.sh'
[2.971s] Level 1:colcon.colcon_core.environment:checking '/home/yehosua/Zayolin-kuekuechti/ros2_ws/install/voice/bin'
[2.971s] Level 1:colcon.colcon_core.environment:create_environment_scripts_only(voice)
[2.972s] INFO:colcon.colcon_core.shell:Creating package script '/home/yehosua/Zayolin-kuekuechti/ros2_ws/install/voice/share/voice/package.ps1'
[2.973s] INFO:colcon.colcon_core.shell:Creating package descriptor '/home/yehosua/Zayolin-kuekuechti/ros2_ws/install/voice/share/voice/package.dsv'
[2.974s] INFO:colcon.colcon_core.shell:Creating package script '/home/yehosua/Zayolin-kuekuechti/ros2_ws/install/voice/share/voice/package.sh'
[2.975s] INFO:colcon.colcon_core.shell:Creating package script '/home/yehosua/Zayolin-kuekuechti/ros2_ws/install/voice/share/voice/package.bash'
[2.977s] INFO:colcon.colcon_core.shell:Creating package script '/home/yehosua/Zayolin-kuekuechti/ros2_ws/install/voice/share/voice/package.zsh'
[2.978s] Level 1:colcon.colcon_core.environment:create_file_with_runtime_dependencies(/home/yehosua/Zayolin-kuekuechti/ros2_ws/install/voice/share/colcon-core/packages/voice)
[2.980s] Level 1:colcon.colcon_core.shell:create_environment_hook('vision', 'pythonpath_develop')
[2.980s] INFO:colcon.colcon_core.shell:Creating environment hook '/home/yehosua/Zayolin-kuekuechti/ros2_ws/build/vision/share/vision/hook/pythonpath_develop.ps1'
[2.980s] DEBUG:colcon.colcon_core.event_handler.log_command:Invoked command in '/home/yehosua/Zayolin-kuekuechti/ros2_ws/build/vision' returned '0': PYTHONPATH=/home/yehosua/Zayolin-kuekuechti/ros2_ws/build/vision/prefix_override:/usr/lib/python3/dist-packages/colcon_core/task/python/colcon_distutils_commands:/home/yehosua/Zayolin-kuekuechti/ros2_ws/install/vision/lib/python3.10/site-packages:${PYTHONPATH} /usr/bin/python3 -W ignore:setup.py install is deprecated -W ignore:easy_install command is deprecated setup.py develop --editable --build-directory /home/yehosua/Zayolin-kuekuechti/ros2_ws/build/vision/build --no-deps symlink_data
[2.982s] INFO:colcon.colcon_core.shell:Creating environment descriptor '/home/yehosua/Zayolin-kuekuechti/ros2_ws/build/vision/share/vision/hook/pythonpath_develop.dsv'
[2.982s] INFO:colcon.colcon_core.shell:Creating environment hook '/home/yehosua/Zayolin-kuekuechti/ros2_ws/build/vision/share/vision/hook/pythonpath_develop.sh'
[2.983s] Level 1:colcon.colcon_core.environment:checking '/home/yehosua/Zayolin-kuekuechti/ros2_ws/install/vision' for CMake module files
[2.983s] Level 1:colcon.colcon_core.environment:checking '/home/yehosua/Zayolin-kuekuechti/ros2_ws/install/vision' for CMake config files
[2.986s] Level 1:colcon.colcon_core.environment:checking '/home/yehosua/Zayolin-kuekuechti/ros2_ws/install/vision/lib'
[2.986s] Level 1:colcon.colcon_core.environment:checking '/home/yehosua/Zayolin-kuekuechti/ros2_ws/install/vision/bin'
[2.986s] Level 1:colcon.colcon_core.environment:checking '/home/yehosua/Zayolin-kuekuechti/ros2_ws/install/vision/lib/pkgconfig/vision.pc'
[2.986s] Level 1:colcon.colcon_core.environment:checking '/home/yehosua/Zayolin-kuekuechti/ros2_ws/install/vision/lib/python3.10/site-packages'
[2.986s] Level 1:colcon.colcon_core.shell:create_environment_hook('vision', 'pythonpath')
[2.986s] INFO:colcon.colcon_core.shell:Creating environment hook '/home/yehosua/Zayolin-kuekuechti/ros2_ws/install/vision/share/vision/hook/pythonpath.ps1'
[2.987s] INFO:colcon.colcon_core.shell:Creating environment descriptor '/home/yehosua/Zayolin-kuekuechti/ros2_ws/install/vision/share/vision/hook/pythonpath.dsv'
[2.987s] INFO:colcon.colcon_core.shell:Creating environment hook '/home/yehosua/Zayolin-kuekuechti/ros2_ws/install/vision/share/vision/hook/pythonpath.sh'
[2.988s] Level 1:colcon.colcon_core.environment:checking '/home/yehosua/Zayolin-kuekuechti/ros2_ws/install/vision/bin'
[2.988s] Level 1:colcon.colcon_core.environment:create_environment_scripts_only(vision)
[2.988s] INFO:colcon.colcon_core.shell:Creating package script '/home/yehosua/Zayolin-kuekuechti/ros2_ws/install/vision/share/vision/package.ps1'
[2.989s] INFO:colcon.colcon_core.shell:Creating package descriptor '/home/yehosua/Zayolin-kuekuechti/ros2_ws/install/vision/share/vision/package.dsv'
[2.989s] INFO:colcon.colcon_core.shell:Creating package script '/home/yehosua/Zayolin-kuekuechti/ros2_ws/install/vision/share/vision/package.sh'
[2.989s] INFO:colcon.colcon_core.shell:Creating package script '/home/yehosua/Zayolin-kuekuechti/ros2_ws/install/vision/share/vision/package.bash'
[2.990s] INFO:colcon.colcon_core.shell:Creating package script '/home/yehosua/Zayolin-kuekuechti/ros2_ws/install/vision/share/vision/package.zsh'
[2.990s] Level 1:colcon.colcon_core.environment:create_file_with_runtime_dependencies(/home/yehosua/Zayolin-kuekuechti/ros2_ws/install/vision/share/colcon-core/packages/vision)
[2.990s] Level 1:colcon.colcon_core.shell:create_environment_hook('flie', 'pythonpath_develop')
[2.990s] INFO:colcon.colcon_core.shell:Creating environment hook '/home/yehosua/Zayolin-kuekuechti/ros2_ws/build/flie/share/flie/hook/pythonpath_develop.ps1'
[2.991s] DEBUG:colcon.colcon_core.event_handler.log_command:Invoked command in '/home/yehosua/Zayolin-kuekuechti/ros2_ws/build/flie' returned '0': PYTHONPATH=/home/yehosua/Zayolin-kuekuechti/ros2_ws/build/flie/prefix_override:/usr/lib/python3/dist-packages/colcon_core/task/python/colcon_distutils_commands:/home/yehosua/Zayolin-kuekuechti/ros2_ws/install/flie/lib/python3.10/site-packages:${PYTHONPATH} /usr/bin/python3 -W ignore:setup.py install is deprecated -W ignore:easy_install command is deprecated setup.py develop --editable --build-directory /home/yehosua/Zayolin-kuekuechti/ros2_ws/build/flie/build --no-deps symlink_data
[2.993s] INFO:colcon.colcon_core.shell:Creating environment descriptor '/home/yehosua/Zayolin-kuekuechti/ros2_ws/build/flie/share/flie/hook/pythonpath_develop.dsv'
[2.993s] INFO:colcon.colcon_core.shell:Creating environment hook '/home/yehosua/Zayolin-kuekuechti/ros2_ws/build/flie/share/flie/hook/pythonpath_develop.sh'
[2.993s] Level 1:colcon.colcon_core.environment:checking '/home/yehosua/Zayolin-kuekuechti/ros2_ws/install/flie' for CMake module files
[2.994s] Level 1:colcon.colcon_core.environment:checking '/home/yehosua/Zayolin-kuekuechti/ros2_ws/install/flie' for CMake config files
[2.996s] Level 1:colcon.colcon_core.environment:checking '/home/yehosua/Zayolin-kuekuechti/ros2_ws/install/flie/lib'
[2.996s] Level 1:colcon.colcon_core.environment:checking '/home/yehosua/Zayolin-kuekuechti/ros2_ws/install/flie/bin'
[2.996s] Level 1:colcon.colcon_core.environment:checking '/home/yehosua/Zayolin-kuekuechti/ros2_ws/install/flie/lib/pkgconfig/flie.pc'
[2.996s] Level 1:colcon.colcon_core.environment:checking '/home/yehosua/Zayolin-kuekuechti/ros2_ws/install/flie/lib/python3.10/site-packages'
[2.996s] Level 1:colcon.colcon_core.shell:create_environment_hook('flie', 'pythonpath')
[2.997s] INFO:colcon.colcon_core.shell:Creating environment hook '/home/yehosua/Zayolin-kuekuechti/ros2_ws/install/flie/share/flie/hook/pythonpath.ps1'
[2.997s] INFO:colcon.colcon_core.shell:Creating environment descriptor '/home/yehosua/Zayolin-kuekuechti/ros2_ws/install/flie/share/flie/hook/pythonpath.dsv'
[2.997s] INFO:colcon.colcon_core.shell:Creating environment hook '/home/yehosua/Zayolin-kuekuechti/ros2_ws/install/flie/share/flie/hook/pythonpath.sh'
[2.998s] Level 1:colcon.colcon_core.environment:checking '/home/yehosua/Zayolin-kuekuechti/ros2_ws/install/flie/bin'
[2.998s] Level 1:colcon.colcon_core.environment:create_environment_scripts_only(flie)
[2.998s] INFO:colcon.colcon_core.shell:Creating package script '/home/yehosua/Zayolin-kuekuechti/ros2_ws/install/flie/share/flie/package.ps1'
[2.999s] INFO:colcon.colcon_core.shell:Creating package descriptor '/home/yehosua/Zayolin-kuekuechti/ros2_ws/install/flie/share/flie/package.dsv'
[2.999s] INFO:colcon.colcon_core.shell:Creating package script '/home/yehosua/Zayolin-kuekuechti/ros2_ws/install/flie/share/flie/package.sh'
[3.000s] INFO:colcon.colcon_core.shell:Creating package script '/home/yehosua/Zayolin-kuekuechti/ros2_ws/install/flie/share/flie/package.bash'
[3.000s] INFO:colcon.colcon_core.shell:Creating package script '/home/yehosua/Zayolin-kuekuechti/ros2_ws/install/flie/share/flie/package.zsh'
[3.000s] Level 1:colcon.colcon_core.environment:create_file_with_runtime_dependencies(/home/yehosua/Zayolin-kuekuechti/ros2_ws/install/flie/share/colcon-core/packages/flie)
[3.000s] DEBUG:colcon.colcon_parallel_executor.executor.parallel:closing loop
[3.001s] DEBUG:colcon.colcon_parallel_executor.executor.parallel:loop closed
[3.001s] DEBUG:colcon.colcon_parallel_executor.executor.parallel:run_until_complete finished with '0'
[3.001s] DEBUG:colcon.colcon_core.event_reactor:joining thread
[3.008s] INFO:colcon.colcon_core.plugin_system:Skipping extension 'colcon_notification.desktop_notification.terminal_notifier': Not used on non-Darwin systems
[3.008s] INFO:colcon.colcon_core.plugin_system:Skipping extension 'colcon_notification.desktop_notification.win32': Not used on non-Windows systems
[3.008s] INFO:colcon.colcon_notification.desktop_notification:Sending desktop notification using 'notify2'
[3.020s] DEBUG:colcon.colcon_core.event_reactor:joined thread
[3.021s] INFO:colcon.colcon_core.shell:Creating prefix script '/home/yehosua/Zayolin-kuekuechti/ros2_ws/install/local_setup.ps1'
[3.022s] INFO:colcon.colcon_core.shell:Creating prefix util module '/home/yehosua/Zayolin-kuekuechti/ros2_ws/install/_local_setup_util_ps1.py'
[3.024s] INFO:colcon.colcon_core.shell:Creating prefix chain script '/home/yehosua/Zayolin-kuekuechti/ros2_ws/install/setup.ps1'
[3.026s] INFO:colcon.colcon_core.shell:Creating prefix script '/home/yehosua/Zayolin-kuekuechti/ros2_ws/install/local_setup.sh'
[3.027s] INFO:colcon.colcon_core.shell:Creating prefix util module '/home/yehosua/Zayolin-kuekuechti/ros2_ws/install/_local_setup_util_sh.py'
[3.027s] INFO:colcon.colcon_core.shell:Creating prefix chain script '/home/yehosua/Zayolin-kuekuechti/ros2_ws/install/setup.sh'
[3.029s] INFO:colcon.colcon_core.shell:Creating prefix script '/home/yehosua/Zayolin-kuekuechti/ros2_ws/install/local_setup.bash'
[3.031s] INFO:colcon.colcon_core.shell:Creating prefix chain script '/home/yehosua/Zayolin-kuekuechti/ros2_ws/install/setup.bash'
[3.032s] INFO:colcon.colcon_core.shell:Creating prefix script '/home/yehosua/Zayolin-kuekuechti/ros2_ws/install/local_setup.zsh'
[3.033s] INFO:colcon.colcon_core.shell:Creating prefix chain script '/home/yehosua/Zayolin-kuekuechti/ros2_ws/install/setup.zsh'
