[0.687s] Invoking command in '/home/yehousa/Zayolin-kuekuechti/ros2_ws/src/vision': PYTHONPATH=/home/yehousa/Zayolin-kuekuechti/ros2_ws/build/vision/prefix_override:/usr/lib/python3/dist-packages/colcon_core/task/python/colcon_distutils_commands:/home/yehousa/Zayolin-kuekuechti/ros2_ws/install/vision/lib/python3.10/site-packages:${PYTHONPATH} /usr/bin/python3 -W ignore:setup.py install is deprecated -W ignore:easy_install command is deprecated setup.py egg_info --egg-base ../../build/vision build --build-base /home/yehousa/Zayolin-kuekuechti/ros2_ws/build/vision/build install --record /home/yehousa/Zayolin-kuekuechti/ros2_ws/build/vision/install.log --single-version-externally-managed install_data
[0.865s] running egg_info
[0.868s] writing ../../build/vision/vision.egg-info/PKG-INFO
[0.869s] writing dependency_links to ../../build/vision/vision.egg-info/dependency_links.txt
[0.869s] writing entry points to ../../build/vision/vision.egg-info/entry_points.txt
[0.869s] writing requirements to ../../build/vision/vision.egg-info/requires.txt
[0.869s] writing top-level names to ../../build/vision/vision.egg-info/top_level.txt
[0.870s] reading manifest file '../../build/vision/vision.egg-info/SOURCES.txt'
[0.870s] writing manifest file '../../build/vision/vision.egg-info/SOURCES.txt'
[0.871s] running build
[0.871s] running build_py
[0.871s] copying vision/object_detector.py -> /home/yehousa/Zayolin-kuekuechti/ros2_ws/build/vision/build/lib/vision
[0.871s] running install
[0.871s] running install_lib
[0.872s] copying /home/yehousa/Zayolin-kuekuechti/ros2_ws/build/vision/build/lib/vision/object_detector.py -> /home/yehousa/Zayolin-kuekuechti/ros2_ws/install/vision/lib/python3.10/site-packages/vision
[0.872s] byte-compiling /home/yehousa/Zayolin-kuekuechti/ros2_ws/install/vision/lib/python3.10/site-packages/vision/object_detector.py to object_detector.cpython-310.pyc
[0.873s] running install_data
[0.873s] running install_egg_info
[0.875s] removing '/home/yehousa/Zayolin-kuekuechti/ros2_ws/install/vision/lib/python3.10/site-packages/vision-0.0.0-py3.10.egg-info' (and everything under it)
[0.875s] Copying ../../build/vision/vision.egg-info to /home/yehousa/Zayolin-kuekuechti/ros2_ws/install/vision/lib/python3.10/site-packages/vision-0.0.0-py3.10.egg-info
[0.875s] running install_scripts
[0.890s] Installing object_detector script to /home/yehousa/Zayolin-kuekuechti/ros2_ws/install/vision/lib/vision
[0.891s] writing list of installed files to '/home/yehousa/Zayolin-kuekuechti/ros2_ws/build/vision/install.log'
[0.924s] Invoked command in '/home/yehousa/Zayolin-kuekuechti/ros2_ws/src/vision' returned '0': PYTHONPATH=/home/yehousa/Zayolin-kuekuechti/ros2_ws/build/vision/prefix_override:/usr/lib/python3/dist-packages/colcon_core/task/python/colcon_distutils_commands:/home/yehousa/Zayolin-kuekuechti/ros2_ws/install/vision/lib/python3.10/site-packages:${PYTHONPATH} /usr/bin/python3 -W ignore:setup.py install is deprecated -W ignore:easy_install command is deprecated setup.py egg_info --egg-base ../../build/vision build --build-base /home/yehousa/Zayolin-kuekuechti/ros2_ws/build/vision/build install --record /home/yehousa/Zayolin-kuekuechti/ros2_ws/build/vision/install.log --single-version-externally-managed install_data
