[0.105s] DEBUG:colcon:Command line arguments: ['/usr/bin/colcon', 'build', '--symlink-install']
[0.105s] DEBUG:colcon:Parsed command line arguments: Namespace(log_base=None, log_level=None, verb_name='build', build_base='build', install_base='install', merge_install=False, symlink_install=True, test_result_base=None, continue_on_error=False, executor='parallel', parallel_workers=6, event_handlers=None, ignore_user_meta=False, metas=['./colcon.meta'], base_paths=['.'], packages_ignore=None, packages_ignore_regex=None, paths=None, packages_up_to=None, packages_up_to_regex=None, packages_above=None, packages_above_and_dependencies=None, packages_above_depth=None, packages_select_by_dep=None, packages_skip_by_dep=None, packages_skip_up_to=None, packages_select_build_failed=False, packages_skip_build_finished=False, packages_select_test_failures=False, packages_skip_test_passed=False, packages_select=None, packages_skip=None, packages_select_regex=None, packages_skip_regex=None, packages_start=None, packages_end=None, allow_overriding=[], cmake_args=None, cmake_target=None, cmake_target_skip_unavailable=False, cmake_clean_cache=False, cmake_clean_first=False, cmake_force_configure=False, ament_cmake_args=None, catkin_cmake_args=None, catkin_skip_building_tests=False, mixin_files=None, mixin=None, verb_parser=<colcon_mixin.mixin.mixin_argument.MixinArgumentDecorator object at 0x78eec0357d60>, verb_extension=<colcon_core.verb.build.BuildVerb object at 0x78eec0357340>, main=<bound method BuildVerb.main of <colcon_core.verb.build.BuildVerb object at 0x78eec0357340>>, mixin_verb=('build',))
[0.271s] Level 1:colcon.colcon_core.package_discovery:discover_packages(colcon_meta) check parameters
[0.271s] Level 1:colcon.colcon_core.package_discovery:discover_packages(recursive) check parameters
[0.271s] Level 1:colcon.colcon_core.package_discovery:discover_packages(ignore) check parameters
[0.272s] Level 1:colcon.colcon_core.package_discovery:discover_packages(path) check parameters
[0.272s] Level 1:colcon.colcon_core.package_discovery:discover_packages(colcon_meta) discover
[0.272s] Level 1:colcon.colcon_core.package_discovery:discover_packages(recursive) discover
[0.272s] INFO:colcon.colcon_core.package_discovery:Crawling recursively for packages in '/home/yehosua/Zayolin-kuekuechti/ros2_ws'
[0.272s] Level 1:colcon.colcon_core.package_identification:_identify(.) by extensions ['ignore', 'ignore_ament_install']
[0.272s] Level 1:colcon.colcon_core.package_identification:_identify(.) by extension 'ignore'
[0.272s] Level 1:colcon.colcon_core.package_identification:_identify(.) by extension 'ignore_ament_install'
[0.272s] Level 1:colcon.colcon_core.package_identification:_identify(.) by extensions ['colcon_pkg']
[0.272s] Level 1:colcon.colcon_core.package_identification:_identify(.) by extension 'colcon_pkg'
[0.272s] Level 1:colcon.colcon_core.package_identification:_identify(.) by extensions ['colcon_meta']
[0.272s] Level 1:colcon.colcon_core.package_identification:_identify(.) by extension 'colcon_meta'
[0.272s] Level 1:colcon.colcon_core.package_identification:_identify(.) by extensions ['ros']
[0.272s] Level 1:colcon.colcon_core.package_identification:_identify(.) by extension 'ros'
[0.306s] Level 1:colcon.colcon_core.package_identification:_identify(.) by extensions ['cmake', 'python']
[0.306s] Level 1:colcon.colcon_core.package_identification:_identify(.) by extension 'cmake'
[0.307s] Level 1:colcon.colcon_core.package_identification:_identify(.) by extension 'python'
[0.307s] Level 1:colcon.colcon_core.package_identification:_identify(.) by extensions ['python_setup_py']
[0.307s] Level 1:colcon.colcon_core.package_identification:_identify(.) by extension 'python_setup_py'
[0.307s] Level 1:colcon.colcon_core.package_identification:_identify(build) by extensions ['ignore', 'ignore_ament_install']
[0.307s] Level 1:colcon.colcon_core.package_identification:_identify(build) by extension 'ignore'
[0.307s] Level 1:colcon.colcon_core.package_identification:_identify(build) ignored
[0.307s] Level 1:colcon.colcon_core.package_identification:_identify(cache) by extensions ['ignore', 'ignore_ament_install']
[0.307s] Level 1:colcon.colcon_core.package_identification:_identify(cache) by extension 'ignore'
[0.307s] Level 1:colcon.colcon_core.package_identification:_identify(cache) by extension 'ignore_ament_install'
[0.307s] Level 1:colcon.colcon_core.package_identification:_identify(cache) by extensions ['colcon_pkg']
[0.307s] Level 1:colcon.colcon_core.package_identification:_identify(cache) by extension 'colcon_pkg'
[0.307s] Level 1:colcon.colcon_core.package_identification:_identify(cache) by extensions ['colcon_meta']
[0.307s] Level 1:colcon.colcon_core.package_identification:_identify(cache) by extension 'colcon_meta'
[0.307s] Level 1:colcon.colcon_core.package_identification:_identify(cache) by extensions ['ros']
[0.307s] Level 1:colcon.colcon_core.package_identification:_identify(cache) by extension 'ros'
[0.307s] Level 1:colcon.colcon_core.package_identification:_identify(cache) by extensions ['cmake', 'python']
[0.307s] Level 1:colcon.colcon_core.package_identification:_identify(cache) by extension 'cmake'
[0.307s] Level 1:colcon.colcon_core.package_identification:_identify(cache) by extension 'python'
[0.307s] Level 1:colcon.colcon_core.package_identification:_identify(cache) by extensions ['python_setup_py']
[0.308s] Level 1:colcon.colcon_core.package_identification:_identify(cache) by extension 'python_setup_py'
[0.308s] Level 1:colcon.colcon_core.package_identification:_identify(install) by extensions ['ignore', 'ignore_ament_install']
[0.308s] Level 1:colcon.colcon_core.package_identification:_identify(install) by extension 'ignore'
[0.308s] Level 1:colcon.colcon_core.package_identification:_identify(install) ignored
[0.308s] Level 1:colcon.colcon_core.package_identification:_identify(log) by extensions ['ignore', 'ignore_ament_install']
[0.308s] Level 1:colcon.colcon_core.package_identification:_identify(log) by extension 'ignore'
[0.308s] Level 1:colcon.colcon_core.package_identification:_identify(log) ignored
[0.308s] Level 1:colcon.colcon_core.package_identification:_identify(src) by extensions ['ignore', 'ignore_ament_install']
[0.308s] Level 1:colcon.colcon_core.package_identification:_identify(src) by extension 'ignore'
[0.308s] Level 1:colcon.colcon_core.package_identification:_identify(src) by extension 'ignore_ament_install'
[0.308s] Level 1:colcon.colcon_core.package_identification:_identify(src) by extensions ['colcon_pkg']
[0.308s] Level 1:colcon.colcon_core.package_identification:_identify(src) by extension 'colcon_pkg'
[0.308s] Level 1:colcon.colcon_core.package_identification:_identify(src) by extensions ['colcon_meta']
[0.308s] Level 1:colcon.colcon_core.package_identification:_identify(src) by extension 'colcon_meta'
[0.308s] Level 1:colcon.colcon_core.package_identification:_identify(src) by extensions ['ros']
[0.308s] Level 1:colcon.colcon_core.package_identification:_identify(src) by extension 'ros'
[0.308s] Level 1:colcon.colcon_core.package_identification:_identify(src) by extensions ['cmake', 'python']
[0.309s] Level 1:colcon.colcon_core.package_identification:_identify(src) by extension 'cmake'
[0.309s] Level 1:colcon.colcon_core.package_identification:_identify(src) by extension 'python'
[0.309s] Level 1:colcon.colcon_core.package_identification:_identify(src) by extensions ['python_setup_py']
[0.309s] Level 1:colcon.colcon_core.package_identification:_identify(src) by extension 'python_setup_py'
[0.309s] Level 1:colcon.colcon_core.package_identification:_identify(src/flie) by extensions ['ignore', 'ignore_ament_install']
[0.309s] Level 1:colcon.colcon_core.package_identification:_identify(src/flie) by extension 'ignore'
[0.309s] Level 1:colcon.colcon_core.package_identification:_identify(src/flie) by extension 'ignore_ament_install'
[0.309s] Level 1:colcon.colcon_core.package_identification:_identify(src/flie) by extensions ['colcon_pkg']
[0.309s] Level 1:colcon.colcon_core.package_identification:_identify(src/flie) by extension 'colcon_pkg'
[0.309s] Level 1:colcon.colcon_core.package_identification:_identify(src/flie) by extensions ['colcon_meta']
[0.309s] Level 1:colcon.colcon_core.package_identification:_identify(src/flie) by extension 'colcon_meta'
[0.309s] Level 1:colcon.colcon_core.package_identification:_identify(src/flie) by extensions ['ros']
[0.309s] Level 1:colcon.colcon_core.package_identification:_identify(src/flie) by extension 'ros'
[0.311s] DEBUG:colcon.colcon_core.package_identification:Package 'src/flie' with type 'ros.ament_python' and name 'flie'
[0.311s] Level 1:colcon.colcon_core.package_identification:_identify(src/vision) by extensions ['ignore', 'ignore_ament_install']
[0.311s] Level 1:colcon.colcon_core.package_identification:_identify(src/vision) by extension 'ignore'
[0.311s] Level 1:colcon.colcon_core.package_identification:_identify(src/vision) by extension 'ignore_ament_install'
[0.311s] Level 1:colcon.colcon_core.package_identification:_identify(src/vision) by extensions ['colcon_pkg']
[0.311s] Level 1:colcon.colcon_core.package_identification:_identify(src/vision) by extension 'colcon_pkg'
[0.311s] Level 1:colcon.colcon_core.package_identification:_identify(src/vision) by extensions ['colcon_meta']
[0.312s] Level 1:colcon.colcon_core.package_identification:_identify(src/vision) by extension 'colcon_meta'
[0.312s] Level 1:colcon.colcon_core.package_identification:_identify(src/vision) by extensions ['ros']
[0.312s] Level 1:colcon.colcon_core.package_identification:_identify(src/vision) by extension 'ros'
[0.312s] DEBUG:colcon.colcon_core.package_identification:Package 'src/vision' with type 'ros.ament_python' and name 'vision'
[0.312s] Level 1:colcon.colcon_core.package_identification:_identify(src/voice) by extensions ['ignore', 'ignore_ament_install']
[0.312s] Level 1:colcon.colcon_core.package_identification:_identify(src/voice) by extension 'ignore'
[0.312s] Level 1:colcon.colcon_core.package_identification:_identify(src/voice) by extension 'ignore_ament_install'
[0.312s] Level 1:colcon.colcon_core.package_identification:_identify(src/voice) by extensions ['colcon_pkg']
[0.312s] Level 1:colcon.colcon_core.package_identification:_identify(src/voice) by extension 'colcon_pkg'
[0.312s] Level 1:colcon.colcon_core.package_identification:_identify(src/voice) by extensions ['colcon_meta']
[0.312s] Level 1:colcon.colcon_core.package_identification:_identify(src/voice) by extension 'colcon_meta'
[0.312s] Level 1:colcon.colcon_core.package_identification:_identify(src/voice) by extensions ['ros']
[0.312s] Level 1:colcon.colcon_core.package_identification:_identify(src/voice) by extension 'ros'
[0.313s] DEBUG:colcon.colcon_core.package_identification:Package 'src/voice' with type 'ros.ament_python' and name 'voice'
[0.313s] Level 1:colcon.colcon_core.package_identification:_identify(weights) by extensions ['ignore', 'ignore_ament_install']
[0.313s] Level 1:colcon.colcon_core.package_identification:_identify(weights) by extension 'ignore'
[0.313s] Level 1:colcon.colcon_core.package_identification:_identify(weights) by extension 'ignore_ament_install'
[0.313s] Level 1:colcon.colcon_core.package_identification:_identify(weights) by extensions ['colcon_pkg']
[0.313s] Level 1:colcon.colcon_core.package_identification:_identify(weights) by extension 'colcon_pkg'
[0.313s] Level 1:colcon.colcon_core.package_identification:_identify(weights) by extensions ['colcon_meta']
[0.313s] Level 1:colcon.colcon_core.package_identification:_identify(weights) by extension 'colcon_meta'
[0.314s] Level 1:colcon.colcon_core.package_identification:_identify(weights) by extensions ['ros']
[0.314s] Level 1:colcon.colcon_core.package_identification:_identify(weights) by extension 'ros'
[0.314s] Level 1:colcon.colcon_core.package_identification:_identify(weights) by extensions ['cmake', 'python']
[0.314s] Level 1:colcon.colcon_core.package_identification:_identify(weights) by extension 'cmake'
[0.314s] Level 1:colcon.colcon_core.package_identification:_identify(weights) by extension 'python'
[0.314s] Level 1:colcon.colcon_core.package_identification:_identify(weights) by extensions ['python_setup_py']
[0.314s] Level 1:colcon.colcon_core.package_identification:_identify(weights) by extension 'python_setup_py'
[0.314s] Level 1:colcon.colcon_core.package_identification:_identify(weights/Landing_Train) by extensions ['ignore', 'ignore_ament_install']
[0.314s] Level 1:colcon.colcon_core.package_identification:_identify(weights/Landing_Train) by extension 'ignore'
[0.314s] Level 1:colcon.colcon_core.package_identification:_identify(weights/Landing_Train) by extension 'ignore_ament_install'
[0.314s] Level 1:colcon.colcon_core.package_identification:_identify(weights/Landing_Train) by extensions ['colcon_pkg']
[0.314s] Level 1:colcon.colcon_core.package_identification:_identify(weights/Landing_Train) by extension 'colcon_pkg'
[0.314s] Level 1:colcon.colcon_core.package_identification:_identify(weights/Landing_Train) by extensions ['colcon_meta']
[0.314s] Level 1:colcon.colcon_core.package_identification:_identify(weights/Landing_Train) by extension 'colcon_meta'
[0.314s] Level 1:colcon.colcon_core.package_identification:_identify(weights/Landing_Train) by extensions ['ros']
[0.314s] Level 1:colcon.colcon_core.package_identification:_identify(weights/Landing_Train) by extension 'ros'
[0.314s] Level 1:colcon.colcon_core.package_identification:_identify(weights/Landing_Train) by extensions ['cmake', 'python']
[0.314s] Level 1:colcon.colcon_core.package_identification:_identify(weights/Landing_Train) by extension 'cmake'
[0.314s] Level 1:colcon.colcon_core.package_identification:_identify(weights/Landing_Train) by extension 'python'
[0.314s] Level 1:colcon.colcon_core.package_identification:_identify(weights/Landing_Train) by extensions ['python_setup_py']
[0.314s] Level 1:colcon.colcon_core.package_identification:_identify(weights/Landing_Train) by extension 'python_setup_py'
[0.314s] Level 1:colcon.colcon_core.package_identification:_identify(weights/crazy_Train) by extensions ['ignore', 'ignore_ament_install']
[0.315s] Level 1:colcon.colcon_core.package_identification:_identify(weights/crazy_Train) by extension 'ignore'
[0.315s] Level 1:colcon.colcon_core.package_identification:_identify(weights/crazy_Train) by extension 'ignore_ament_install'
[0.315s] Level 1:colcon.colcon_core.package_identification:_identify(weights/crazy_Train) by extensions ['colcon_pkg']
[0.315s] Level 1:colcon.colcon_core.package_identification:_identify(weights/crazy_Train) by extension 'colcon_pkg'
[0.315s] Level 1:colcon.colcon_core.package_identification:_identify(weights/crazy_Train) by extensions ['colcon_meta']
[0.315s] Level 1:colcon.colcon_core.package_identification:_identify(weights/crazy_Train) by extension 'colcon_meta'
[0.315s] Level 1:colcon.colcon_core.package_identification:_identify(weights/crazy_Train) by extensions ['ros']
[0.315s] Level 1:colcon.colcon_core.package_identification:_identify(weights/crazy_Train) by extension 'ros'
[0.315s] Level 1:colcon.colcon_core.package_identification:_identify(weights/crazy_Train) by extensions ['cmake', 'python']
[0.315s] Level 1:colcon.colcon_core.package_identification:_identify(weights/crazy_Train) by extension 'cmake'
[0.315s] Level 1:colcon.colcon_core.package_identification:_identify(weights/crazy_Train) by extension 'python'
[0.315s] Level 1:colcon.colcon_core.package_identification:_identify(weights/crazy_Train) by extensions ['python_setup_py']
[0.315s] Level 1:colcon.colcon_core.package_identification:_identify(weights/crazy_Train) by extension 'python_setup_py'
[0.315s] Level 1:colcon.colcon_core.package_identification:_identify(weights/red_Train) by extensions ['ignore', 'ignore_ament_install']
[0.315s] Level 1:colcon.colcon_core.package_identification:_identify(weights/red_Train) by extension 'ignore'
[0.315s] Level 1:colcon.colcon_core.package_identification:_identify(weights/red_Train) by extension 'ignore_ament_install'
[0.315s] Level 1:colcon.colcon_core.package_identification:_identify(weights/red_Train) by extensions ['colcon_pkg']
[0.315s] Level 1:colcon.colcon_core.package_identification:_identify(weights/red_Train) by extension 'colcon_pkg'
[0.315s] Level 1:colcon.colcon_core.package_identification:_identify(weights/red_Train) by extensions ['colcon_meta']
[0.315s] Level 1:colcon.colcon_core.package_identification:_identify(weights/red_Train) by extension 'colcon_meta'
[0.315s] Level 1:colcon.colcon_core.package_identification:_identify(weights/red_Train) by extensions ['ros']
[0.315s] Level 1:colcon.colcon_core.package_identification:_identify(weights/red_Train) by extension 'ros'
[0.315s] Level 1:colcon.colcon_core.package_identification:_identify(weights/red_Train) by extensions ['cmake', 'python']
[0.315s] Level 1:colcon.colcon_core.package_identification:_identify(weights/red_Train) by extension 'cmake'
[0.316s] Level 1:colcon.colcon_core.package_identification:_identify(weights/red_Train) by extension 'python'
[0.316s] Level 1:colcon.colcon_core.package_identification:_identify(weights/red_Train) by extensions ['python_setup_py']
[0.316s] Level 1:colcon.colcon_core.package_identification:_identify(weights/red_Train) by extension 'python_setup_py'
[0.316s] Level 1:colcon.colcon_core.package_discovery:discover_packages(recursive) using defaults
[0.316s] Level 1:colcon.colcon_core.package_discovery:discover_packages(ignore) discover
[0.316s] Level 1:colcon.colcon_core.package_discovery:discover_packages(ignore) using defaults
[0.316s] Level 1:colcon.colcon_core.package_discovery:discover_packages(path) discover
[0.316s] Level 1:colcon.colcon_core.package_discovery:discover_packages(path) using defaults
[0.334s] Level 1:colcon.colcon_core.package_discovery:discover_packages(prefix_path) check parameters
[0.334s] Level 1:colcon.colcon_core.package_discovery:discover_packages(prefix_path) discover
[0.335s] DEBUG:colcon.colcon_installed_package_information.package_discovery:Found 3 installed packages in /home/yehosua/Zayolin-kuekuechti/ros2_ws/install
[0.336s] DEBUG:colcon.colcon_installed_package_information.package_discovery:Found 276 installed packages in /opt/ros/humble
[0.338s] Level 1:colcon.colcon_core.package_discovery:discover_packages(prefix_path) using defaults
[0.371s] Level 5:colcon.colcon_core.verb:set package 'flie' build argument 'cmake_args' from command line to 'None'
[0.371s] Level 5:colcon.colcon_core.verb:set package 'flie' build argument 'cmake_target' from command line to 'None'
[0.371s] Level 5:colcon.colcon_core.verb:set package 'flie' build argument 'cmake_target_skip_unavailable' from command line to 'False'
[0.371s] Level 5:colcon.colcon_core.verb:set package 'flie' build argument 'cmake_clean_cache' from command line to 'False'
[0.371s] Level 5:colcon.colcon_core.verb:set package 'flie' build argument 'cmake_clean_first' from command line to 'False'
[0.371s] Level 5:colcon.colcon_core.verb:set package 'flie' build argument 'cmake_force_configure' from command line to 'False'
[0.371s] Level 5:colcon.colcon_core.verb:set package 'flie' build argument 'ament_cmake_args' from command line to 'None'
[0.371s] Level 5:colcon.colcon_core.verb:set package 'flie' build argument 'catkin_cmake_args' from command line to 'None'
[0.371s] Level 5:colcon.colcon_core.verb:set package 'flie' build argument 'catkin_skip_building_tests' from command line to 'False'
[0.372s] DEBUG:colcon.colcon_core.verb:Building package 'flie' with the following arguments: {'ament_cmake_args': None, 'build_base': '/home/yehosua/Zayolin-kuekuechti/ros2_ws/build/flie', 'catkin_cmake_args': None, 'catkin_skip_building_tests': False, 'cmake_args': None, 'cmake_clean_cache': False, 'cmake_clean_first': False, 'cmake_force_configure': False, 'cmake_target': None, 'cmake_target_skip_unavailable': False, 'install_base': '/home/yehosua/Zayolin-kuekuechti/ros2_ws/install/flie', 'merge_install': False, 'path': '/home/yehosua/Zayolin-kuekuechti/ros2_ws/src/flie', 'symlink_install': True, 'test_result_base': None}
[0.372s] Level 5:colcon.colcon_core.verb:set package 'vision' build argument 'cmake_args' from command line to 'None'
[0.372s] Level 5:colcon.colcon_core.verb:set package 'vision' build argument 'cmake_target' from command line to 'None'
[0.372s] Level 5:colcon.colcon_core.verb:set package 'vision' build argument 'cmake_target_skip_unavailable' from command line to 'False'
[0.372s] Level 5:colcon.colcon_core.verb:set package 'vision' build argument 'cmake_clean_cache' from command line to 'False'
[0.372s] Level 5:colcon.colcon_core.verb:set package 'vision' build argument 'cmake_clean_first' from command line to 'False'
[0.372s] Level 5:colcon.colcon_core.verb:set package 'vision' build argument 'cmake_force_configure' from command line to 'False'
[0.372s] Level 5:colcon.colcon_core.verb:set package 'vision' build argument 'ament_cmake_args' from command line to 'None'
[0.372s] Level 5:colcon.colcon_core.verb:set package 'vision' build argument 'catkin_cmake_args' from command line to 'None'
[0.372s] Level 5:colcon.colcon_core.verb:set package 'vision' build argument 'catkin_skip_building_tests' from command line to 'False'
[0.372s] DEBUG:colcon.colcon_core.verb:Building package 'vision' with the following arguments: {'ament_cmake_args': None, 'build_base': '/home/yehosua/Zayolin-kuekuechti/ros2_ws/build/vision', 'catkin_cmake_args': None, 'catkin_skip_building_tests': False, 'cmake_args': None, 'cmake_clean_cache': False, 'cmake_clean_first': False, 'cmake_force_configure': False, 'cmake_target': None, 'cmake_target_skip_unavailable': False, 'install_base': '/home/yehosua/Zayolin-kuekuechti/ros2_ws/install/vision', 'merge_install': False, 'path': '/home/yehosua/Zayolin-kuekuechti/ros2_ws/src/vision', 'symlink_install': True, 'test_result_base': None}
[0.372s] Level 5:colcon.colcon_core.verb:set package 'voice' build argument 'cmake_args' from command line to 'None'
[0.372s] Level 5:colcon.colcon_core.verb:set package 'voice' build argument 'cmake_target' from command line to 'None'
[0.372s] Level 5:colcon.colcon_core.verb:set package 'voice' build argument 'cmake_target_skip_unavailable' from command line to 'False'
[0.372s] Level 5:colcon.colcon_core.verb:set package 'voice' build argument 'cmake_clean_cache' from command line to 'False'
[0.372s] Level 5:colcon.colcon_core.verb:set package 'voice' build argument 'cmake_clean_first' from command line to 'False'
[0.372s] Level 5:colcon.colcon_core.verb:set package 'voice' build argument 'cmake_force_configure' from command line to 'False'
[0.373s] Level 5:colcon.colcon_core.verb:set package 'voice' build argument 'ament_cmake_args' from command line to 'None'
[0.373s] Level 5:colcon.colcon_core.verb:set package 'voice' build argument 'catkin_cmake_args' from command line to 'None'
[0.373s] Level 5:colcon.colcon_core.verb:set package 'voice' build argument 'catkin_skip_building_tests' from command line to 'False'
[0.373s] DEBUG:colcon.colcon_core.verb:Building package 'voice' with the following arguments: {'ament_cmake_args': None, 'build_base': '/home/yehosua/Zayolin-kuekuechti/ros2_ws/build/voice', 'catkin_cmake_args': None, 'catkin_skip_building_tests': False, 'cmake_args': None, 'cmake_clean_cache': False, 'cmake_clean_first': False, 'cmake_force_configure': False, 'cmake_target': None, 'cmake_target_skip_unavailable': False, 'install_base': '/home/yehosua/Zayolin-kuekuechti/ros2_ws/install/voice', 'merge_install': False, 'path': '/home/yehosua/Zayolin-kuekuechti/ros2_ws/src/voice', 'symlink_install': True, 'test_result_base': None}
[0.373s] INFO:colcon.colcon_core.executor:Executing jobs using 'parallel' executor
[0.373s] DEBUG:colcon.colcon_parallel_executor.executor.parallel:run_until_complete
[0.374s] INFO:colcon.colcon_ros.task.ament_python.build:Building ROS package in '/home/yehosua/Zayolin-kuekuechti/ros2_ws/src/flie' with build type 'ament_python'
[0.374s] Level 1:colcon.colcon_core.shell:create_environment_hook('flie', 'ament_prefix_path')
[0.376s] INFO:colcon.colcon_core.plugin_system:Skipping extension 'colcon_core.shell.bat': Not used on non-Windows systems
[0.376s] INFO:colcon.colcon_core.shell:Creating environment hook '/home/yehosua/Zayolin-kuekuechti/ros2_ws/install/flie/share/flie/hook/ament_prefix_path.ps1'
[0.376s] INFO:colcon.colcon_core.shell:Creating environment descriptor '/home/yehosua/Zayolin-kuekuechti/ros2_ws/install/flie/share/flie/hook/ament_prefix_path.dsv'
[0.377s] INFO:colcon.colcon_core.shell:Creating environment hook '/home/yehosua/Zayolin-kuekuechti/ros2_ws/install/flie/share/flie/hook/ament_prefix_path.sh'
[0.377s] INFO:colcon.colcon_core.shell:Skip shell extension 'powershell' for command environment: Not usable outside of PowerShell
[0.377s] DEBUG:colcon.colcon_core.shell:Skip shell extension 'dsv' for command environment
[0.380s] INFO:colcon.colcon_ros.task.ament_python.build:Building ROS package in '/home/yehosua/Zayolin-kuekuechti/ros2_ws/src/vision' with build type 'ament_python'
[0.380s] Level 1:colcon.colcon_core.shell:create_environment_hook('vision', 'ament_prefix_path')
[0.381s] INFO:colcon.colcon_core.shell:Creating environment hook '/home/yehosua/Zayolin-kuekuechti/ros2_ws/install/vision/share/vision/hook/ament_prefix_path.ps1'
[0.381s] INFO:colcon.colcon_core.shell:Creating environment descriptor '/home/yehosua/Zayolin-kuekuechti/ros2_ws/install/vision/share/vision/hook/ament_prefix_path.dsv'
[0.381s] INFO:colcon.colcon_core.shell:Creating environment hook '/home/yehosua/Zayolin-kuekuechti/ros2_ws/install/vision/share/vision/hook/ament_prefix_path.sh'
[0.382s] INFO:colcon.colcon_core.shell:Skip shell extension 'powershell' for command environment: Not usable outside of PowerShell
[0.382s] DEBUG:colcon.colcon_core.shell:Skip shell extension 'dsv' for command environment
[0.384s] INFO:colcon.colcon_ros.task.ament_python.build:Building ROS package in '/home/yehosua/Zayolin-kuekuechti/ros2_ws/src/voice' with build type 'ament_python'
[0.384s] Level 1:colcon.colcon_core.shell:create_environment_hook('voice', 'ament_prefix_path')
[0.385s] INFO:colcon.colcon_core.shell:Creating environment hook '/home/yehosua/Zayolin-kuekuechti/ros2_ws/install/voice/share/voice/hook/ament_prefix_path.ps1'
[0.385s] INFO:colcon.colcon_core.shell:Creating environment descriptor '/home/yehosua/Zayolin-kuekuechti/ros2_ws/install/voice/share/voice/hook/ament_prefix_path.dsv'
[0.385s] INFO:colcon.colcon_core.shell:Creating environment hook '/home/yehosua/Zayolin-kuekuechti/ros2_ws/install/voice/share/voice/hook/ament_prefix_path.sh'
[0.386s] INFO:colcon.colcon_core.shell:Skip shell extension 'powershell' for command environment: Not usable outside of PowerShell
[0.386s] DEBUG:colcon.colcon_core.shell:Skip shell extension 'dsv' for command environment
[0.653s] INFO:colcon.colcon_core.task.python.build:Building Python package in '/home/yehosua/Zayolin-kuekuechti/ros2_ws/src/flie'
[0.653s] INFO:colcon.colcon_core.shell:Skip shell extension 'powershell' for command environment: Not usable outside of PowerShell
[0.653s] DEBUG:colcon.colcon_core.shell:Skip shell extension 'dsv' for command environment
[0.909s] INFO:colcon.colcon_core.task.python.build:Building Python package in '/home/yehosua/Zayolin-kuekuechti/ros2_ws/src/vision'
[0.909s] INFO:colcon.colcon_core.shell:Skip shell extension 'powershell' for command environment: Not usable outside of PowerShell
[0.910s] DEBUG:colcon.colcon_core.shell:Skip shell extension 'dsv' for command environment
[1.170s] INFO:colcon.colcon_core.task.python.build:Building Python package in '/home/yehosua/Zayolin-kuekuechti/ros2_ws/src/voice'
[1.170s] INFO:colcon.colcon_core.shell:Skip shell extension 'powershell' for command environment: Not usable outside of PowerShell
[1.170s] DEBUG:colcon.colcon_core.shell:Skip shell extension 'dsv' for command environment
[1.538s] DEBUG:colcon.colcon_core.event_handler.log_command:Invoking command in '/home/yehosua/Zayolin-kuekuechti/ros2_ws/build/flie': PYTHONPATH=/home/yehosua/Zayolin-kuekuechti/ros2_ws/build/flie/prefix_override:/usr/lib/python3/dist-packages/colcon_core/task/python/colcon_distutils_commands:/home/yehosua/Zayolin-kuekuechti/ros2_ws/install/flie/lib/python3.10/site-packages:${PYTHONPATH} /usr/bin/python3 -W ignore:setup.py install is deprecated -W ignore:easy_install command is deprecated setup.py develop --editable --build-directory /home/yehosua/Zayolin-kuekuechti/ros2_ws/build/flie/build --no-deps symlink_data
[1.542s] DEBUG:colcon.colcon_core.event_handler.log_command:Invoking command in '/home/yehosua/Zayolin-kuekuechti/ros2_ws/build/vision': PYTHONPATH=/home/yehosua/Zayolin-kuekuechti/ros2_ws/build/vision/prefix_override:/usr/lib/python3/dist-packages/colcon_core/task/python/colcon_distutils_commands:/home/yehosua/Zayolin-kuekuechti/ros2_ws/install/vision/lib/python3.10/site-packages:${PYTHONPATH} /usr/bin/python3 -W ignore:setup.py install is deprecated -W ignore:easy_install command is deprecated setup.py develop --editable --build-directory /home/yehosua/Zayolin-kuekuechti/ros2_ws/build/vision/build --no-deps symlink_data
[1.544s] DEBUG:colcon.colcon_core.event_handler.log_command:Invoking command in '/home/yehosua/Zayolin-kuekuechti/ros2_ws/build/voice': PYTHONPATH=/home/yehosua/Zayolin-kuekuechti/ros2_ws/build/voice/prefix_override:/usr/lib/python3/dist-packages/colcon_core/task/python/colcon_distutils_commands:/home/yehosua/Zayolin-kuekuechti/ros2_ws/install/voice/lib/python3.10/site-packages:${PYTHONPATH} /usr/bin/python3 -W ignore:setup.py install is deprecated -W ignore:easy_install command is deprecated setup.py develop --editable --build-directory /home/yehosua/Zayolin-kuekuechti/ros2_ws/build/voice/build --no-deps symlink_data
[2.028s] Level 1:colcon.colcon_core.shell:create_environment_hook('vision', 'pythonpath_develop')
[2.028s] INFO:colcon.colcon_core.shell:Creating environment hook '/home/yehosua/Zayolin-kuekuechti/ros2_ws/build/vision/share/vision/hook/pythonpath_develop.ps1'
[2.029s] DEBUG:colcon.colcon_core.event_handler.log_command:Invoked command in '/home/yehosua/Zayolin-kuekuechti/ros2_ws/build/vision' returned '0': PYTHONPATH=/home/yehosua/Zayolin-kuekuechti/ros2_ws/build/vision/prefix_override:/usr/lib/python3/dist-packages/colcon_core/task/python/colcon_distutils_commands:/home/yehosua/Zayolin-kuekuechti/ros2_ws/install/vision/lib/python3.10/site-packages:${PYTHONPATH} /usr/bin/python3 -W ignore:setup.py install is deprecated -W ignore:easy_install command is deprecated setup.py develop --editable --build-directory /home/yehosua/Zayolin-kuekuechti/ros2_ws/build/vision/build --no-deps symlink_data
[2.029s] INFO:colcon.colcon_core.shell:Creating environment descriptor '/home/yehosua/Zayolin-kuekuechti/ros2_ws/build/vision/share/vision/hook/pythonpath_develop.dsv'
[2.030s] INFO:colcon.colcon_core.shell:Creating environment hook '/home/yehosua/Zayolin-kuekuechti/ros2_ws/build/vision/share/vision/hook/pythonpath_develop.sh'
[2.032s] Level 1:colcon.colcon_core.environment:checking '/home/yehosua/Zayolin-kuekuechti/ros2_ws/install/vision' for CMake module files
[2.032s] Level 1:colcon.colcon_core.environment:checking '/home/yehosua/Zayolin-kuekuechti/ros2_ws/install/vision' for CMake config files
[2.033s] Level 1:colcon.colcon_core.environment:checking '/home/yehosua/Zayolin-kuekuechti/ros2_ws/install/vision/lib'
[2.033s] Level 1:colcon.colcon_core.environment:checking '/home/yehosua/Zayolin-kuekuechti/ros2_ws/install/vision/bin'
[2.033s] Level 1:colcon.colcon_core.environment:checking '/home/yehosua/Zayolin-kuekuechti/ros2_ws/install/vision/lib/pkgconfig/vision.pc'
[2.034s] Level 1:colcon.colcon_core.environment:checking '/home/yehosua/Zayolin-kuekuechti/ros2_ws/install/vision/lib/python3.10/site-packages'
[2.034s] Level 1:colcon.colcon_core.shell:create_environment_hook('vision', 'pythonpath')
[2.034s] INFO:colcon.colcon_core.shell:Creating environment hook '/home/yehosua/Zayolin-kuekuechti/ros2_ws/install/vision/share/vision/hook/pythonpath.ps1'
[2.034s] INFO:colcon.colcon_core.shell:Creating environment descriptor '/home/yehosua/Zayolin-kuekuechti/ros2_ws/install/vision/share/vision/hook/pythonpath.dsv'
[2.035s] INFO:colcon.colcon_core.shell:Creating environment hook '/home/yehosua/Zayolin-kuekuechti/ros2_ws/install/vision/share/vision/hook/pythonpath.sh'
[2.035s] Level 1:colcon.colcon_core.environment:checking '/home/yehosua/Zayolin-kuekuechti/ros2_ws/install/vision/bin'
[2.035s] Level 1:colcon.colcon_core.environment:create_environment_scripts_only(vision)
[2.036s] INFO:colcon.colcon_core.shell:Creating package script '/home/yehosua/Zayolin-kuekuechti/ros2_ws/install/vision/share/vision/package.ps1'
[2.037s] INFO:colcon.colcon_core.shell:Creating package descriptor '/home/yehosua/Zayolin-kuekuechti/ros2_ws/install/vision/share/vision/package.dsv'
[2.037s] INFO:colcon.colcon_core.shell:Creating package script '/home/yehosua/Zayolin-kuekuechti/ros2_ws/install/vision/share/vision/package.sh'
[2.038s] INFO:colcon.colcon_core.shell:Creating package script '/home/yehosua/Zayolin-kuekuechti/ros2_ws/install/vision/share/vision/package.bash'
[2.039s] INFO:colcon.colcon_core.shell:Creating package script '/home/yehosua/Zayolin-kuekuechti/ros2_ws/install/vision/share/vision/package.zsh'
[2.039s] Level 1:colcon.colcon_core.environment:create_file_with_runtime_dependencies(/home/yehosua/Zayolin-kuekuechti/ros2_ws/install/vision/share/colcon-core/packages/vision)
[2.040s] Level 1:colcon.colcon_core.shell:create_environment_hook('flie', 'pythonpath_develop')
[2.040s] INFO:colcon.colcon_core.shell:Creating environment hook '/home/yehosua/Zayolin-kuekuechti/ros2_ws/build/flie/share/flie/hook/pythonpath_develop.ps1'
[2.041s] INFO:colcon.colcon_core.shell:Creating environment descriptor '/home/yehosua/Zayolin-kuekuechti/ros2_ws/build/flie/share/flie/hook/pythonpath_develop.dsv'
[2.041s] DEBUG:colcon.colcon_core.event_handler.log_command:Invoked command in '/home/yehosua/Zayolin-kuekuechti/ros2_ws/build/flie' returned '0': PYTHONPATH=/home/yehosua/Zayolin-kuekuechti/ros2_ws/build/flie/prefix_override:/usr/lib/python3/dist-packages/colcon_core/task/python/colcon_distutils_commands:/home/yehosua/Zayolin-kuekuechti/ros2_ws/install/flie/lib/python3.10/site-packages:${PYTHONPATH} /usr/bin/python3 -W ignore:setup.py install is deprecated -W ignore:easy_install command is deprecated setup.py develop --editable --build-directory /home/yehosua/Zayolin-kuekuechti/ros2_ws/build/flie/build --no-deps symlink_data
[2.041s] INFO:colcon.colcon_core.shell:Creating environment hook '/home/yehosua/Zayolin-kuekuechti/ros2_ws/build/flie/share/flie/hook/pythonpath_develop.sh'
[2.042s] Level 1:colcon.colcon_core.environment:checking '/home/yehosua/Zayolin-kuekuechti/ros2_ws/install/flie' for CMake module files
[2.042s] Level 1:colcon.colcon_core.environment:checking '/home/yehosua/Zayolin-kuekuechti/ros2_ws/install/flie' for CMake config files
[2.043s] Level 1:colcon.colcon_core.environment:checking '/home/yehosua/Zayolin-kuekuechti/ros2_ws/install/flie/lib'
[2.043s] Level 1:colcon.colcon_core.environment:checking '/home/yehosua/Zayolin-kuekuechti/ros2_ws/install/flie/bin'
[2.043s] Level 1:colcon.colcon_core.environment:checking '/home/yehosua/Zayolin-kuekuechti/ros2_ws/install/flie/lib/pkgconfig/flie.pc'
[2.043s] Level 1:colcon.colcon_core.environment:checking '/home/yehosua/Zayolin-kuekuechti/ros2_ws/install/flie/lib/python3.10/site-packages'
[2.043s] Level 1:colcon.colcon_core.shell:create_environment_hook('flie', 'pythonpath')
[2.043s] INFO:colcon.colcon_core.shell:Creating environment hook '/home/yehosua/Zayolin-kuekuechti/ros2_ws/install/flie/share/flie/hook/pythonpath.ps1'
[2.044s] INFO:colcon.colcon_core.shell:Creating environment descriptor '/home/yehosua/Zayolin-kuekuechti/ros2_ws/install/flie/share/flie/hook/pythonpath.dsv'
[2.044s] INFO:colcon.colcon_core.shell:Creating environment hook '/home/yehosua/Zayolin-kuekuechti/ros2_ws/install/flie/share/flie/hook/pythonpath.sh'
[2.044s] Level 1:colcon.colcon_core.environment:checking '/home/yehosua/Zayolin-kuekuechti/ros2_ws/install/flie/bin'
[2.045s] Level 1:colcon.colcon_core.environment:create_environment_scripts_only(flie)
[2.045s] INFO:colcon.colcon_core.shell:Creating package script '/home/yehosua/Zayolin-kuekuechti/ros2_ws/install/flie/share/flie/package.ps1'
[2.045s] INFO:colcon.colcon_core.shell:Creating package descriptor '/home/yehosua/Zayolin-kuekuechti/ros2_ws/install/flie/share/flie/package.dsv'
[2.046s] INFO:colcon.colcon_core.shell:Creating package script '/home/yehosua/Zayolin-kuekuechti/ros2_ws/install/flie/share/flie/package.sh'
[2.046s] INFO:colcon.colcon_core.shell:Creating package script '/home/yehosua/Zayolin-kuekuechti/ros2_ws/install/flie/share/flie/package.bash'
[2.047s] INFO:colcon.colcon_core.shell:Creating package script '/home/yehosua/Zayolin-kuekuechti/ros2_ws/install/flie/share/flie/package.zsh'
[2.047s] Level 1:colcon.colcon_core.environment:create_file_with_runtime_dependencies(/home/yehosua/Zayolin-kuekuechti/ros2_ws/install/flie/share/colcon-core/packages/flie)
[2.056s] Level 1:colcon.colcon_core.shell:create_environment_hook('voice', 'pythonpath_develop')
[2.056s] INFO:colcon.colcon_core.shell:Creating environment hook '/home/yehosua/Zayolin-kuekuechti/ros2_ws/build/voice/share/voice/hook/pythonpath_develop.ps1'
[2.056s] DEBUG:colcon.colcon_core.event_handler.log_command:Invoked command in '/home/yehosua/Zayolin-kuekuechti/ros2_ws/build/voice' returned '0': PYTHONPATH=/home/yehosua/Zayolin-kuekuechti/ros2_ws/build/voice/prefix_override:/usr/lib/python3/dist-packages/colcon_core/task/python/colcon_distutils_commands:/home/yehosua/Zayolin-kuekuechti/ros2_ws/install/voice/lib/python3.10/site-packages:${PYTHONPATH} /usr/bin/python3 -W ignore:setup.py install is deprecated -W ignore:easy_install command is deprecated setup.py develop --editable --build-directory /home/yehosua/Zayolin-kuekuechti/ros2_ws/build/voice/build --no-deps symlink_data
[2.057s] INFO:colcon.colcon_core.shell:Creating environment descriptor '/home/yehosua/Zayolin-kuekuechti/ros2_ws/build/voice/share/voice/hook/pythonpath_develop.dsv'
[2.057s] INFO:colcon.colcon_core.shell:Creating environment hook '/home/yehosua/Zayolin-kuekuechti/ros2_ws/build/voice/share/voice/hook/pythonpath_develop.sh'
[2.058s] Level 1:colcon.colcon_core.environment:checking '/home/yehosua/Zayolin-kuekuechti/ros2_ws/install/voice' for CMake module files
[2.058s] Level 1:colcon.colcon_core.environment:checking '/home/yehosua/Zayolin-kuekuechti/ros2_ws/install/voice' for CMake config files
[2.059s] Level 1:colcon.colcon_core.environment:checking '/home/yehosua/Zayolin-kuekuechti/ros2_ws/install/voice/lib'
[2.059s] Level 1:colcon.colcon_core.environment:checking '/home/yehosua/Zayolin-kuekuechti/ros2_ws/install/voice/bin'
[2.059s] Level 1:colcon.colcon_core.environment:checking '/home/yehosua/Zayolin-kuekuechti/ros2_ws/install/voice/lib/pkgconfig/voice.pc'
[2.059s] Level 1:colcon.colcon_core.environment:checking '/home/yehosua/Zayolin-kuekuechti/ros2_ws/install/voice/lib/python3.10/site-packages'
[2.059s] Level 1:colcon.colcon_core.shell:create_environment_hook('voice', 'pythonpath')
[2.059s] INFO:colcon.colcon_core.shell:Creating environment hook '/home/yehosua/Zayolin-kuekuechti/ros2_ws/install/voice/share/voice/hook/pythonpath.ps1'
[2.060s] INFO:colcon.colcon_core.shell:Creating environment descriptor '/home/yehosua/Zayolin-kuekuechti/ros2_ws/install/voice/share/voice/hook/pythonpath.dsv'
[2.060s] INFO:colcon.colcon_core.shell:Creating environment hook '/home/yehosua/Zayolin-kuekuechti/ros2_ws/install/voice/share/voice/hook/pythonpath.sh'
[2.061s] Level 1:colcon.colcon_core.environment:checking '/home/yehosua/Zayolin-kuekuechti/ros2_ws/install/voice/bin'
[2.061s] Level 1:colcon.colcon_core.environment:create_environment_scripts_only(voice)
[2.061s] INFO:colcon.colcon_core.shell:Creating package script '/home/yehosua/Zayolin-kuekuechti/ros2_ws/install/voice/share/voice/package.ps1'
[2.062s] INFO:colcon.colcon_core.shell:Creating package descriptor '/home/yehosua/Zayolin-kuekuechti/ros2_ws/install/voice/share/voice/package.dsv'
[2.062s] INFO:colcon.colcon_core.shell:Creating package script '/home/yehosua/Zayolin-kuekuechti/ros2_ws/install/voice/share/voice/package.sh'
[2.062s] INFO:colcon.colcon_core.shell:Creating package script '/home/yehosua/Zayolin-kuekuechti/ros2_ws/install/voice/share/voice/package.bash'
[2.063s] INFO:colcon.colcon_core.shell:Creating package script '/home/yehosua/Zayolin-kuekuechti/ros2_ws/install/voice/share/voice/package.zsh'
[2.063s] Level 1:colcon.colcon_core.environment:create_file_with_runtime_dependencies(/home/yehosua/Zayolin-kuekuechti/ros2_ws/install/voice/share/colcon-core/packages/voice)
[2.063s] DEBUG:colcon.colcon_parallel_executor.executor.parallel:closing loop
[2.063s] DEBUG:colcon.colcon_parallel_executor.executor.parallel:loop closed
[2.063s] DEBUG:colcon.colcon_parallel_executor.executor.parallel:run_until_complete finished with '0'
[2.063s] DEBUG:colcon.colcon_core.event_reactor:joining thread
[2.068s] INFO:colcon.colcon_core.plugin_system:Skipping extension 'colcon_notification.desktop_notification.terminal_notifier': Not used on non-Darwin systems
[2.068s] INFO:colcon.colcon_core.plugin_system:Skipping extension 'colcon_notification.desktop_notification.win32': Not used on non-Windows systems
[2.068s] INFO:colcon.colcon_notification.desktop_notification:Sending desktop notification using 'notify2'
[2.078s] DEBUG:colcon.colcon_core.event_reactor:joined thread
[2.078s] INFO:colcon.colcon_core.shell:Creating prefix script '/home/yehosua/Zayolin-kuekuechti/ros2_ws/install/local_setup.ps1'
[2.079s] INFO:colcon.colcon_core.shell:Creating prefix util module '/home/yehosua/Zayolin-kuekuechti/ros2_ws/install/_local_setup_util_ps1.py'
[2.080s] INFO:colcon.colcon_core.shell:Creating prefix chain script '/home/yehosua/Zayolin-kuekuechti/ros2_ws/install/setup.ps1'
[2.081s] INFO:colcon.colcon_core.shell:Creating prefix script '/home/yehosua/Zayolin-kuekuechti/ros2_ws/install/local_setup.sh'
[2.081s] INFO:colcon.colcon_core.shell:Creating prefix util module '/home/yehosua/Zayolin-kuekuechti/ros2_ws/install/_local_setup_util_sh.py'
[2.082s] INFO:colcon.colcon_core.shell:Creating prefix chain script '/home/yehosua/Zayolin-kuekuechti/ros2_ws/install/setup.sh'
[2.083s] INFO:colcon.colcon_core.shell:Creating prefix script '/home/yehosua/Zayolin-kuekuechti/ros2_ws/install/local_setup.bash'
[2.083s] INFO:colcon.colcon_core.shell:Creating prefix chain script '/home/yehosua/Zayolin-kuekuechti/ros2_ws/install/setup.bash'
[2.084s] INFO:colcon.colcon_core.shell:Creating prefix script '/home/yehosua/Zayolin-kuekuechti/ros2_ws/install/local_setup.zsh'
[2.085s] INFO:colcon.colcon_core.shell:Creating prefix chain script '/home/yehosua/Zayolin-kuekuechti/ros2_ws/install/setup.zsh'
